2022-03-26 08:18:49 | INFO | fairseq_cli.train | {'_name': None, 'common': {'_name': None, 'no_progress_bar': False, 'log_interval': 100, 'log_format': None, 'tensorboard_logdir': '/workspace/data/users/zanchangtong1/3_XIE/checkpoints/ace05.mbart.prompt_2.ar_AR/tensorboard', 'wandb_project': None, 'seed': 222, 'cpu': False, 'tpu': False, 'bf16': False, 'memory_efficient_bf16': False, 'fp16': True, 'memory_efficient_fp16': False, 'fp16_no_flatten_grads': False, 'fp16_init_scale': 4, 'fp16_scale_window': 128, 'fp16_scale_tolerance': 0.0, 'min_loss_scale': 0.0001, 'threshold_loss_scale': 1.0, 'user_dir': None, 'empty_cache_freq': 0, 'all_gather_list_size': 16384, 'model_parallel_size': 1, 'quantization_config_path': None, 'profile': False, 'reset_logging': True}, 'common_eval': {'_name': None, 'path': None, 'post_process': None, 'quiet': False, 'model_overrides': '{}', 'results_path': None}, 'distributed_training': {'_name': None, 'distributed_world_size': 1, 'distributed_rank': 0, 'distributed_backend': 'nccl', 'distributed_init_method': None, 'distributed_port': -1, 'device_id': 0, 'distributed_no_spawn': False, 'ddp_backend': 'no_c10d', 'bucket_cap_mb': 25, 'fix_batches_to_gpus': False, 'find_unused_parameters': True, 'fast_stat_sync': False, 'broadcast_buffers': False, 'distributed_wrapper': 'DDP', 'slowmo_momentum': None, 'slowmo_algorithm': 'LocalSGD', 'localsgd_frequency': 3, 'nprocs_per_node': 1, 'pipeline_model_parallel': False, 'pipeline_balance': None, 'pipeline_devices': None, 'pipeline_chunks': 0, 'pipeline_encoder_balance': None, 'pipeline_encoder_devices': None, 'pipeline_decoder_balance': None, 'pipeline_decoder_devices': None, 'pipeline_checkpoint': 'never', 'zero_sharding': 'none', 'tpu': False, 'distributed_num_procs': 1}, 'dataset': {'_name': None, 'num_workers': 1, 'skip_invalid_size_inputs_valid_test': False, 'max_tokens': 4400, 'batch_size': 32, 'required_batch_size_multiple': 1, 'required_seq_len_multiple': 1, 'dataset_impl': None, 'data_buffer_size': 10, 'train_subset': 'train', 'valid_subset': 'valid', 'validate_interval': 1, 'validate_interval_updates': 0, 'validate_after_updates': 0, 'fixed_validation_seed': None, 'disable_validation': False, 'max_tokens_valid': 4400, 'batch_size_valid': 32, 'curriculum': 0, 'gen_subset': 'test', 'num_shards': 1, 'shard_id': 0}, 'optimization': {'_name': None, 'max_epoch': 10, 'max_update': 1018, 'stop_time_hours': 0.0, 'clip_norm': 0.0, 'sentence_avg': False, 'update_freq': [1], 'lr': [1e-05], 'min_lr': -1.0, 'use_bmuf': False}, 'checkpoint': {'_name': None, 'save_dir': '/workspace/data/users/zanchangtong1/3_XIE/checkpoints/ace05.mbart.prompt_2.ar_AR', 'restore_file': '/workspace/data/users/zanchangtong1/mbart.cc25/model.pt', 'finetune_from_model': None, 'reset_dataloader': True, 'reset_lr_scheduler': True, 'reset_meters': True, 'reset_optimizer': True, 'optimizer_overrides': '{}', 'save_interval': 1, 'save_interval_updates': 0, 'keep_interval_updates': -1, 'keep_last_epochs': -1, 'keep_best_checkpoints': -1, 'no_save': False, 'no_epoch_checkpoints': False, 'no_last_checkpoints': False, 'no_save_optimizer_state': False, 'best_checkpoint_metric': 'accuracy', 'maximize_best_checkpoint_metric': True, 'patience': -1, 'checkpoint_suffix': '', 'checkpoint_shard_count': 1, 'model_parallel_size': 1, 'distributed_rank': 0}, 'bmuf': {'_name': None, 'block_lr': 1.0, 'block_momentum': 0.875, 'global_sync_iter': 50, 'warmup_iterations': 500, 'use_nbm': False, 'average_sync': False, 'distributed_world_size': 1}, 'generation': {'_name': None, 'beam': 5, 'nbest': 1, 'max_len_a': 0.0, 'max_len_b': 200, 'min_len': 1, 'match_source_len': False, 'unnormalized': False, 'no_early_stop': False, 'no_beamable_mm': False, 'lenpen': 1.0, 'unkpen': 0.0, 'replace_unk': None, 'sacrebleu': False, 'score_reference': False, 'prefix_size': 0, 'no_repeat_ngram_size': 0, 'sampling': False, 'sampling_topk': -1, 'sampling_topp': -1.0, 'constraints': None, 'temperature': 1.0, 'diverse_beam_groups': -1, 'diverse_beam_strength': 0.5, 'diversity_rate': -1.0, 'print_alignment': False, 'print_step': False, 'lm_path': None, 'lm_weight': 0.0, 'iter_decode_eos_penalty': 0.0, 'iter_decode_max_iter': 10, 'iter_decode_force_max_iter': False, 'iter_decode_with_beam': 1, 'iter_decode_with_external_reranker': False, 'retain_iter_history': False, 'retain_dropout': False, 'retain_dropout_modules': None, 'decoding_format': None, 'no_seed_provided': False}, 'eval_lm': {'_name': None, 'output_word_probs': False, 'output_word_stats': False, 'context_window': 0, 'softmax_batch': 9223372036854775807}, 'interactive': {'_name': None, 'buffer_size': 0, 'input': '-'}, 'model': Namespace(_name='mbart_large', activation_fn='gelu', adam_betas='(0.9, 0.98)', adam_eps=1e-08, adaptive_softmax_cutoff=None, adaptive_softmax_dropout=0, add_prev_output_tokens=True, all_gather_list_size=16384, arch='mbart_large', attention_dropout=0.1, batch_size=32, batch_size_valid=32, best_checkpoint_metric='accuracy', bf16=False, bpe=None, broadcast_buffers=False, bucket_cap_mb=25, checkpoint_shard_count=1, checkpoint_suffix='', classification_head_name='sentence_classification_head', clip_norm=0.0, cpu=False, criterion='sentence_prediction', cross_self_attention=False, curriculum=0, data='/workspace/data/users/zanchangtong1/3_XIE/data_bin/ace05/mbart.prompt_2/Ar/', data_buffer_size=10, dataset_impl=None, ddp_backend='no_c10d', decoder_attention_heads=16, decoder_embed_dim=1024, decoder_embed_path=None, decoder_ffn_embed_dim=4096, decoder_input_dim=1024, decoder_layerdrop=0, decoder_layers=12, decoder_layers_to_keep=None, decoder_learned_pos=True, decoder_normalize_before=True, decoder_output_dim=1024, device_id=0, disable_validation=False, distributed_backend='nccl', distributed_init_method=None, distributed_no_spawn=False, distributed_port=-1, distributed_rank=0, distributed_world_size=1, distributed_wrapper='DDP', dropout=0.1, empty_cache_freq=0, encoder_attention_heads=16, encoder_embed_dim=1024, encoder_embed_path=None, encoder_ffn_embed_dim=4096, encoder_layerdrop=0, encoder_layers=12, encoder_layers_to_keep=None, encoder_learned_pos=True, encoder_normalize_before=True, end_learning_rate=0.0, eos=2, fast_stat_sync=False, find_unused_parameters=True, finetune_from_model=None, fix_batches_to_gpus=False, fixed_validation_seed=None, force_anneal=None, fp16=True, fp16_init_scale=4, fp16_no_flatten_grads=False, fp16_scale_tolerance=0.0, fp16_scale_window=128, gen_subset='test', init_token=0, keep_best_checkpoints=-1, keep_interval_updates=-1, keep_last_epochs=-1, langs='ar_AR,cs_CZ,de_DE,en_XX,es_XX,et_EE,fi_FI,fr_XX,gu_IN,hi_IN,it_IT,ja_XX,kk_KZ,ko_KR,lt_LT,lv_LV,my_MM,ne_NP,nl_XX,ro_RO,ru_RU,si_LK,tr_TR,vi_VN,zh_CN', layernorm_embedding=True, localsgd_frequency=3, log_format=None, log_interval=100, lr=[1e-05], lr_scheduler='polynomial_decay', max_epoch=10, max_source_positions=1024, max_target_positions=1024, max_tokens=4400, max_tokens_valid=4400, max_update=1018, maximize_best_checkpoint_metric=True, memory_efficient_bf16=False, memory_efficient_fp16=False, min_loss_scale=0.0001, min_lr=-1.0, model_parallel_size=1, no_cross_attention=False, no_epoch_checkpoints=False, no_last_checkpoints=False, no_progress_bar=False, no_save=False, no_save_optimizer_state=False, no_scale_embedding=False, no_seed_provided=False, no_shuffle=False, no_token_positional_embeddings=False, nprocs_per_node=1, num_classes=17, num_shards=1, num_workers=1, optimizer='adam', optimizer_overrides='{}', pad=1, patience=-1, pipeline_balance=None, pipeline_checkpoint='never', pipeline_chunks=0, pipeline_decoder_balance=None, pipeline_decoder_devices=None, pipeline_devices=None, pipeline_encoder_balance=None, pipeline_encoder_devices=None, pipeline_model_parallel=False, pooler_activation_fn='tanh', pooler_dropout=0.0, power=1.0, prepend_bos=False, profile=False, quant_noise_pq=0, quant_noise_pq_block_size=8, quant_noise_scalar=0, quantization_config_path=None, regression_target=False, relu_dropout=0.0, required_batch_size_multiple=1, required_seq_len_multiple=1, reset_dataloader=True, reset_logging=True, reset_lr_scheduler=True, reset_meters=True, reset_optimizer=True, restore_file='/workspace/data/users/zanchangtong1/mbart.cc25/model.pt', save_dir='/workspace/data/users/zanchangtong1/3_XIE/checkpoints/ace05.mbart.prompt_2.ar_AR', save_interval=1, save_interval_updates=0, scoring='bleu', seed=222, sentence_avg=False, separator_token=None, shard_id=0, share_all_embeddings=True, share_decoder_input_output_embed=True, shorten_data_split_list='', shorten_method='none', skip_invalid_size_inputs_valid_test=False, slowmo_algorithm='LocalSGD', slowmo_momentum=None, src_language='ar_AR', stop_time_hours=0, task='mbart_sentence_prediction', tensorboard_logdir='/workspace/data/users/zanchangtong1/3_XIE/checkpoints/ace05.mbart.prompt_2.ar_AR/tensorboard', tgt_language='ar_AR', threshold_loss_scale=1.0, tokenizer=None, total_num_update='1018', tpu=False, train_subset='train', unk=3, update_freq=[1], use_bmuf=False, use_old_adam=False, user_dir=None, valid_subset='valid', validate_after_updates=0, validate_interval=1, validate_interval_updates=0, wandb_project=None, warmup_updates=61, weight_decay=0.01, zero_sharding='none'), 'task': Namespace(_name='mbart_sentence_prediction', activation_fn='gelu', adam_betas='(0.9, 0.98)', adam_eps=1e-08, adaptive_softmax_cutoff=None, adaptive_softmax_dropout=0, add_prev_output_tokens=True, all_gather_list_size=16384, arch='mbart_large', attention_dropout=0.1, batch_size=32, batch_size_valid=32, best_checkpoint_metric='accuracy', bf16=False, bpe=None, broadcast_buffers=False, bucket_cap_mb=25, checkpoint_shard_count=1, checkpoint_suffix='', classification_head_name='sentence_classification_head', clip_norm=0.0, cpu=False, criterion='sentence_prediction', cross_self_attention=False, curriculum=0, data='/workspace/data/users/zanchangtong1/3_XIE/data_bin/ace05/mbart.prompt_2/Ar/', data_buffer_size=10, dataset_impl=None, ddp_backend='no_c10d', decoder_attention_heads=16, decoder_embed_dim=1024, decoder_embed_path=None, decoder_ffn_embed_dim=4096, decoder_input_dim=1024, decoder_layerdrop=0, decoder_layers=12, decoder_layers_to_keep=None, decoder_learned_pos=True, decoder_normalize_before=True, decoder_output_dim=1024, device_id=0, disable_validation=False, distributed_backend='nccl', distributed_init_method=None, distributed_no_spawn=False, distributed_port=-1, distributed_rank=0, distributed_world_size=1, distributed_wrapper='DDP', dropout=0.1, empty_cache_freq=0, encoder_attention_heads=16, encoder_embed_dim=1024, encoder_embed_path=None, encoder_ffn_embed_dim=4096, encoder_layerdrop=0, encoder_layers=12, encoder_layers_to_keep=None, encoder_learned_pos=True, encoder_normalize_before=True, end_learning_rate=0.0, eos=2, fast_stat_sync=False, find_unused_parameters=True, finetune_from_model=None, fix_batches_to_gpus=False, fixed_validation_seed=None, force_anneal=None, fp16=True, fp16_init_scale=4, fp16_no_flatten_grads=False, fp16_scale_tolerance=0.0, fp16_scale_window=128, gen_subset='test', init_token=0, keep_best_checkpoints=-1, keep_interval_updates=-1, keep_last_epochs=-1, langs='ar_AR,cs_CZ,de_DE,en_XX,es_XX,et_EE,fi_FI,fr_XX,gu_IN,hi_IN,it_IT,ja_XX,kk_KZ,ko_KR,lt_LT,lv_LV,my_MM,ne_NP,nl_XX,ro_RO,ru_RU,si_LK,tr_TR,vi_VN,zh_CN', layernorm_embedding=True, localsgd_frequency=3, log_format=None, log_interval=100, lr=[1e-05], lr_scheduler='polynomial_decay', max_epoch=10, max_source_positions=1024, max_target_positions=1024, max_tokens=4400, max_tokens_valid=4400, max_update=1018, maximize_best_checkpoint_metric=True, memory_efficient_bf16=False, memory_efficient_fp16=False, min_loss_scale=0.0001, min_lr=-1.0, model_parallel_size=1, no_cross_attention=False, no_epoch_checkpoints=False, no_last_checkpoints=False, no_progress_bar=False, no_save=False, no_save_optimizer_state=False, no_scale_embedding=False, no_seed_provided=False, no_shuffle=False, no_token_positional_embeddings=False, nprocs_per_node=1, num_classes=17, num_shards=1, num_workers=1, optimizer='adam', optimizer_overrides='{}', pad=1, patience=-1, pipeline_balance=None, pipeline_checkpoint='never', pipeline_chunks=0, pipeline_decoder_balance=None, pipeline_decoder_devices=None, pipeline_devices=None, pipeline_encoder_balance=None, pipeline_encoder_devices=None, pipeline_model_parallel=False, pooler_activation_fn='tanh', pooler_dropout=0.0, power=1.0, prepend_bos=False, profile=False, quant_noise_pq=0, quant_noise_pq_block_size=8, quant_noise_scalar=0, quantization_config_path=None, regression_target=False, relu_dropout=0.0, required_batch_size_multiple=1, required_seq_len_multiple=1, reset_dataloader=True, reset_logging=True, reset_lr_scheduler=True, reset_meters=True, reset_optimizer=True, restore_file='/workspace/data/users/zanchangtong1/mbart.cc25/model.pt', save_dir='/workspace/data/users/zanchangtong1/3_XIE/checkpoints/ace05.mbart.prompt_2.ar_AR', save_interval=1, save_interval_updates=0, scoring='bleu', seed=222, sentence_avg=False, separator_token=None, shard_id=0, share_all_embeddings=True, share_decoder_input_output_embed=True, shorten_data_split_list='', shorten_method='none', skip_invalid_size_inputs_valid_test=False, slowmo_algorithm='LocalSGD', slowmo_momentum=None, src_language='ar_AR', stop_time_hours=0, task='mbart_sentence_prediction', tensorboard_logdir='/workspace/data/users/zanchangtong1/3_XIE/checkpoints/ace05.mbart.prompt_2.ar_AR/tensorboard', tgt_language='ar_AR', threshold_loss_scale=1.0, tokenizer=None, total_num_update='1018', tpu=False, train_subset='train', unk=3, update_freq=[1], use_bmuf=False, use_old_adam=False, user_dir=None, valid_subset='valid', validate_after_updates=0, validate_interval=1, validate_interval_updates=0, wandb_project=None, warmup_updates=61, weight_decay=0.01, zero_sharding='none'), 'criterion': Namespace(_name='sentence_prediction', activation_fn='gelu', adam_betas='(0.9, 0.98)', adam_eps=1e-08, adaptive_softmax_cutoff=None, adaptive_softmax_dropout=0, add_prev_output_tokens=True, all_gather_list_size=16384, arch='mbart_large', attention_dropout=0.1, batch_size=32, batch_size_valid=32, best_checkpoint_metric='accuracy', bf16=False, bpe=None, broadcast_buffers=False, bucket_cap_mb=25, checkpoint_shard_count=1, checkpoint_suffix='', classification_head_name='sentence_classification_head', clip_norm=0.0, cpu=False, criterion='sentence_prediction', cross_self_attention=False, curriculum=0, data='/workspace/data/users/zanchangtong1/3_XIE/data_bin/ace05/mbart.prompt_2/Ar/', data_buffer_size=10, dataset_impl=None, ddp_backend='no_c10d', decoder_attention_heads=16, decoder_embed_dim=1024, decoder_embed_path=None, decoder_ffn_embed_dim=4096, decoder_input_dim=1024, decoder_layerdrop=0, decoder_layers=12, decoder_layers_to_keep=None, decoder_learned_pos=True, decoder_normalize_before=True, decoder_output_dim=1024, device_id=0, disable_validation=False, distributed_backend='nccl', distributed_init_method=None, distributed_no_spawn=False, distributed_port=-1, distributed_rank=0, distributed_world_size=1, distributed_wrapper='DDP', dropout=0.1, empty_cache_freq=0, encoder_attention_heads=16, encoder_embed_dim=1024, encoder_embed_path=None, encoder_ffn_embed_dim=4096, encoder_layerdrop=0, encoder_layers=12, encoder_layers_to_keep=None, encoder_learned_pos=True, encoder_normalize_before=True, end_learning_rate=0.0, eos=2, fast_stat_sync=False, find_unused_parameters=True, finetune_from_model=None, fix_batches_to_gpus=False, fixed_validation_seed=None, force_anneal=None, fp16=True, fp16_init_scale=4, fp16_no_flatten_grads=False, fp16_scale_tolerance=0.0, fp16_scale_window=128, gen_subset='test', init_token=0, keep_best_checkpoints=-1, keep_interval_updates=-1, keep_last_epochs=-1, langs='ar_AR,cs_CZ,de_DE,en_XX,es_XX,et_EE,fi_FI,fr_XX,gu_IN,hi_IN,it_IT,ja_XX,kk_KZ,ko_KR,lt_LT,lv_LV,my_MM,ne_NP,nl_XX,ro_RO,ru_RU,si_LK,tr_TR,vi_VN,zh_CN', layernorm_embedding=True, localsgd_frequency=3, log_format=None, log_interval=100, lr=[1e-05], lr_scheduler='polynomial_decay', max_epoch=10, max_source_positions=1024, max_target_positions=1024, max_tokens=4400, max_tokens_valid=4400, max_update=1018, maximize_best_checkpoint_metric=True, memory_efficient_bf16=False, memory_efficient_fp16=False, min_loss_scale=0.0001, min_lr=-1.0, model_parallel_size=1, no_cross_attention=False, no_epoch_checkpoints=False, no_last_checkpoints=False, no_progress_bar=False, no_save=False, no_save_optimizer_state=False, no_scale_embedding=False, no_seed_provided=False, no_shuffle=False, no_token_positional_embeddings=False, nprocs_per_node=1, num_classes=17, num_shards=1, num_workers=1, optimizer='adam', optimizer_overrides='{}', pad=1, patience=-1, pipeline_balance=None, pipeline_checkpoint='never', pipeline_chunks=0, pipeline_decoder_balance=None, pipeline_decoder_devices=None, pipeline_devices=None, pipeline_encoder_balance=None, pipeline_encoder_devices=None, pipeline_model_parallel=False, pooler_activation_fn='tanh', pooler_dropout=0.0, power=1.0, prepend_bos=False, profile=False, quant_noise_pq=0, quant_noise_pq_block_size=8, quant_noise_scalar=0, quantization_config_path=None, regression_target=False, relu_dropout=0.0, required_batch_size_multiple=1, required_seq_len_multiple=1, reset_dataloader=True, reset_logging=True, reset_lr_scheduler=True, reset_meters=True, reset_optimizer=True, restore_file='/workspace/data/users/zanchangtong1/mbart.cc25/model.pt', save_dir='/workspace/data/users/zanchangtong1/3_XIE/checkpoints/ace05.mbart.prompt_2.ar_AR', save_interval=1, save_interval_updates=0, scoring='bleu', seed=222, sentence_avg=False, separator_token=None, shard_id=0, share_all_embeddings=True, share_decoder_input_output_embed=True, shorten_data_split_list='', shorten_method='none', skip_invalid_size_inputs_valid_test=False, slowmo_algorithm='LocalSGD', slowmo_momentum=None, src_language='ar_AR', stop_time_hours=0, task='mbart_sentence_prediction', tensorboard_logdir='/workspace/data/users/zanchangtong1/3_XIE/checkpoints/ace05.mbart.prompt_2.ar_AR/tensorboard', tgt_language='ar_AR', threshold_loss_scale=1.0, tokenizer=None, total_num_update='1018', tpu=False, train_subset='train', unk=3, update_freq=[1], use_bmuf=False, use_old_adam=False, user_dir=None, valid_subset='valid', validate_after_updates=0, validate_interval=1, validate_interval_updates=0, wandb_project=None, warmup_updates=61, weight_decay=0.01, zero_sharding='none'), 'optimizer': {'_name': 'adam', 'adam_betas': '(0.9, 0.98)', 'adam_eps': 1e-08, 'weight_decay': 0.01, 'use_old_adam': False, 'tpu': False, 'lr': [1e-05]}, 'lr_scheduler': {'_name': 'polynomial_decay', 'warmup_updates': 61, 'force_anneal': None, 'end_learning_rate': 0.0, 'power': 1.0, 'total_num_update': 1018.0, 'lr': [1e-05]}, 'scoring': {'_name': 'bleu', 'pad': 1, 'eos': 2, 'unk': 3}, 'bpe': None, 'tokenizer': None}
2022-03-26 08:18:50 | INFO | fairseq.tasks.mbart_sentence_prediction | [input] dictionary: 250002 types
2022-03-26 08:18:50 | INFO | fairseq.tasks.mbart_sentence_prediction | [label] dictionary: 22 types
2022-03-26 08:18:50 | INFO | fairseq.data.data_utils | loaded 304 examples from: /workspace/data/users/zanchangtong1/3_XIE/data_bin/ace05/mbart.prompt_2/Ar/input0/valid
2022-03-26 08:18:50 | INFO | fairseq.data.data_utils | loaded 304 examples from: /workspace/data/users/zanchangtong1/3_XIE/data_bin/ace05/mbart.prompt_2/Ar/label/valid
2022-03-26 08:18:50 | INFO | fairseq.tasks.mbart_sentence_prediction | Loaded valid with #samples: 304
2022-03-26 08:19:10 | INFO | fairseq.models.bart.model | Registering classification head: sentence_classification_head
2022-03-26 08:19:10 | INFO | fairseq_cli.train | BARTModel(
  (encoder): TransformerEncoder(
    (dropout_module): FairseqDropout()
    (embed_tokens): Embedding(250027, 1024, padding_idx=1)
    (embed_positions): LearnedPositionalEmbedding(1026, 1024, padding_idx=1)
    (layernorm_embedding): LayerNorm((1024,), eps=1e-05, elementwise_affine=True)
    (layers): ModuleList(
      (0): TransformerEncoderLayer(
        (self_attn): MultiheadAttention(
          (dropout_module): FairseqDropout()
          (k_proj): Linear(in_features=1024, out_features=1024, bias=True)
          (v_proj): Linear(in_features=1024, out_features=1024, bias=True)
          (q_proj): Linear(in_features=1024, out_features=1024, bias=True)
          (out_proj): Linear(in_features=1024, out_features=1024, bias=True)
        )
        (self_attn_layer_norm): LayerNorm((1024,), eps=1e-05, elementwise_affine=True)
        (dropout_module): FairseqDropout()
        (activation_dropout_module): FairseqDropout()
        (fc1): Linear(in_features=1024, out_features=4096, bias=True)
        (fc2): Linear(in_features=4096, out_features=1024, bias=True)
        (final_layer_norm): LayerNorm((1024,), eps=1e-05, elementwise_affine=True)
      )
      (1): TransformerEncoderLayer(
        (self_attn): MultiheadAttention(
          (dropout_module): FairseqDropout()
          (k_proj): Linear(in_features=1024, out_features=1024, bias=True)
          (v_proj): Linear(in_features=1024, out_features=1024, bias=True)
          (q_proj): Linear(in_features=1024, out_features=1024, bias=True)
          (out_proj): Linear(in_features=1024, out_features=1024, bias=True)
        )
        (self_attn_layer_norm): LayerNorm((1024,), eps=1e-05, elementwise_affine=True)
        (dropout_module): FairseqDropout()
        (activation_dropout_module): FairseqDropout()
        (fc1): Linear(in_features=1024, out_features=4096, bias=True)
        (fc2): Linear(in_features=4096, out_features=1024, bias=True)
        (final_layer_norm): LayerNorm((1024,), eps=1e-05, elementwise_affine=True)
      )
      (2): TransformerEncoderLayer(
        (self_attn): MultiheadAttention(
          (dropout_module): FairseqDropout()
          (k_proj): Linear(in_features=1024, out_features=1024, bias=True)
          (v_proj): Linear(in_features=1024, out_features=1024, bias=True)
          (q_proj): Linear(in_features=1024, out_features=1024, bias=True)
          (out_proj): Linear(in_features=1024, out_features=1024, bias=True)
        )
        (self_attn_layer_norm): LayerNorm((1024,), eps=1e-05, elementwise_affine=True)
        (dropout_module): FairseqDropout()
        (activation_dropout_module): FairseqDropout()
        (fc1): Linear(in_features=1024, out_features=4096, bias=True)
        (fc2): Linear(in_features=4096, out_features=1024, bias=True)
        (final_layer_norm): LayerNorm((1024,), eps=1e-05, elementwise_affine=True)
      )
      (3): TransformerEncoderLayer(
        (self_attn): MultiheadAttention(
          (dropout_module): FairseqDropout()
          (k_proj): Linear(in_features=1024, out_features=1024, bias=True)
          (v_proj): Linear(in_features=1024, out_features=1024, bias=True)
          (q_proj): Linear(in_features=1024, out_features=1024, bias=True)
          (out_proj): Linear(in_features=1024, out_features=1024, bias=True)
        )
        (self_attn_layer_norm): LayerNorm((1024,), eps=1e-05, elementwise_affine=True)
        (dropout_module): FairseqDropout()
        (activation_dropout_module): FairseqDropout()
        (fc1): Linear(in_features=1024, out_features=4096, bias=True)
        (fc2): Linear(in_features=4096, out_features=1024, bias=True)
        (final_layer_norm): LayerNorm((1024,), eps=1e-05, elementwise_affine=True)
      )
      (4): TransformerEncoderLayer(
        (self_attn): MultiheadAttention(
          (dropout_module): FairseqDropout()
          (k_proj): Linear(in_features=1024, out_features=1024, bias=True)
          (v_proj): Linear(in_features=1024, out_features=1024, bias=True)
          (q_proj): Linear(in_features=1024, out_features=1024, bias=True)
          (out_proj): Linear(in_features=1024, out_features=1024, bias=True)
        )
        (self_attn_layer_norm): LayerNorm((1024,), eps=1e-05, elementwise_affine=True)
        (dropout_module): FairseqDropout()
        (activation_dropout_module): FairseqDropout()
        (fc1): Linear(in_features=1024, out_features=4096, bias=True)
        (fc2): Linear(in_features=4096, out_features=1024, bias=True)
        (final_layer_norm): LayerNorm((1024,), eps=1e-05, elementwise_affine=True)
      )
      (5): TransformerEncoderLayer(
        (self_attn): MultiheadAttention(
          (dropout_module): FairseqDropout()
          (k_proj): Linear(in_features=1024, out_features=1024, bias=True)
          (v_proj): Linear(in_features=1024, out_features=1024, bias=True)
          (q_proj): Linear(in_features=1024, out_features=1024, bias=True)
          (out_proj): Linear(in_features=1024, out_features=1024, bias=True)
        )
        (self_attn_layer_norm): LayerNorm((1024,), eps=1e-05, elementwise_affine=True)
        (dropout_module): FairseqDropout()
        (activation_dropout_module): FairseqDropout()
        (fc1): Linear(in_features=1024, out_features=4096, bias=True)
        (fc2): Linear(in_features=4096, out_features=1024, bias=True)
        (final_layer_norm): LayerNorm((1024,), eps=1e-05, elementwise_affine=True)
      )
      (6): TransformerEncoderLayer(
        (self_attn): MultiheadAttention(
          (dropout_module): FairseqDropout()
          (k_proj): Linear(in_features=1024, out_features=1024, bias=True)
          (v_proj): Linear(in_features=1024, out_features=1024, bias=True)
          (q_proj): Linear(in_features=1024, out_features=1024, bias=True)
          (out_proj): Linear(in_features=1024, out_features=1024, bias=True)
        )
        (self_attn_layer_norm): LayerNorm((1024,), eps=1e-05, elementwise_affine=True)
        (dropout_module): FairseqDropout()
        (activation_dropout_module): FairseqDropout()
        (fc1): Linear(in_features=1024, out_features=4096, bias=True)
        (fc2): Linear(in_features=4096, out_features=1024, bias=True)
        (final_layer_norm): LayerNorm((1024,), eps=1e-05, elementwise_affine=True)
      )
      (7): TransformerEncoderLayer(
        (self_attn): MultiheadAttention(
          (dropout_module): FairseqDropout()
          (k_proj): Linear(in_features=1024, out_features=1024, bias=True)
          (v_proj): Linear(in_features=1024, out_features=1024, bias=True)
          (q_proj): Linear(in_features=1024, out_features=1024, bias=True)
          (out_proj): Linear(in_features=1024, out_features=1024, bias=True)
        )
        (self_attn_layer_norm): LayerNorm((1024,), eps=1e-05, elementwise_affine=True)
        (dropout_module): FairseqDropout()
        (activation_dropout_module): FairseqDropout()
        (fc1): Linear(in_features=1024, out_features=4096, bias=True)
        (fc2): Linear(in_features=4096, out_features=1024, bias=True)
        (final_layer_norm): LayerNorm((1024,), eps=1e-05, elementwise_affine=True)
      )
      (8): TransformerEncoderLayer(
        (self_attn): MultiheadAttention(
          (dropout_module): FairseqDropout()
          (k_proj): Linear(in_features=1024, out_features=1024, bias=True)
          (v_proj): Linear(in_features=1024, out_features=1024, bias=True)
          (q_proj): Linear(in_features=1024, out_features=1024, bias=True)
          (out_proj): Linear(in_features=1024, out_features=1024, bias=True)
        )
        (self_attn_layer_norm): LayerNorm((1024,), eps=1e-05, elementwise_affine=True)
        (dropout_module): FairseqDropout()
        (activation_dropout_module): FairseqDropout()
        (fc1): Linear(in_features=1024, out_features=4096, bias=True)
        (fc2): Linear(in_features=4096, out_features=1024, bias=True)
        (final_layer_norm): LayerNorm((1024,), eps=1e-05, elementwise_affine=True)
      )
      (9): TransformerEncoderLayer(
        (self_attn): MultiheadAttention(
          (dropout_module): FairseqDropout()
          (k_proj): Linear(in_features=1024, out_features=1024, bias=True)
          (v_proj): Linear(in_features=1024, out_features=1024, bias=True)
          (q_proj): Linear(in_features=1024, out_features=1024, bias=True)
          (out_proj): Linear(in_features=1024, out_features=1024, bias=True)
        )
        (self_attn_layer_norm): LayerNorm((1024,), eps=1e-05, elementwise_affine=True)
        (dropout_module): FairseqDropout()
        (activation_dropout_module): FairseqDropout()
        (fc1): Linear(in_features=1024, out_features=4096, bias=True)
        (fc2): Linear(in_features=4096, out_features=1024, bias=True)
        (final_layer_norm): LayerNorm((1024,), eps=1e-05, elementwise_affine=True)
      )
      (10): TransformerEncoderLayer(
        (self_attn): MultiheadAttention(
          (dropout_module): FairseqDropout()
          (k_proj): Linear(in_features=1024, out_features=1024, bias=True)
          (v_proj): Linear(in_features=1024, out_features=1024, bias=True)
          (q_proj): Linear(in_features=1024, out_features=1024, bias=True)
          (out_proj): Linear(in_features=1024, out_features=1024, bias=True)
        )
        (self_attn_layer_norm): LayerNorm((1024,), eps=1e-05, elementwise_affine=True)
        (dropout_module): FairseqDropout()
        (activation_dropout_module): FairseqDropout()
        (fc1): Linear(in_features=1024, out_features=4096, bias=True)
        (fc2): Linear(in_features=4096, out_features=1024, bias=True)
        (final_layer_norm): LayerNorm((1024,), eps=1e-05, elementwise_affine=True)
      )
      (11): TransformerEncoderLayer(
        (self_attn): MultiheadAttention(
          (dropout_module): FairseqDropout()
          (k_proj): Linear(in_features=1024, out_features=1024, bias=True)
          (v_proj): Linear(in_features=1024, out_features=1024, bias=True)
          (q_proj): Linear(in_features=1024, out_features=1024, bias=True)
          (out_proj): Linear(in_features=1024, out_features=1024, bias=True)
        )
        (self_attn_layer_norm): LayerNorm((1024,), eps=1e-05, elementwise_affine=True)
        (dropout_module): FairseqDropout()
        (activation_dropout_module): FairseqDropout()
        (fc1): Linear(in_features=1024, out_features=4096, bias=True)
        (fc2): Linear(in_features=4096, out_features=1024, bias=True)
        (final_layer_norm): LayerNorm((1024,), eps=1e-05, elementwise_affine=True)
      )
    )
    (layer_norm): LayerNorm((1024,), eps=1e-05, elementwise_affine=True)
  )
  (decoder): TransformerDecoder(
    (dropout_module): FairseqDropout()
    (embed_tokens): Embedding(250027, 1024, padding_idx=1)
    (embed_positions): LearnedPositionalEmbedding(1026, 1024, padding_idx=1)
    (layernorm_embedding): LayerNorm((1024,), eps=1e-05, elementwise_affine=True)
    (layers): ModuleList(
      (0): TransformerDecoderLayer(
        (dropout_module): FairseqDropout()
        (self_attn): MultiheadAttention(
          (dropout_module): FairseqDropout()
          (k_proj): Linear(in_features=1024, out_features=1024, bias=True)
          (v_proj): Linear(in_features=1024, out_features=1024, bias=True)
          (q_proj): Linear(in_features=1024, out_features=1024, bias=True)
          (out_proj): Linear(in_features=1024, out_features=1024, bias=True)
        )
        (activation_dropout_module): FairseqDropout()
        (self_attn_layer_norm): LayerNorm((1024,), eps=1e-05, elementwise_affine=True)
        (encoder_attn): MultiheadAttention(
          (dropout_module): FairseqDropout()
          (k_proj): Linear(in_features=1024, out_features=1024, bias=True)
          (v_proj): Linear(in_features=1024, out_features=1024, bias=True)
          (q_proj): Linear(in_features=1024, out_features=1024, bias=True)
          (out_proj): Linear(in_features=1024, out_features=1024, bias=True)
        )
        (encoder_attn_layer_norm): LayerNorm((1024,), eps=1e-05, elementwise_affine=True)
        (fc1): Linear(in_features=1024, out_features=4096, bias=True)
        (fc2): Linear(in_features=4096, out_features=1024, bias=True)
        (final_layer_norm): LayerNorm((1024,), eps=1e-05, elementwise_affine=True)
      )
      (1): TransformerDecoderLayer(
        (dropout_module): FairseqDropout()
        (self_attn): MultiheadAttention(
          (dropout_module): FairseqDropout()
          (k_proj): Linear(in_features=1024, out_features=1024, bias=True)
          (v_proj): Linear(in_features=1024, out_features=1024, bias=True)
          (q_proj): Linear(in_features=1024, out_features=1024, bias=True)
          (out_proj): Linear(in_features=1024, out_features=1024, bias=True)
        )
        (activation_dropout_module): FairseqDropout()
        (self_attn_layer_norm): LayerNorm((1024,), eps=1e-05, elementwise_affine=True)
        (encoder_attn): MultiheadAttention(
          (dropout_module): FairseqDropout()
          (k_proj): Linear(in_features=1024, out_features=1024, bias=True)
          (v_proj): Linear(in_features=1024, out_features=1024, bias=True)
          (q_proj): Linear(in_features=1024, out_features=1024, bias=True)
          (out_proj): Linear(in_features=1024, out_features=1024, bias=True)
        )
        (encoder_attn_layer_norm): LayerNorm((1024,), eps=1e-05, elementwise_affine=True)
        (fc1): Linear(in_features=1024, out_features=4096, bias=True)
        (fc2): Linear(in_features=4096, out_features=1024, bias=True)
        (final_layer_norm): LayerNorm((1024,), eps=1e-05, elementwise_affine=True)
      )
      (2): TransformerDecoderLayer(
        (dropout_module): FairseqDropout()
        (self_attn): MultiheadAttention(
          (dropout_module): FairseqDropout()
          (k_proj): Linear(in_features=1024, out_features=1024, bias=True)
          (v_proj): Linear(in_features=1024, out_features=1024, bias=True)
          (q_proj): Linear(in_features=1024, out_features=1024, bias=True)
          (out_proj): Linear(in_features=1024, out_features=1024, bias=True)
        )
        (activation_dropout_module): FairseqDropout()
        (self_attn_layer_norm): LayerNorm((1024,), eps=1e-05, elementwise_affine=True)
        (encoder_attn): MultiheadAttention(
          (dropout_module): FairseqDropout()
          (k_proj): Linear(in_features=1024, out_features=1024, bias=True)
          (v_proj): Linear(in_features=1024, out_features=1024, bias=True)
          (q_proj): Linear(in_features=1024, out_features=1024, bias=True)
          (out_proj): Linear(in_features=1024, out_features=1024, bias=True)
        )
        (encoder_attn_layer_norm): LayerNorm((1024,), eps=1e-05, elementwise_affine=True)
        (fc1): Linear(in_features=1024, out_features=4096, bias=True)
        (fc2): Linear(in_features=4096, out_features=1024, bias=True)
        (final_layer_norm): LayerNorm((1024,), eps=1e-05, elementwise_affine=True)
      )
      (3): TransformerDecoderLayer(
        (dropout_module): FairseqDropout()
        (self_attn): MultiheadAttention(
          (dropout_module): FairseqDropout()
          (k_proj): Linear(in_features=1024, out_features=1024, bias=True)
          (v_proj): Linear(in_features=1024, out_features=1024, bias=True)
          (q_proj): Linear(in_features=1024, out_features=1024, bias=True)
          (out_proj): Linear(in_features=1024, out_features=1024, bias=True)
        )
        (activation_dropout_module): FairseqDropout()
        (self_attn_layer_norm): LayerNorm((1024,), eps=1e-05, elementwise_affine=True)
        (encoder_attn): MultiheadAttention(
          (dropout_module): FairseqDropout()
          (k_proj): Linear(in_features=1024, out_features=1024, bias=True)
          (v_proj): Linear(in_features=1024, out_features=1024, bias=True)
          (q_proj): Linear(in_features=1024, out_features=1024, bias=True)
          (out_proj): Linear(in_features=1024, out_features=1024, bias=True)
        )
        (encoder_attn_layer_norm): LayerNorm((1024,), eps=1e-05, elementwise_affine=True)
        (fc1): Linear(in_features=1024, out_features=4096, bias=True)
        (fc2): Linear(in_features=4096, out_features=1024, bias=True)
        (final_layer_norm): LayerNorm((1024,), eps=1e-05, elementwise_affine=True)
      )
      (4): TransformerDecoderLayer(
        (dropout_module): FairseqDropout()
        (self_attn): MultiheadAttention(
          (dropout_module): FairseqDropout()
          (k_proj): Linear(in_features=1024, out_features=1024, bias=True)
          (v_proj): Linear(in_features=1024, out_features=1024, bias=True)
          (q_proj): Linear(in_features=1024, out_features=1024, bias=True)
          (out_proj): Linear(in_features=1024, out_features=1024, bias=True)
        )
        (activation_dropout_module): FairseqDropout()
        (self_attn_layer_norm): LayerNorm((1024,), eps=1e-05, elementwise_affine=True)
        (encoder_attn): MultiheadAttention(
          (dropout_module): FairseqDropout()
          (k_proj): Linear(in_features=1024, out_features=1024, bias=True)
          (v_proj): Linear(in_features=1024, out_features=1024, bias=True)
          (q_proj): Linear(in_features=1024, out_features=1024, bias=True)
          (out_proj): Linear(in_features=1024, out_features=1024, bias=True)
        )
        (encoder_attn_layer_norm): LayerNorm((1024,), eps=1e-05, elementwise_affine=True)
        (fc1): Linear(in_features=1024, out_features=4096, bias=True)
        (fc2): Linear(in_features=4096, out_features=1024, bias=True)
        (final_layer_norm): LayerNorm((1024,), eps=1e-05, elementwise_affine=True)
      )
      (5): TransformerDecoderLayer(
        (dropout_module): FairseqDropout()
        (self_attn): MultiheadAttention(
          (dropout_module): FairseqDropout()
          (k_proj): Linear(in_features=1024, out_features=1024, bias=True)
          (v_proj): Linear(in_features=1024, out_features=1024, bias=True)
          (q_proj): Linear(in_features=1024, out_features=1024, bias=True)
          (out_proj): Linear(in_features=1024, out_features=1024, bias=True)
        )
        (activation_dropout_module): FairseqDropout()
        (self_attn_layer_norm): LayerNorm((1024,), eps=1e-05, elementwise_affine=True)
        (encoder_attn): MultiheadAttention(
          (dropout_module): FairseqDropout()
          (k_proj): Linear(in_features=1024, out_features=1024, bias=True)
          (v_proj): Linear(in_features=1024, out_features=1024, bias=True)
          (q_proj): Linear(in_features=1024, out_features=1024, bias=True)
          (out_proj): Linear(in_features=1024, out_features=1024, bias=True)
        )
        (encoder_attn_layer_norm): LayerNorm((1024,), eps=1e-05, elementwise_affine=True)
        (fc1): Linear(in_features=1024, out_features=4096, bias=True)
        (fc2): Linear(in_features=4096, out_features=1024, bias=True)
        (final_layer_norm): LayerNorm((1024,), eps=1e-05, elementwise_affine=True)
      )
      (6): TransformerDecoderLayer(
        (dropout_module): FairseqDropout()
        (self_attn): MultiheadAttention(
          (dropout_module): FairseqDropout()
          (k_proj): Linear(in_features=1024, out_features=1024, bias=True)
          (v_proj): Linear(in_features=1024, out_features=1024, bias=True)
          (q_proj): Linear(in_features=1024, out_features=1024, bias=True)
          (out_proj): Linear(in_features=1024, out_features=1024, bias=True)
        )
        (activation_dropout_module): FairseqDropout()
        (self_attn_layer_norm): LayerNorm((1024,), eps=1e-05, elementwise_affine=True)
        (encoder_attn): MultiheadAttention(
          (dropout_module): FairseqDropout()
          (k_proj): Linear(in_features=1024, out_features=1024, bias=True)
          (v_proj): Linear(in_features=1024, out_features=1024, bias=True)
          (q_proj): Linear(in_features=1024, out_features=1024, bias=True)
          (out_proj): Linear(in_features=1024, out_features=1024, bias=True)
        )
        (encoder_attn_layer_norm): LayerNorm((1024,), eps=1e-05, elementwise_affine=True)
        (fc1): Linear(in_features=1024, out_features=4096, bias=True)
        (fc2): Linear(in_features=4096, out_features=1024, bias=True)
        (final_layer_norm): LayerNorm((1024,), eps=1e-05, elementwise_affine=True)
      )
      (7): TransformerDecoderLayer(
        (dropout_module): FairseqDropout()
        (self_attn): MultiheadAttention(
          (dropout_module): FairseqDropout()
          (k_proj): Linear(in_features=1024, out_features=1024, bias=True)
          (v_proj): Linear(in_features=1024, out_features=1024, bias=True)
          (q_proj): Linear(in_features=1024, out_features=1024, bias=True)
          (out_proj): Linear(in_features=1024, out_features=1024, bias=True)
        )
        (activation_dropout_module): FairseqDropout()
        (self_attn_layer_norm): LayerNorm((1024,), eps=1e-05, elementwise_affine=True)
        (encoder_attn): MultiheadAttention(
          (dropout_module): FairseqDropout()
          (k_proj): Linear(in_features=1024, out_features=1024, bias=True)
          (v_proj): Linear(in_features=1024, out_features=1024, bias=True)
          (q_proj): Linear(in_features=1024, out_features=1024, bias=True)
          (out_proj): Linear(in_features=1024, out_features=1024, bias=True)
        )
        (encoder_attn_layer_norm): LayerNorm((1024,), eps=1e-05, elementwise_affine=True)
        (fc1): Linear(in_features=1024, out_features=4096, bias=True)
        (fc2): Linear(in_features=4096, out_features=1024, bias=True)
        (final_layer_norm): LayerNorm((1024,), eps=1e-05, elementwise_affine=True)
      )
      (8): TransformerDecoderLayer(
        (dropout_module): FairseqDropout()
        (self_attn): MultiheadAttention(
          (dropout_module): FairseqDropout()
          (k_proj): Linear(in_features=1024, out_features=1024, bias=True)
          (v_proj): Linear(in_features=1024, out_features=1024, bias=True)
          (q_proj): Linear(in_features=1024, out_features=1024, bias=True)
          (out_proj): Linear(in_features=1024, out_features=1024, bias=True)
        )
        (activation_dropout_module): FairseqDropout()
        (self_attn_layer_norm): LayerNorm((1024,), eps=1e-05, elementwise_affine=True)
        (encoder_attn): MultiheadAttention(
          (dropout_module): FairseqDropout()
          (k_proj): Linear(in_features=1024, out_features=1024, bias=True)
          (v_proj): Linear(in_features=1024, out_features=1024, bias=True)
          (q_proj): Linear(in_features=1024, out_features=1024, bias=True)
          (out_proj): Linear(in_features=1024, out_features=1024, bias=True)
        )
        (encoder_attn_layer_norm): LayerNorm((1024,), eps=1e-05, elementwise_affine=True)
        (fc1): Linear(in_features=1024, out_features=4096, bias=True)
        (fc2): Linear(in_features=4096, out_features=1024, bias=True)
        (final_layer_norm): LayerNorm((1024,), eps=1e-05, elementwise_affine=True)
      )
      (9): TransformerDecoderLayer(
        (dropout_module): FairseqDropout()
        (self_attn): MultiheadAttention(
          (dropout_module): FairseqDropout()
          (k_proj): Linear(in_features=1024, out_features=1024, bias=True)
          (v_proj): Linear(in_features=1024, out_features=1024, bias=True)
          (q_proj): Linear(in_features=1024, out_features=1024, bias=True)
          (out_proj): Linear(in_features=1024, out_features=1024, bias=True)
        )
        (activation_dropout_module): FairseqDropout()
        (self_attn_layer_norm): LayerNorm((1024,), eps=1e-05, elementwise_affine=True)
        (encoder_attn): MultiheadAttention(
          (dropout_module): FairseqDropout()
          (k_proj): Linear(in_features=1024, out_features=1024, bias=True)
          (v_proj): Linear(in_features=1024, out_features=1024, bias=True)
          (q_proj): Linear(in_features=1024, out_features=1024, bias=True)
          (out_proj): Linear(in_features=1024, out_features=1024, bias=True)
        )
        (encoder_attn_layer_norm): LayerNorm((1024,), eps=1e-05, elementwise_affine=True)
        (fc1): Linear(in_features=1024, out_features=4096, bias=True)
        (fc2): Linear(in_features=4096, out_features=1024, bias=True)
        (final_layer_norm): LayerNorm((1024,), eps=1e-05, elementwise_affine=True)
      )
      (10): TransformerDecoderLayer(
        (dropout_module): FairseqDropout()
        (self_attn): MultiheadAttention(
          (dropout_module): FairseqDropout()
          (k_proj): Linear(in_features=1024, out_features=1024, bias=True)
          (v_proj): Linear(in_features=1024, out_features=1024, bias=True)
          (q_proj): Linear(in_features=1024, out_features=1024, bias=True)
          (out_proj): Linear(in_features=1024, out_features=1024, bias=True)
        )
        (activation_dropout_module): FairseqDropout()
        (self_attn_layer_norm): LayerNorm((1024,), eps=1e-05, elementwise_affine=True)
        (encoder_attn): MultiheadAttention(
          (dropout_module): FairseqDropout()
          (k_proj): Linear(in_features=1024, out_features=1024, bias=True)
          (v_proj): Linear(in_features=1024, out_features=1024, bias=True)
          (q_proj): Linear(in_features=1024, out_features=1024, bias=True)
          (out_proj): Linear(in_features=1024, out_features=1024, bias=True)
        )
        (encoder_attn_layer_norm): LayerNorm((1024,), eps=1e-05, elementwise_affine=True)
        (fc1): Linear(in_features=1024, out_features=4096, bias=True)
        (fc2): Linear(in_features=4096, out_features=1024, bias=True)
        (final_layer_norm): LayerNorm((1024,), eps=1e-05, elementwise_affine=True)
      )
      (11): TransformerDecoderLayer(
        (dropout_module): FairseqDropout()
        (self_attn): MultiheadAttention(
          (dropout_module): FairseqDropout()
          (k_proj): Linear(in_features=1024, out_features=1024, bias=True)
          (v_proj): Linear(in_features=1024, out_features=1024, bias=True)
          (q_proj): Linear(in_features=1024, out_features=1024, bias=True)
          (out_proj): Linear(in_features=1024, out_features=1024, bias=True)
        )
        (activation_dropout_module): FairseqDropout()
        (self_attn_layer_norm): LayerNorm((1024,), eps=1e-05, elementwise_affine=True)
        (encoder_attn): MultiheadAttention(
          (dropout_module): FairseqDropout()
          (k_proj): Linear(in_features=1024, out_features=1024, bias=True)
          (v_proj): Linear(in_features=1024, out_features=1024, bias=True)
          (q_proj): Linear(in_features=1024, out_features=1024, bias=True)
          (out_proj): Linear(in_features=1024, out_features=1024, bias=True)
        )
        (encoder_attn_layer_norm): LayerNorm((1024,), eps=1e-05, elementwise_affine=True)
        (fc1): Linear(in_features=1024, out_features=4096, bias=True)
        (fc2): Linear(in_features=4096, out_features=1024, bias=True)
        (final_layer_norm): LayerNorm((1024,), eps=1e-05, elementwise_affine=True)
      )
    )
    (layer_norm): LayerNorm((1024,), eps=1e-05, elementwise_affine=True)
    (output_projection): Linear(in_features=1024, out_features=250027, bias=False)
  )
  (classification_heads): ModuleDict(
    (sentence_classification_head): BARTClassificationHead(
      (dense): Linear(in_features=1024, out_features=1024, bias=True)
      (dropout): Dropout(p=0.0, inplace=False)
      (out_proj): Linear(in_features=1024, out_features=17, bias=True)
    )
  )
)
2022-03-26 08:19:10 | INFO | fairseq_cli.train | task: mBARTSentencePredictionTask
2022-03-26 08:19:10 | INFO | fairseq_cli.train | model: BARTModel
2022-03-26 08:19:10 | INFO | fairseq_cli.train | criterion: SentencePredictionCriterion)
2022-03-26 08:19:10 | INFO | fairseq_cli.train | num. model params: 611918865 (num. trained: 611918865)
2022-03-26 08:19:17 | INFO | fairseq.trainer | detected shared parameter: encoder.embed_tokens.weight <- decoder.embed_tokens.weight
2022-03-26 08:19:17 | INFO | fairseq.trainer | detected shared parameter: encoder.embed_tokens.weight <- decoder.output_projection.weight
2022-03-26 08:19:17 | INFO | fairseq.utils | ***********************CUDA enviroments for all 1 workers***********************
2022-03-26 08:19:17 | INFO | fairseq.utils | rank   0: capabilities =  8.0  ; total memory = 39.587 GB ; name = A100-SXM4-40GB                          
2022-03-26 08:19:17 | INFO | fairseq.utils | ***********************CUDA enviroments for all 1 workers***********************
2022-03-26 08:19:17 | INFO | fairseq_cli.train | training on 1 devices (GPUs/TPUs)
2022-03-26 08:19:17 | INFO | fairseq_cli.train | max tokens per GPU = 4400 and batch size per GPU = 32
2022-03-26 08:19:21 | INFO | fairseq.trainer | loaded checkpoint /workspace/data/users/zanchangtong1/mbart.cc25/model.pt (epoch 142 @ 0 updates)
2022-03-26 08:19:22 | INFO | fairseq.trainer | loading train data for epoch 1
2022-03-26 08:19:22 | INFO | fairseq.data.data_utils | loaded 2607 examples from: /workspace/data/users/zanchangtong1/3_XIE/data_bin/ace05/mbart.prompt_2/Ar/input0/train
2022-03-26 08:19:22 | INFO | fairseq.data.data_utils | loaded 2607 examples from: /workspace/data/users/zanchangtong1/3_XIE/data_bin/ace05/mbart.prompt_2/Ar/label/train
2022-03-26 08:19:22 | INFO | fairseq.tasks.mbart_sentence_prediction | Loaded train with #samples: 2607
2022-03-26 08:19:22 | INFO | fairseq.trainer | begin training epoch 1
--- Logging error ---
Traceback (most recent call last):
  File "/opt/conda/envs/XIE/lib/python3.7/logging/__init__.py", line 1025, in emit
    msg = self.format(record)
  File "/opt/conda/envs/XIE/lib/python3.7/logging/__init__.py", line 869, in format
    return fmt.format(record)
  File "/opt/conda/envs/XIE/lib/python3.7/logging/__init__.py", line 608, in format
    record.message = record.getMessage()
  File "/opt/conda/envs/XIE/lib/python3.7/logging/__init__.py", line 369, in getMessage
    msg = msg % self.args
TypeError: not all arguments converted during string formatting
Call stack:
  File "/opt/conda/envs/XIE/bin/fairseq-train", line 33, in <module>
    sys.exit(load_entry_point('fairseq', 'console_scripts', 'fairseq-train')())
  File "/workspace/data/users/zanchangtong1/3_XIE/fairseq/fairseq_cli/train.py", line 394, in cli_main
    distributed_utils.call_main(cfg, main)
  File "/workspace/data/users/zanchangtong1/3_XIE/fairseq/fairseq/distributed_utils.py", line 334, in call_main
    main(cfg, **kwargs)
  File "/workspace/data/users/zanchangtong1/3_XIE/fairseq/fairseq_cli/train.py", line 121, in main
    disable_iterator_cache=task.has_sharded_data("train"),
  File "/workspace/data/users/zanchangtong1/3_XIE/fairseq/fairseq/checkpoint_utils.py", line 196, in load_checkpoint
    reset_meters=reset_meters,
  File "/workspace/data/users/zanchangtong1/3_XIE/fairseq/fairseq/trainer.py", line 341, in load_checkpoint
    state["model"], strict=False, model_cfg=self.cfg.model
  File "/workspace/data/users/zanchangtong1/3_XIE/fairseq/fairseq/models/fairseq_model.py", line 113, in load_state_dict
    self.upgrade_state_dict(state_dict)
  File "/workspace/data/users/zanchangtong1/3_XIE/fairseq/fairseq/models/fairseq_model.py", line 119, in upgrade_state_dict
    self.upgrade_state_dict_named(state_dict, "")
  File "/workspace/data/users/zanchangtong1/3_XIE/fairseq/fairseq/models/bart/model.py", line 283, in upgrade_state_dict_named
    logger.info("Overwriting", prefix + "classification_heads." + k)
Message: 'Overwriting'
Arguments: ('classification_heads.sentence_classification_head.dense.weight',)
--- Logging error ---
Traceback (most recent call last):
  File "/opt/conda/envs/XIE/lib/python3.7/logging/__init__.py", line 1025, in emit
    msg = self.format(record)
  File "/opt/conda/envs/XIE/lib/python3.7/logging/__init__.py", line 869, in format
    return fmt.format(record)
  File "/opt/conda/envs/XIE/lib/python3.7/logging/__init__.py", line 608, in format
    record.message = record.getMessage()
  File "/opt/conda/envs/XIE/lib/python3.7/logging/__init__.py", line 369, in getMessage
    msg = msg % self.args
TypeError: not all arguments converted during string formatting
Call stack:
  File "/opt/conda/envs/XIE/bin/fairseq-train", line 33, in <module>
    sys.exit(load_entry_point('fairseq', 'console_scripts', 'fairseq-train')())
  File "/workspace/data/users/zanchangtong1/3_XIE/fairseq/fairseq_cli/train.py", line 394, in cli_main
    distributed_utils.call_main(cfg, main)
  File "/workspace/data/users/zanchangtong1/3_XIE/fairseq/fairseq/distributed_utils.py", line 334, in call_main
    main(cfg, **kwargs)
  File "/workspace/data/users/zanchangtong1/3_XIE/fairseq/fairseq_cli/train.py", line 121, in main
    disable_iterator_cache=task.has_sharded_data("train"),
  File "/workspace/data/users/zanchangtong1/3_XIE/fairseq/fairseq/checkpoint_utils.py", line 196, in load_checkpoint
    reset_meters=reset_meters,
  File "/workspace/data/users/zanchangtong1/3_XIE/fairseq/fairseq/trainer.py", line 341, in load_checkpoint
    state["model"], strict=False, model_cfg=self.cfg.model
  File "/workspace/data/users/zanchangtong1/3_XIE/fairseq/fairseq/models/fairseq_model.py", line 113, in load_state_dict
    self.upgrade_state_dict(state_dict)
  File "/workspace/data/users/zanchangtong1/3_XIE/fairseq/fairseq/models/fairseq_model.py", line 119, in upgrade_state_dict
    self.upgrade_state_dict_named(state_dict, "")
  File "/workspace/data/users/zanchangtong1/3_XIE/fairseq/fairseq/models/bart/model.py", line 283, in upgrade_state_dict_named
    logger.info("Overwriting", prefix + "classification_heads." + k)
Message: 'Overwriting'
Arguments: ('classification_heads.sentence_classification_head.dense.bias',)
--- Logging error ---
Traceback (most recent call last):
  File "/opt/conda/envs/XIE/lib/python3.7/logging/__init__.py", line 1025, in emit
    msg = self.format(record)
  File "/opt/conda/envs/XIE/lib/python3.7/logging/__init__.py", line 869, in format
    return fmt.format(record)
  File "/opt/conda/envs/XIE/lib/python3.7/logging/__init__.py", line 608, in format
    record.message = record.getMessage()
  File "/opt/conda/envs/XIE/lib/python3.7/logging/__init__.py", line 369, in getMessage
    msg = msg % self.args
TypeError: not all arguments converted during string formatting
Call stack:
  File "/opt/conda/envs/XIE/bin/fairseq-train", line 33, in <module>
    sys.exit(load_entry_point('fairseq', 'console_scripts', 'fairseq-train')())
  File "/workspace/data/users/zanchangtong1/3_XIE/fairseq/fairseq_cli/train.py", line 394, in cli_main
    distributed_utils.call_main(cfg, main)
  File "/workspace/data/users/zanchangtong1/3_XIE/fairseq/fairseq/distributed_utils.py", line 334, in call_main
    main(cfg, **kwargs)
  File "/workspace/data/users/zanchangtong1/3_XIE/fairseq/fairseq_cli/train.py", line 121, in main
    disable_iterator_cache=task.has_sharded_data("train"),
  File "/workspace/data/users/zanchangtong1/3_XIE/fairseq/fairseq/checkpoint_utils.py", line 196, in load_checkpoint
    reset_meters=reset_meters,
  File "/workspace/data/users/zanchangtong1/3_XIE/fairseq/fairseq/trainer.py", line 341, in load_checkpoint
    state["model"], strict=False, model_cfg=self.cfg.model
  File "/workspace/data/users/zanchangtong1/3_XIE/fairseq/fairseq/models/fairseq_model.py", line 113, in load_state_dict
    self.upgrade_state_dict(state_dict)
  File "/workspace/data/users/zanchangtong1/3_XIE/fairseq/fairseq/models/fairseq_model.py", line 119, in upgrade_state_dict
    self.upgrade_state_dict_named(state_dict, "")
  File "/workspace/data/users/zanchangtong1/3_XIE/fairseq/fairseq/models/bart/model.py", line 283, in upgrade_state_dict_named
    logger.info("Overwriting", prefix + "classification_heads." + k)
Message: 'Overwriting'
Arguments: ('classification_heads.sentence_classification_head.out_proj.weight',)
--- Logging error ---
Traceback (most recent call last):
  File "/opt/conda/envs/XIE/lib/python3.7/logging/__init__.py", line 1025, in emit
    msg = self.format(record)
  File "/opt/conda/envs/XIE/lib/python3.7/logging/__init__.py", line 869, in format
    return fmt.format(record)
  File "/opt/conda/envs/XIE/lib/python3.7/logging/__init__.py", line 608, in format
    record.message = record.getMessage()
  File "/opt/conda/envs/XIE/lib/python3.7/logging/__init__.py", line 369, in getMessage
    msg = msg % self.args
TypeError: not all arguments converted during string formatting
Call stack:
  File "/opt/conda/envs/XIE/bin/fairseq-train", line 33, in <module>
    sys.exit(load_entry_point('fairseq', 'console_scripts', 'fairseq-train')())
  File "/workspace/data/users/zanchangtong1/3_XIE/fairseq/fairseq_cli/train.py", line 394, in cli_main
    distributed_utils.call_main(cfg, main)
  File "/workspace/data/users/zanchangtong1/3_XIE/fairseq/fairseq/distributed_utils.py", line 334, in call_main
    main(cfg, **kwargs)
  File "/workspace/data/users/zanchangtong1/3_XIE/fairseq/fairseq_cli/train.py", line 121, in main
    disable_iterator_cache=task.has_sharded_data("train"),
  File "/workspace/data/users/zanchangtong1/3_XIE/fairseq/fairseq/checkpoint_utils.py", line 196, in load_checkpoint
    reset_meters=reset_meters,
  File "/workspace/data/users/zanchangtong1/3_XIE/fairseq/fairseq/trainer.py", line 341, in load_checkpoint
    state["model"], strict=False, model_cfg=self.cfg.model
  File "/workspace/data/users/zanchangtong1/3_XIE/fairseq/fairseq/models/fairseq_model.py", line 113, in load_state_dict
    self.upgrade_state_dict(state_dict)
  File "/workspace/data/users/zanchangtong1/3_XIE/fairseq/fairseq/models/fairseq_model.py", line 119, in upgrade_state_dict
    self.upgrade_state_dict_named(state_dict, "")
  File "/workspace/data/users/zanchangtong1/3_XIE/fairseq/fairseq/models/bart/model.py", line 283, in upgrade_state_dict_named
    logger.info("Overwriting", prefix + "classification_heads." + k)
Message: 'Overwriting'
Arguments: ('classification_heads.sentence_classification_head.out_proj.bias',)
2022-03-26 08:19:53 | INFO | train_inner | epoch 001:    100 / 380 loss=3.463, nll_loss=0.014, accuracy=21.7, wps=5882.4, ups=3.36, wpb=1744.6, bsz=6.9, num_updates=100, lr=9.59248e-06, gnorm=43.447, loss_scale=4, train_wall=30, wall=36
2022-03-26 08:20:20 | INFO | train_inner | epoch 001:    200 / 380 loss=2.452, nll_loss=0.01, accuracy=47.6, wps=6135.8, ups=3.72, wpb=1650, bsz=6.9, num_updates=200, lr=8.54754e-06, gnorm=27.338, loss_scale=8, train_wall=26, wall=63
2022-03-26 08:20:47 | INFO | train_inner | epoch 001:    300 / 380 loss=1.944, nll_loss=0.008, accuracy=58.5, wps=6283.5, ups=3.65, wpb=1722, bsz=6.8, num_updates=300, lr=7.50261e-06, gnorm=27.26, loss_scale=16, train_wall=27, wall=90
2022-03-26 08:21:09 | INFO | fairseq_cli.train | begin validation on "valid" subset
2022-03-26 08:21:12 | INFO | valid | epoch 001 | valid on 'valid' subset | loss 1.535 | nll_loss 0.009 | accuracy 65.8 | wps 20098.7 | wpb 1433.5 | bsz 8.2 | num_updates 380
2022-03-26 08:21:12 | INFO | fairseq_cli.train | begin save checkpoint
2022-03-26 08:21:12 | INFO | fairseq.trainer | Preparing to save checkpoint to /workspace/data/users/zanchangtong1/3_XIE/checkpoints/ace05.mbart.prompt_2.ar_AR/checkpoint1.pt after 380 updates
2022-03-26 08:21:33 | INFO | fairseq.trainer | Finished saving checkpoint to /workspace/data/users/zanchangtong1/3_XIE/checkpoints/ace05.mbart.prompt_2.ar_AR/checkpoint1.pt
2022-03-26 08:21:54 | INFO | fairseq.checkpoint_utils | saved checkpoint /workspace/data/users/zanchangtong1/3_XIE/checkpoints/ace05.mbart.prompt_2.ar_AR/checkpoint1.pt (epoch 1 @ 380 updates, score 65.8) (writing took 42.06336695514619 seconds)
2022-03-26 08:21:54 | INFO | fairseq_cli.train | end of epoch 1 (average epoch stats below)
2022-03-26 08:21:54 | INFO | train | epoch 001 | loss 2.444 | nll_loss 0.01 | accuracy 46.5 | wps 4249.3 | ups 2.52 | wpb 1682.1 | bsz 6.9 | num_updates 380 | lr 6.66667e-06 | gnorm 31.393 | loss_scale 16 | train_wall 105 | wall 157
2022-03-26 08:21:54 | INFO | fairseq.trainer | begin training epoch 2
2022-03-26 08:21:59 | INFO | train_inner | epoch 002:     20 / 380 loss=1.674, nll_loss=0.007, accuracy=64.1, wps=2264.7, ups=1.39, wpb=1630.2, bsz=6.8, num_updates=400, lr=6.45768e-06, gnorm=25.459, loss_scale=32, train_wall=27, wall=162
2022-03-26 08:22:26 | INFO | train_inner | epoch 002:    120 / 380 loss=1.268, nll_loss=0.005, accuracy=72.3, wps=6184.2, ups=3.7, wpb=1670.3, bsz=6.9, num_updates=500, lr=5.41275e-06, gnorm=24.983, loss_scale=32, train_wall=27, wall=189
2022-03-26 08:22:53 | INFO | train_inner | epoch 002:    220 / 380 loss=1.187, nll_loss=0.005, accuracy=74.4, wps=6464.2, ups=3.7, wpb=1747.2, bsz=6.8, num_updates=600, lr=4.36782e-06, gnorm=22.571, loss_scale=64, train_wall=27, wall=216
2022-03-26 08:23:20 | INFO | train_inner | epoch 002:    320 / 380 loss=1.18, nll_loss=0.005, accuracy=73.8, wps=6194.4, ups=3.74, wpb=1655.3, bsz=6.9, num_updates=700, lr=3.32288e-06, gnorm=23.892, loss_scale=128, train_wall=26, wall=243
2022-03-26 08:23:36 | INFO | fairseq_cli.train | begin validation on "valid" subset
2022-03-26 08:23:39 | INFO | valid | epoch 002 | valid on 'valid' subset | loss 1.181 | nll_loss 0.007 | accuracy 76.3 | wps 20122.6 | wpb 1433.5 | bsz 8.2 | num_updates 760 | best_accuracy 76.3
2022-03-26 08:23:39 | INFO | fairseq_cli.train | begin save checkpoint
2022-03-26 08:23:39 | INFO | fairseq.trainer | Preparing to save checkpoint to /workspace/data/users/zanchangtong1/3_XIE/checkpoints/ace05.mbart.prompt_2.ar_AR/checkpoint2.pt after 760 updates
2022-03-26 08:23:57 | INFO | fairseq.trainer | Finished saving checkpoint to /workspace/data/users/zanchangtong1/3_XIE/checkpoints/ace05.mbart.prompt_2.ar_AR/checkpoint2.pt
2022-03-26 08:24:16 | INFO | fairseq.checkpoint_utils | saved checkpoint /workspace/data/users/zanchangtong1/3_XIE/checkpoints/ace05.mbart.prompt_2.ar_AR/checkpoint2.pt (epoch 2 @ 760 updates, score 76.3) (writing took 36.824532989412546 seconds)
2022-03-26 08:24:16 | INFO | fairseq_cli.train | end of epoch 2 (average epoch stats below)
2022-03-26 08:24:16 | INFO | train | epoch 002 | loss 1.169 | nll_loss 0.005 | accuracy 74.8 | wps 4508.8 | ups 2.68 | wpb 1682.1 | bsz 6.9 | num_updates 760 | lr 2.69592e-06 | gnorm 23.271 | loss_scale 128 | train_wall 100 | wall 299
2022-03-26 08:24:16 | INFO | fairseq.trainer | begin training epoch 3
2022-03-26 08:24:26 | INFO | train_inner | epoch 003:     40 / 380 loss=0.944, nll_loss=0.004, accuracy=80.4, wps=2422.3, ups=1.51, wpb=1604.1, bsz=6.9, num_updates=800, lr=2.27795e-06, gnorm=20.758, loss_scale=256, train_wall=26, wall=309
2022-03-26 08:24:53 | INFO | train_inner | epoch 003:    140 / 380 loss=0.76, nll_loss=0.003, accuracy=84.9, wps=6181.3, ups=3.81, wpb=1624.5, bsz=7.1, num_updates=900, lr=1.23302e-06, gnorm=17.226, loss_scale=512, train_wall=26, wall=336
2022-03-26 08:24:55 | INFO | fairseq.trainer | NOTE: overflow detected, setting loss scale to: 256.0
2022-03-26 08:25:20 | INFO | train_inner | epoch 003:    241 / 380 loss=0.803, nll_loss=0.003, accuracy=83.7, wps=6277.7, ups=3.68, wpb=1707.9, bsz=6.8, num_updates=1000, lr=1.88088e-07, gnorm=20.108, loss_scale=256, train_wall=27, wall=363
2022-03-26 08:25:25 | INFO | fairseq_cli.train | begin validation on "valid" subset
2022-03-26 08:25:27 | INFO | valid | epoch 003 | valid on 'valid' subset | loss 1.094 | nll_loss 0.006 | accuracy 76 | wps 20121.6 | wpb 1433.5 | bsz 8.2 | num_updates 1018 | best_accuracy 76.3
2022-03-26 08:25:27 | INFO | fairseq_cli.train | begin save checkpoint
2022-03-26 08:25:27 | INFO | fairseq.trainer | Preparing to save checkpoint to /workspace/data/users/zanchangtong1/3_XIE/checkpoints/ace05.mbart.prompt_2.ar_AR/checkpoint_last.pt after 1018 updates
2022-03-26 08:25:44 | INFO | fairseq.trainer | Finished saving checkpoint to /workspace/data/users/zanchangtong1/3_XIE/checkpoints/ace05.mbart.prompt_2.ar_AR/checkpoint_last.pt
2022-03-26 08:25:44 | INFO | fairseq.checkpoint_utils | saved checkpoint /workspace/data/users/zanchangtong1/3_XIE/checkpoints/ace05.mbart.prompt_2.ar_AR/checkpoint_last.pt (epoch 3 @ 1018 updates, score 76.0) (writing took 16.808029416948557 seconds)
2022-03-26 08:25:44 | INFO | fairseq_cli.train | end of epoch 3 (average epoch stats below)
2022-03-26 08:25:44 | INFO | train | epoch 003 | loss 0.795 | nll_loss 0.003 | accuracy 84 | wps 4819.1 | ups 2.91 | wpb 1656.4 | bsz 6.9 | num_updates 1018 | lr 0 | gnorm 18.537 | loss_scale 256 | train_wall 68 | wall 387
2022-03-26 08:25:44 | INFO | fairseq_cli.train | done training in 382.2 seconds
