2022-03-26 08:18:49 | INFO | fairseq_cli.train | {'_name': None, 'common': {'_name': None, 'no_progress_bar': False, 'log_interval': 100, 'log_format': None, 'tensorboard_logdir': '/workspace/data/users/zanchangtong1/3_XIE/checkpoints/ace05.mbart.prompt_2.en_XX/tensorboard', 'wandb_project': None, 'seed': 222, 'cpu': False, 'tpu': False, 'bf16': False, 'memory_efficient_bf16': False, 'fp16': True, 'memory_efficient_fp16': False, 'fp16_no_flatten_grads': False, 'fp16_init_scale': 4, 'fp16_scale_window': 128, 'fp16_scale_tolerance': 0.0, 'min_loss_scale': 0.0001, 'threshold_loss_scale': 1.0, 'user_dir': None, 'empty_cache_freq': 0, 'all_gather_list_size': 16384, 'model_parallel_size': 1, 'quantization_config_path': None, 'profile': False, 'reset_logging': True}, 'common_eval': {'_name': None, 'path': None, 'post_process': None, 'quiet': False, 'model_overrides': '{}', 'results_path': None}, 'distributed_training': {'_name': None, 'distributed_world_size': 1, 'distributed_rank': 0, 'distributed_backend': 'nccl', 'distributed_init_method': None, 'distributed_port': -1, 'device_id': 0, 'distributed_no_spawn': False, 'ddp_backend': 'no_c10d', 'bucket_cap_mb': 25, 'fix_batches_to_gpus': False, 'find_unused_parameters': True, 'fast_stat_sync': False, 'broadcast_buffers': False, 'distributed_wrapper': 'DDP', 'slowmo_momentum': None, 'slowmo_algorithm': 'LocalSGD', 'localsgd_frequency': 3, 'nprocs_per_node': 1, 'pipeline_model_parallel': False, 'pipeline_balance': None, 'pipeline_devices': None, 'pipeline_chunks': 0, 'pipeline_encoder_balance': None, 'pipeline_encoder_devices': None, 'pipeline_decoder_balance': None, 'pipeline_decoder_devices': None, 'pipeline_checkpoint': 'never', 'zero_sharding': 'none', 'tpu': False, 'distributed_num_procs': 1}, 'dataset': {'_name': None, 'num_workers': 1, 'skip_invalid_size_inputs_valid_test': False, 'max_tokens': 4400, 'batch_size': 64, 'required_batch_size_multiple': 1, 'required_seq_len_multiple': 1, 'dataset_impl': None, 'data_buffer_size': 10, 'train_subset': 'train', 'valid_subset': 'valid', 'validate_interval': 1, 'validate_interval_updates': 0, 'validate_after_updates': 0, 'fixed_validation_seed': None, 'disable_validation': False, 'max_tokens_valid': 4400, 'batch_size_valid': 64, 'curriculum': 0, 'gen_subset': 'test', 'num_shards': 1, 'shard_id': 0}, 'optimization': {'_name': None, 'max_epoch': 10, 'max_update': 1334, 'stop_time_hours': 0.0, 'clip_norm': 0.0, 'sentence_avg': False, 'update_freq': [1], 'lr': [2e-05], 'min_lr': -1.0, 'use_bmuf': False}, 'checkpoint': {'_name': None, 'save_dir': '/workspace/data/users/zanchangtong1/3_XIE/checkpoints/ace05.mbart.prompt_2.en_XX', 'restore_file': '/workspace/data/users/zanchangtong1/mbart.cc25/model.pt', 'finetune_from_model': None, 'reset_dataloader': True, 'reset_lr_scheduler': True, 'reset_meters': True, 'reset_optimizer': True, 'optimizer_overrides': '{}', 'save_interval': 1, 'save_interval_updates': 0, 'keep_interval_updates': -1, 'keep_last_epochs': -1, 'keep_best_checkpoints': -1, 'no_save': False, 'no_epoch_checkpoints': False, 'no_last_checkpoints': False, 'no_save_optimizer_state': False, 'best_checkpoint_metric': 'accuracy', 'maximize_best_checkpoint_metric': True, 'patience': -1, 'checkpoint_suffix': '', 'checkpoint_shard_count': 1, 'model_parallel_size': 1, 'distributed_rank': 0}, 'bmuf': {'_name': None, 'block_lr': 1.0, 'block_momentum': 0.875, 'global_sync_iter': 50, 'warmup_iterations': 500, 'use_nbm': False, 'average_sync': False, 'distributed_world_size': 1}, 'generation': {'_name': None, 'beam': 5, 'nbest': 1, 'max_len_a': 0.0, 'max_len_b': 200, 'min_len': 1, 'match_source_len': False, 'unnormalized': False, 'no_early_stop': False, 'no_beamable_mm': False, 'lenpen': 1.0, 'unkpen': 0.0, 'replace_unk': None, 'sacrebleu': False, 'score_reference': False, 'prefix_size': 0, 'no_repeat_ngram_size': 0, 'sampling': False, 'sampling_topk': -1, 'sampling_topp': -1.0, 'constraints': None, 'temperature': 1.0, 'diverse_beam_groups': -1, 'diverse_beam_strength': 0.5, 'diversity_rate': -1.0, 'print_alignment': False, 'print_step': False, 'lm_path': None, 'lm_weight': 0.0, 'iter_decode_eos_penalty': 0.0, 'iter_decode_max_iter': 10, 'iter_decode_force_max_iter': False, 'iter_decode_with_beam': 1, 'iter_decode_with_external_reranker': False, 'retain_iter_history': False, 'retain_dropout': False, 'retain_dropout_modules': None, 'decoding_format': None, 'no_seed_provided': False}, 'eval_lm': {'_name': None, 'output_word_probs': False, 'output_word_stats': False, 'context_window': 0, 'softmax_batch': 9223372036854775807}, 'interactive': {'_name': None, 'buffer_size': 0, 'input': '-'}, 'model': Namespace(_name='mbart_large', activation_fn='gelu', adam_betas='(0.9, 0.98)', adam_eps=1e-08, adaptive_softmax_cutoff=None, adaptive_softmax_dropout=0, add_prev_output_tokens=True, all_gather_list_size=16384, arch='mbart_large', attention_dropout=0.1, batch_size=64, batch_size_valid=64, best_checkpoint_metric='accuracy', bf16=False, bpe=None, broadcast_buffers=False, bucket_cap_mb=25, checkpoint_shard_count=1, checkpoint_suffix='', classification_head_name='sentence_classification_head', clip_norm=0.0, cpu=False, criterion='sentence_prediction', cross_self_attention=False, curriculum=0, data='/workspace/data/users/zanchangtong1/3_XIE/data_bin/ace05/mbart.prompt_2/En/', data_buffer_size=10, dataset_impl=None, ddp_backend='no_c10d', decoder_attention_heads=16, decoder_embed_dim=1024, decoder_embed_path=None, decoder_ffn_embed_dim=4096, decoder_input_dim=1024, decoder_layerdrop=0, decoder_layers=12, decoder_layers_to_keep=None, decoder_learned_pos=True, decoder_normalize_before=True, decoder_output_dim=1024, device_id=0, disable_validation=False, distributed_backend='nccl', distributed_init_method=None, distributed_no_spawn=False, distributed_port=-1, distributed_rank=0, distributed_world_size=1, distributed_wrapper='DDP', dropout=0.1, empty_cache_freq=0, encoder_attention_heads=16, encoder_embed_dim=1024, encoder_embed_path=None, encoder_ffn_embed_dim=4096, encoder_layerdrop=0, encoder_layers=12, encoder_layers_to_keep=None, encoder_learned_pos=True, encoder_normalize_before=True, end_learning_rate=0.0, eos=2, fast_stat_sync=False, find_unused_parameters=True, finetune_from_model=None, fix_batches_to_gpus=False, fixed_validation_seed=None, force_anneal=None, fp16=True, fp16_init_scale=4, fp16_no_flatten_grads=False, fp16_scale_tolerance=0.0, fp16_scale_window=128, gen_subset='test', init_token=0, keep_best_checkpoints=-1, keep_interval_updates=-1, keep_last_epochs=-1, langs='ar_AR,cs_CZ,de_DE,en_XX,es_XX,et_EE,fi_FI,fr_XX,gu_IN,hi_IN,it_IT,ja_XX,kk_KZ,ko_KR,lt_LT,lv_LV,my_MM,ne_NP,nl_XX,ro_RO,ru_RU,si_LK,tr_TR,vi_VN,zh_CN', layernorm_embedding=True, localsgd_frequency=3, log_format=None, log_interval=100, lr=[2e-05], lr_scheduler='polynomial_decay', max_epoch=10, max_source_positions=1024, max_target_positions=1024, max_tokens=4400, max_tokens_valid=4400, max_update=1334, maximize_best_checkpoint_metric=True, memory_efficient_bf16=False, memory_efficient_fp16=False, min_loss_scale=0.0001, min_lr=-1.0, model_parallel_size=1, no_cross_attention=False, no_epoch_checkpoints=False, no_last_checkpoints=False, no_progress_bar=False, no_save=False, no_save_optimizer_state=False, no_scale_embedding=False, no_seed_provided=False, no_shuffle=False, no_token_positional_embeddings=False, nprocs_per_node=1, num_classes=18, num_shards=1, num_workers=1, optimizer='adam', optimizer_overrides='{}', pad=1, patience=-1, pipeline_balance=None, pipeline_checkpoint='never', pipeline_chunks=0, pipeline_decoder_balance=None, pipeline_decoder_devices=None, pipeline_devices=None, pipeline_encoder_balance=None, pipeline_encoder_devices=None, pipeline_model_parallel=False, pooler_activation_fn='tanh', pooler_dropout=0.0, power=1.0, prepend_bos=False, profile=False, quant_noise_pq=0, quant_noise_pq_block_size=8, quant_noise_scalar=0, quantization_config_path=None, regression_target=False, relu_dropout=0.0, required_batch_size_multiple=1, required_seq_len_multiple=1, reset_dataloader=True, reset_logging=True, reset_lr_scheduler=True, reset_meters=True, reset_optimizer=True, restore_file='/workspace/data/users/zanchangtong1/mbart.cc25/model.pt', save_dir='/workspace/data/users/zanchangtong1/3_XIE/checkpoints/ace05.mbart.prompt_2.en_XX', save_interval=1, save_interval_updates=0, scoring='bleu', seed=222, sentence_avg=False, separator_token=None, shard_id=0, share_all_embeddings=True, share_decoder_input_output_embed=True, shorten_data_split_list='', shorten_method='none', skip_invalid_size_inputs_valid_test=False, slowmo_algorithm='LocalSGD', slowmo_momentum=None, src_language='en_XX', stop_time_hours=0, task='mbart_sentence_prediction', tensorboard_logdir='/workspace/data/users/zanchangtong1/3_XIE/checkpoints/ace05.mbart.prompt_2.en_XX/tensorboard', tgt_language='en_XX', threshold_loss_scale=1.0, tokenizer=None, total_num_update='1334', tpu=False, train_subset='train', unk=3, update_freq=[1], use_bmuf=False, use_old_adam=False, user_dir=None, valid_subset='valid', validate_after_updates=0, validate_interval=1, validate_interval_updates=0, wandb_project=None, warmup_updates=68, weight_decay=0.01, zero_sharding='none'), 'task': Namespace(_name='mbart_sentence_prediction', activation_fn='gelu', adam_betas='(0.9, 0.98)', adam_eps=1e-08, adaptive_softmax_cutoff=None, adaptive_softmax_dropout=0, add_prev_output_tokens=True, all_gather_list_size=16384, arch='mbart_large', attention_dropout=0.1, batch_size=64, batch_size_valid=64, best_checkpoint_metric='accuracy', bf16=False, bpe=None, broadcast_buffers=False, bucket_cap_mb=25, checkpoint_shard_count=1, checkpoint_suffix='', classification_head_name='sentence_classification_head', clip_norm=0.0, cpu=False, criterion='sentence_prediction', cross_self_attention=False, curriculum=0, data='/workspace/data/users/zanchangtong1/3_XIE/data_bin/ace05/mbart.prompt_2/En/', data_buffer_size=10, dataset_impl=None, ddp_backend='no_c10d', decoder_attention_heads=16, decoder_embed_dim=1024, decoder_embed_path=None, decoder_ffn_embed_dim=4096, decoder_input_dim=1024, decoder_layerdrop=0, decoder_layers=12, decoder_layers_to_keep=None, decoder_learned_pos=True, decoder_normalize_before=True, decoder_output_dim=1024, device_id=0, disable_validation=False, distributed_backend='nccl', distributed_init_method=None, distributed_no_spawn=False, distributed_port=-1, distributed_rank=0, distributed_world_size=1, distributed_wrapper='DDP', dropout=0.1, empty_cache_freq=0, encoder_attention_heads=16, encoder_embed_dim=1024, encoder_embed_path=None, encoder_ffn_embed_dim=4096, encoder_layerdrop=0, encoder_layers=12, encoder_layers_to_keep=None, encoder_learned_pos=True, encoder_normalize_before=True, end_learning_rate=0.0, eos=2, fast_stat_sync=False, find_unused_parameters=True, finetune_from_model=None, fix_batches_to_gpus=False, fixed_validation_seed=None, force_anneal=None, fp16=True, fp16_init_scale=4, fp16_no_flatten_grads=False, fp16_scale_tolerance=0.0, fp16_scale_window=128, gen_subset='test', init_token=0, keep_best_checkpoints=-1, keep_interval_updates=-1, keep_last_epochs=-1, langs='ar_AR,cs_CZ,de_DE,en_XX,es_XX,et_EE,fi_FI,fr_XX,gu_IN,hi_IN,it_IT,ja_XX,kk_KZ,ko_KR,lt_LT,lv_LV,my_MM,ne_NP,nl_XX,ro_RO,ru_RU,si_LK,tr_TR,vi_VN,zh_CN', layernorm_embedding=True, localsgd_frequency=3, log_format=None, log_interval=100, lr=[2e-05], lr_scheduler='polynomial_decay', max_epoch=10, max_source_positions=1024, max_target_positions=1024, max_tokens=4400, max_tokens_valid=4400, max_update=1334, maximize_best_checkpoint_metric=True, memory_efficient_bf16=False, memory_efficient_fp16=False, min_loss_scale=0.0001, min_lr=-1.0, model_parallel_size=1, no_cross_attention=False, no_epoch_checkpoints=False, no_last_checkpoints=False, no_progress_bar=False, no_save=False, no_save_optimizer_state=False, no_scale_embedding=False, no_seed_provided=False, no_shuffle=False, no_token_positional_embeddings=False, nprocs_per_node=1, num_classes=18, num_shards=1, num_workers=1, optimizer='adam', optimizer_overrides='{}', pad=1, patience=-1, pipeline_balance=None, pipeline_checkpoint='never', pipeline_chunks=0, pipeline_decoder_balance=None, pipeline_decoder_devices=None, pipeline_devices=None, pipeline_encoder_balance=None, pipeline_encoder_devices=None, pipeline_model_parallel=False, pooler_activation_fn='tanh', pooler_dropout=0.0, power=1.0, prepend_bos=False, profile=False, quant_noise_pq=0, quant_noise_pq_block_size=8, quant_noise_scalar=0, quantization_config_path=None, regression_target=False, relu_dropout=0.0, required_batch_size_multiple=1, required_seq_len_multiple=1, reset_dataloader=True, reset_logging=True, reset_lr_scheduler=True, reset_meters=True, reset_optimizer=True, restore_file='/workspace/data/users/zanchangtong1/mbart.cc25/model.pt', save_dir='/workspace/data/users/zanchangtong1/3_XIE/checkpoints/ace05.mbart.prompt_2.en_XX', save_interval=1, save_interval_updates=0, scoring='bleu', seed=222, sentence_avg=False, separator_token=None, shard_id=0, share_all_embeddings=True, share_decoder_input_output_embed=True, shorten_data_split_list='', shorten_method='none', skip_invalid_size_inputs_valid_test=False, slowmo_algorithm='LocalSGD', slowmo_momentum=None, src_language='en_XX', stop_time_hours=0, task='mbart_sentence_prediction', tensorboard_logdir='/workspace/data/users/zanchangtong1/3_XIE/checkpoints/ace05.mbart.prompt_2.en_XX/tensorboard', tgt_language='en_XX', threshold_loss_scale=1.0, tokenizer=None, total_num_update='1334', tpu=False, train_subset='train', unk=3, update_freq=[1], use_bmuf=False, use_old_adam=False, user_dir=None, valid_subset='valid', validate_after_updates=0, validate_interval=1, validate_interval_updates=0, wandb_project=None, warmup_updates=68, weight_decay=0.01, zero_sharding='none'), 'criterion': Namespace(_name='sentence_prediction', activation_fn='gelu', adam_betas='(0.9, 0.98)', adam_eps=1e-08, adaptive_softmax_cutoff=None, adaptive_softmax_dropout=0, add_prev_output_tokens=True, all_gather_list_size=16384, arch='mbart_large', attention_dropout=0.1, batch_size=64, batch_size_valid=64, best_checkpoint_metric='accuracy', bf16=False, bpe=None, broadcast_buffers=False, bucket_cap_mb=25, checkpoint_shard_count=1, checkpoint_suffix='', classification_head_name='sentence_classification_head', clip_norm=0.0, cpu=False, criterion='sentence_prediction', cross_self_attention=False, curriculum=0, data='/workspace/data/users/zanchangtong1/3_XIE/data_bin/ace05/mbart.prompt_2/En/', data_buffer_size=10, dataset_impl=None, ddp_backend='no_c10d', decoder_attention_heads=16, decoder_embed_dim=1024, decoder_embed_path=None, decoder_ffn_embed_dim=4096, decoder_input_dim=1024, decoder_layerdrop=0, decoder_layers=12, decoder_layers_to_keep=None, decoder_learned_pos=True, decoder_normalize_before=True, decoder_output_dim=1024, device_id=0, disable_validation=False, distributed_backend='nccl', distributed_init_method=None, distributed_no_spawn=False, distributed_port=-1, distributed_rank=0, distributed_world_size=1, distributed_wrapper='DDP', dropout=0.1, empty_cache_freq=0, encoder_attention_heads=16, encoder_embed_dim=1024, encoder_embed_path=None, encoder_ffn_embed_dim=4096, encoder_layerdrop=0, encoder_layers=12, encoder_layers_to_keep=None, encoder_learned_pos=True, encoder_normalize_before=True, end_learning_rate=0.0, eos=2, fast_stat_sync=False, find_unused_parameters=True, finetune_from_model=None, fix_batches_to_gpus=False, fixed_validation_seed=None, force_anneal=None, fp16=True, fp16_init_scale=4, fp16_no_flatten_grads=False, fp16_scale_tolerance=0.0, fp16_scale_window=128, gen_subset='test', init_token=0, keep_best_checkpoints=-1, keep_interval_updates=-1, keep_last_epochs=-1, langs='ar_AR,cs_CZ,de_DE,en_XX,es_XX,et_EE,fi_FI,fr_XX,gu_IN,hi_IN,it_IT,ja_XX,kk_KZ,ko_KR,lt_LT,lv_LV,my_MM,ne_NP,nl_XX,ro_RO,ru_RU,si_LK,tr_TR,vi_VN,zh_CN', layernorm_embedding=True, localsgd_frequency=3, log_format=None, log_interval=100, lr=[2e-05], lr_scheduler='polynomial_decay', max_epoch=10, max_source_positions=1024, max_target_positions=1024, max_tokens=4400, max_tokens_valid=4400, max_update=1334, maximize_best_checkpoint_metric=True, memory_efficient_bf16=False, memory_efficient_fp16=False, min_loss_scale=0.0001, min_lr=-1.0, model_parallel_size=1, no_cross_attention=False, no_epoch_checkpoints=False, no_last_checkpoints=False, no_progress_bar=False, no_save=False, no_save_optimizer_state=False, no_scale_embedding=False, no_seed_provided=False, no_shuffle=False, no_token_positional_embeddings=False, nprocs_per_node=1, num_classes=18, num_shards=1, num_workers=1, optimizer='adam', optimizer_overrides='{}', pad=1, patience=-1, pipeline_balance=None, pipeline_checkpoint='never', pipeline_chunks=0, pipeline_decoder_balance=None, pipeline_decoder_devices=None, pipeline_devices=None, pipeline_encoder_balance=None, pipeline_encoder_devices=None, pipeline_model_parallel=False, pooler_activation_fn='tanh', pooler_dropout=0.0, power=1.0, prepend_bos=False, profile=False, quant_noise_pq=0, quant_noise_pq_block_size=8, quant_noise_scalar=0, quantization_config_path=None, regression_target=False, relu_dropout=0.0, required_batch_size_multiple=1, required_seq_len_multiple=1, reset_dataloader=True, reset_logging=True, reset_lr_scheduler=True, reset_meters=True, reset_optimizer=True, restore_file='/workspace/data/users/zanchangtong1/mbart.cc25/model.pt', save_dir='/workspace/data/users/zanchangtong1/3_XIE/checkpoints/ace05.mbart.prompt_2.en_XX', save_interval=1, save_interval_updates=0, scoring='bleu', seed=222, sentence_avg=False, separator_token=None, shard_id=0, share_all_embeddings=True, share_decoder_input_output_embed=True, shorten_data_split_list='', shorten_method='none', skip_invalid_size_inputs_valid_test=False, slowmo_algorithm='LocalSGD', slowmo_momentum=None, src_language='en_XX', stop_time_hours=0, task='mbart_sentence_prediction', tensorboard_logdir='/workspace/data/users/zanchangtong1/3_XIE/checkpoints/ace05.mbart.prompt_2.en_XX/tensorboard', tgt_language='en_XX', threshold_loss_scale=1.0, tokenizer=None, total_num_update='1334', tpu=False, train_subset='train', unk=3, update_freq=[1], use_bmuf=False, use_old_adam=False, user_dir=None, valid_subset='valid', validate_after_updates=0, validate_interval=1, validate_interval_updates=0, wandb_project=None, warmup_updates=68, weight_decay=0.01, zero_sharding='none'), 'optimizer': {'_name': 'adam', 'adam_betas': '(0.9, 0.98)', 'adam_eps': 1e-08, 'weight_decay': 0.01, 'use_old_adam': False, 'tpu': False, 'lr': [2e-05]}, 'lr_scheduler': {'_name': 'polynomial_decay', 'warmup_updates': 68, 'force_anneal': None, 'end_learning_rate': 0.0, 'power': 1.0, 'total_num_update': 1334.0, 'lr': [2e-05]}, 'scoring': {'_name': 'bleu', 'pad': 1, 'eos': 2, 'unk': 3}, 'bpe': None, 'tokenizer': None}
2022-03-26 08:18:49 | INFO | fairseq.tasks.mbart_sentence_prediction | [input] dictionary: 250002 types
2022-03-26 08:18:49 | INFO | fairseq.tasks.mbart_sentence_prediction | [label] dictionary: 25 types
2022-03-26 08:18:49 | INFO | fairseq.data.data_utils | loaded 822 examples from: /workspace/data/users/zanchangtong1/3_XIE/data_bin/ace05/mbart.prompt_2/En/input0/valid
2022-03-26 08:18:49 | INFO | fairseq.data.data_utils | loaded 822 examples from: /workspace/data/users/zanchangtong1/3_XIE/data_bin/ace05/mbart.prompt_2/En/label/valid
2022-03-26 08:18:49 | INFO | fairseq.tasks.mbart_sentence_prediction | Loaded valid with #samples: 822
2022-03-26 08:19:08 | INFO | fairseq.models.bart.model | Registering classification head: sentence_classification_head
2022-03-26 08:19:08 | INFO | fairseq_cli.train | BARTModel(
  (encoder): TransformerEncoder(
    (dropout_module): FairseqDropout()
    (embed_tokens): Embedding(250027, 1024, padding_idx=1)
    (embed_positions): LearnedPositionalEmbedding(1026, 1024, padding_idx=1)
    (layernorm_embedding): LayerNorm((1024,), eps=1e-05, elementwise_affine=True)
    (layers): ModuleList(
      (0): TransformerEncoderLayer(
        (self_attn): MultiheadAttention(
          (dropout_module): FairseqDropout()
          (k_proj): Linear(in_features=1024, out_features=1024, bias=True)
          (v_proj): Linear(in_features=1024, out_features=1024, bias=True)
          (q_proj): Linear(in_features=1024, out_features=1024, bias=True)
          (out_proj): Linear(in_features=1024, out_features=1024, bias=True)
        )
        (self_attn_layer_norm): LayerNorm((1024,), eps=1e-05, elementwise_affine=True)
        (dropout_module): FairseqDropout()
        (activation_dropout_module): FairseqDropout()
        (fc1): Linear(in_features=1024, out_features=4096, bias=True)
        (fc2): Linear(in_features=4096, out_features=1024, bias=True)
        (final_layer_norm): LayerNorm((1024,), eps=1e-05, elementwise_affine=True)
      )
      (1): TransformerEncoderLayer(
        (self_attn): MultiheadAttention(
          (dropout_module): FairseqDropout()
          (k_proj): Linear(in_features=1024, out_features=1024, bias=True)
          (v_proj): Linear(in_features=1024, out_features=1024, bias=True)
          (q_proj): Linear(in_features=1024, out_features=1024, bias=True)
          (out_proj): Linear(in_features=1024, out_features=1024, bias=True)
        )
        (self_attn_layer_norm): LayerNorm((1024,), eps=1e-05, elementwise_affine=True)
        (dropout_module): FairseqDropout()
        (activation_dropout_module): FairseqDropout()
        (fc1): Linear(in_features=1024, out_features=4096, bias=True)
        (fc2): Linear(in_features=4096, out_features=1024, bias=True)
        (final_layer_norm): LayerNorm((1024,), eps=1e-05, elementwise_affine=True)
      )
      (2): TransformerEncoderLayer(
        (self_attn): MultiheadAttention(
          (dropout_module): FairseqDropout()
          (k_proj): Linear(in_features=1024, out_features=1024, bias=True)
          (v_proj): Linear(in_features=1024, out_features=1024, bias=True)
          (q_proj): Linear(in_features=1024, out_features=1024, bias=True)
          (out_proj): Linear(in_features=1024, out_features=1024, bias=True)
        )
        (self_attn_layer_norm): LayerNorm((1024,), eps=1e-05, elementwise_affine=True)
        (dropout_module): FairseqDropout()
        (activation_dropout_module): FairseqDropout()
        (fc1): Linear(in_features=1024, out_features=4096, bias=True)
        (fc2): Linear(in_features=4096, out_features=1024, bias=True)
        (final_layer_norm): LayerNorm((1024,), eps=1e-05, elementwise_affine=True)
      )
      (3): TransformerEncoderLayer(
        (self_attn): MultiheadAttention(
          (dropout_module): FairseqDropout()
          (k_proj): Linear(in_features=1024, out_features=1024, bias=True)
          (v_proj): Linear(in_features=1024, out_features=1024, bias=True)
          (q_proj): Linear(in_features=1024, out_features=1024, bias=True)
          (out_proj): Linear(in_features=1024, out_features=1024, bias=True)
        )
        (self_attn_layer_norm): LayerNorm((1024,), eps=1e-05, elementwise_affine=True)
        (dropout_module): FairseqDropout()
        (activation_dropout_module): FairseqDropout()
        (fc1): Linear(in_features=1024, out_features=4096, bias=True)
        (fc2): Linear(in_features=4096, out_features=1024, bias=True)
        (final_layer_norm): LayerNorm((1024,), eps=1e-05, elementwise_affine=True)
      )
      (4): TransformerEncoderLayer(
        (self_attn): MultiheadAttention(
          (dropout_module): FairseqDropout()
          (k_proj): Linear(in_features=1024, out_features=1024, bias=True)
          (v_proj): Linear(in_features=1024, out_features=1024, bias=True)
          (q_proj): Linear(in_features=1024, out_features=1024, bias=True)
          (out_proj): Linear(in_features=1024, out_features=1024, bias=True)
        )
        (self_attn_layer_norm): LayerNorm((1024,), eps=1e-05, elementwise_affine=True)
        (dropout_module): FairseqDropout()
        (activation_dropout_module): FairseqDropout()
        (fc1): Linear(in_features=1024, out_features=4096, bias=True)
        (fc2): Linear(in_features=4096, out_features=1024, bias=True)
        (final_layer_norm): LayerNorm((1024,), eps=1e-05, elementwise_affine=True)
      )
      (5): TransformerEncoderLayer(
        (self_attn): MultiheadAttention(
          (dropout_module): FairseqDropout()
          (k_proj): Linear(in_features=1024, out_features=1024, bias=True)
          (v_proj): Linear(in_features=1024, out_features=1024, bias=True)
          (q_proj): Linear(in_features=1024, out_features=1024, bias=True)
          (out_proj): Linear(in_features=1024, out_features=1024, bias=True)
        )
        (self_attn_layer_norm): LayerNorm((1024,), eps=1e-05, elementwise_affine=True)
        (dropout_module): FairseqDropout()
        (activation_dropout_module): FairseqDropout()
        (fc1): Linear(in_features=1024, out_features=4096, bias=True)
        (fc2): Linear(in_features=4096, out_features=1024, bias=True)
        (final_layer_norm): LayerNorm((1024,), eps=1e-05, elementwise_affine=True)
      )
      (6): TransformerEncoderLayer(
        (self_attn): MultiheadAttention(
          (dropout_module): FairseqDropout()
          (k_proj): Linear(in_features=1024, out_features=1024, bias=True)
          (v_proj): Linear(in_features=1024, out_features=1024, bias=True)
          (q_proj): Linear(in_features=1024, out_features=1024, bias=True)
          (out_proj): Linear(in_features=1024, out_features=1024, bias=True)
        )
        (self_attn_layer_norm): LayerNorm((1024,), eps=1e-05, elementwise_affine=True)
        (dropout_module): FairseqDropout()
        (activation_dropout_module): FairseqDropout()
        (fc1): Linear(in_features=1024, out_features=4096, bias=True)
        (fc2): Linear(in_features=4096, out_features=1024, bias=True)
        (final_layer_norm): LayerNorm((1024,), eps=1e-05, elementwise_affine=True)
      )
      (7): TransformerEncoderLayer(
        (self_attn): MultiheadAttention(
          (dropout_module): FairseqDropout()
          (k_proj): Linear(in_features=1024, out_features=1024, bias=True)
          (v_proj): Linear(in_features=1024, out_features=1024, bias=True)
          (q_proj): Linear(in_features=1024, out_features=1024, bias=True)
          (out_proj): Linear(in_features=1024, out_features=1024, bias=True)
        )
        (self_attn_layer_norm): LayerNorm((1024,), eps=1e-05, elementwise_affine=True)
        (dropout_module): FairseqDropout()
        (activation_dropout_module): FairseqDropout()
        (fc1): Linear(in_features=1024, out_features=4096, bias=True)
        (fc2): Linear(in_features=4096, out_features=1024, bias=True)
        (final_layer_norm): LayerNorm((1024,), eps=1e-05, elementwise_affine=True)
      )
      (8): TransformerEncoderLayer(
        (self_attn): MultiheadAttention(
          (dropout_module): FairseqDropout()
          (k_proj): Linear(in_features=1024, out_features=1024, bias=True)
          (v_proj): Linear(in_features=1024, out_features=1024, bias=True)
          (q_proj): Linear(in_features=1024, out_features=1024, bias=True)
          (out_proj): Linear(in_features=1024, out_features=1024, bias=True)
        )
        (self_attn_layer_norm): LayerNorm((1024,), eps=1e-05, elementwise_affine=True)
        (dropout_module): FairseqDropout()
        (activation_dropout_module): FairseqDropout()
        (fc1): Linear(in_features=1024, out_features=4096, bias=True)
        (fc2): Linear(in_features=4096, out_features=1024, bias=True)
        (final_layer_norm): LayerNorm((1024,), eps=1e-05, elementwise_affine=True)
      )
      (9): TransformerEncoderLayer(
        (self_attn): MultiheadAttention(
          (dropout_module): FairseqDropout()
          (k_proj): Linear(in_features=1024, out_features=1024, bias=True)
          (v_proj): Linear(in_features=1024, out_features=1024, bias=True)
          (q_proj): Linear(in_features=1024, out_features=1024, bias=True)
          (out_proj): Linear(in_features=1024, out_features=1024, bias=True)
        )
        (self_attn_layer_norm): LayerNorm((1024,), eps=1e-05, elementwise_affine=True)
        (dropout_module): FairseqDropout()
        (activation_dropout_module): FairseqDropout()
        (fc1): Linear(in_features=1024, out_features=4096, bias=True)
        (fc2): Linear(in_features=4096, out_features=1024, bias=True)
        (final_layer_norm): LayerNorm((1024,), eps=1e-05, elementwise_affine=True)
      )
      (10): TransformerEncoderLayer(
        (self_attn): MultiheadAttention(
          (dropout_module): FairseqDropout()
          (k_proj): Linear(in_features=1024, out_features=1024, bias=True)
          (v_proj): Linear(in_features=1024, out_features=1024, bias=True)
          (q_proj): Linear(in_features=1024, out_features=1024, bias=True)
          (out_proj): Linear(in_features=1024, out_features=1024, bias=True)
        )
        (self_attn_layer_norm): LayerNorm((1024,), eps=1e-05, elementwise_affine=True)
        (dropout_module): FairseqDropout()
        (activation_dropout_module): FairseqDropout()
        (fc1): Linear(in_features=1024, out_features=4096, bias=True)
        (fc2): Linear(in_features=4096, out_features=1024, bias=True)
        (final_layer_norm): LayerNorm((1024,), eps=1e-05, elementwise_affine=True)
      )
      (11): TransformerEncoderLayer(
        (self_attn): MultiheadAttention(
          (dropout_module): FairseqDropout()
          (k_proj): Linear(in_features=1024, out_features=1024, bias=True)
          (v_proj): Linear(in_features=1024, out_features=1024, bias=True)
          (q_proj): Linear(in_features=1024, out_features=1024, bias=True)
          (out_proj): Linear(in_features=1024, out_features=1024, bias=True)
        )
        (self_attn_layer_norm): LayerNorm((1024,), eps=1e-05, elementwise_affine=True)
        (dropout_module): FairseqDropout()
        (activation_dropout_module): FairseqDropout()
        (fc1): Linear(in_features=1024, out_features=4096, bias=True)
        (fc2): Linear(in_features=4096, out_features=1024, bias=True)
        (final_layer_norm): LayerNorm((1024,), eps=1e-05, elementwise_affine=True)
      )
    )
    (layer_norm): LayerNorm((1024,), eps=1e-05, elementwise_affine=True)
  )
  (decoder): TransformerDecoder(
    (dropout_module): FairseqDropout()
    (embed_tokens): Embedding(250027, 1024, padding_idx=1)
    (embed_positions): LearnedPositionalEmbedding(1026, 1024, padding_idx=1)
    (layernorm_embedding): LayerNorm((1024,), eps=1e-05, elementwise_affine=True)
    (layers): ModuleList(
      (0): TransformerDecoderLayer(
        (dropout_module): FairseqDropout()
        (self_attn): MultiheadAttention(
          (dropout_module): FairseqDropout()
          (k_proj): Linear(in_features=1024, out_features=1024, bias=True)
          (v_proj): Linear(in_features=1024, out_features=1024, bias=True)
          (q_proj): Linear(in_features=1024, out_features=1024, bias=True)
          (out_proj): Linear(in_features=1024, out_features=1024, bias=True)
        )
        (activation_dropout_module): FairseqDropout()
        (self_attn_layer_norm): LayerNorm((1024,), eps=1e-05, elementwise_affine=True)
        (encoder_attn): MultiheadAttention(
          (dropout_module): FairseqDropout()
          (k_proj): Linear(in_features=1024, out_features=1024, bias=True)
          (v_proj): Linear(in_features=1024, out_features=1024, bias=True)
          (q_proj): Linear(in_features=1024, out_features=1024, bias=True)
          (out_proj): Linear(in_features=1024, out_features=1024, bias=True)
        )
        (encoder_attn_layer_norm): LayerNorm((1024,), eps=1e-05, elementwise_affine=True)
        (fc1): Linear(in_features=1024, out_features=4096, bias=True)
        (fc2): Linear(in_features=4096, out_features=1024, bias=True)
        (final_layer_norm): LayerNorm((1024,), eps=1e-05, elementwise_affine=True)
      )
      (1): TransformerDecoderLayer(
        (dropout_module): FairseqDropout()
        (self_attn): MultiheadAttention(
          (dropout_module): FairseqDropout()
          (k_proj): Linear(in_features=1024, out_features=1024, bias=True)
          (v_proj): Linear(in_features=1024, out_features=1024, bias=True)
          (q_proj): Linear(in_features=1024, out_features=1024, bias=True)
          (out_proj): Linear(in_features=1024, out_features=1024, bias=True)
        )
        (activation_dropout_module): FairseqDropout()
        (self_attn_layer_norm): LayerNorm((1024,), eps=1e-05, elementwise_affine=True)
        (encoder_attn): MultiheadAttention(
          (dropout_module): FairseqDropout()
          (k_proj): Linear(in_features=1024, out_features=1024, bias=True)
          (v_proj): Linear(in_features=1024, out_features=1024, bias=True)
          (q_proj): Linear(in_features=1024, out_features=1024, bias=True)
          (out_proj): Linear(in_features=1024, out_features=1024, bias=True)
        )
        (encoder_attn_layer_norm): LayerNorm((1024,), eps=1e-05, elementwise_affine=True)
        (fc1): Linear(in_features=1024, out_features=4096, bias=True)
        (fc2): Linear(in_features=4096, out_features=1024, bias=True)
        (final_layer_norm): LayerNorm((1024,), eps=1e-05, elementwise_affine=True)
      )
      (2): TransformerDecoderLayer(
        (dropout_module): FairseqDropout()
        (self_attn): MultiheadAttention(
          (dropout_module): FairseqDropout()
          (k_proj): Linear(in_features=1024, out_features=1024, bias=True)
          (v_proj): Linear(in_features=1024, out_features=1024, bias=True)
          (q_proj): Linear(in_features=1024, out_features=1024, bias=True)
          (out_proj): Linear(in_features=1024, out_features=1024, bias=True)
        )
        (activation_dropout_module): FairseqDropout()
        (self_attn_layer_norm): LayerNorm((1024,), eps=1e-05, elementwise_affine=True)
        (encoder_attn): MultiheadAttention(
          (dropout_module): FairseqDropout()
          (k_proj): Linear(in_features=1024, out_features=1024, bias=True)
          (v_proj): Linear(in_features=1024, out_features=1024, bias=True)
          (q_proj): Linear(in_features=1024, out_features=1024, bias=True)
          (out_proj): Linear(in_features=1024, out_features=1024, bias=True)
        )
        (encoder_attn_layer_norm): LayerNorm((1024,), eps=1e-05, elementwise_affine=True)
        (fc1): Linear(in_features=1024, out_features=4096, bias=True)
        (fc2): Linear(in_features=4096, out_features=1024, bias=True)
        (final_layer_norm): LayerNorm((1024,), eps=1e-05, elementwise_affine=True)
      )
      (3): TransformerDecoderLayer(
        (dropout_module): FairseqDropout()
        (self_attn): MultiheadAttention(
          (dropout_module): FairseqDropout()
          (k_proj): Linear(in_features=1024, out_features=1024, bias=True)
          (v_proj): Linear(in_features=1024, out_features=1024, bias=True)
          (q_proj): Linear(in_features=1024, out_features=1024, bias=True)
          (out_proj): Linear(in_features=1024, out_features=1024, bias=True)
        )
        (activation_dropout_module): FairseqDropout()
        (self_attn_layer_norm): LayerNorm((1024,), eps=1e-05, elementwise_affine=True)
        (encoder_attn): MultiheadAttention(
          (dropout_module): FairseqDropout()
          (k_proj): Linear(in_features=1024, out_features=1024, bias=True)
          (v_proj): Linear(in_features=1024, out_features=1024, bias=True)
          (q_proj): Linear(in_features=1024, out_features=1024, bias=True)
          (out_proj): Linear(in_features=1024, out_features=1024, bias=True)
        )
        (encoder_attn_layer_norm): LayerNorm((1024,), eps=1e-05, elementwise_affine=True)
        (fc1): Linear(in_features=1024, out_features=4096, bias=True)
        (fc2): Linear(in_features=4096, out_features=1024, bias=True)
        (final_layer_norm): LayerNorm((1024,), eps=1e-05, elementwise_affine=True)
      )
      (4): TransformerDecoderLayer(
        (dropout_module): FairseqDropout()
        (self_attn): MultiheadAttention(
          (dropout_module): FairseqDropout()
          (k_proj): Linear(in_features=1024, out_features=1024, bias=True)
          (v_proj): Linear(in_features=1024, out_features=1024, bias=True)
          (q_proj): Linear(in_features=1024, out_features=1024, bias=True)
          (out_proj): Linear(in_features=1024, out_features=1024, bias=True)
        )
        (activation_dropout_module): FairseqDropout()
        (self_attn_layer_norm): LayerNorm((1024,), eps=1e-05, elementwise_affine=True)
        (encoder_attn): MultiheadAttention(
          (dropout_module): FairseqDropout()
          (k_proj): Linear(in_features=1024, out_features=1024, bias=True)
          (v_proj): Linear(in_features=1024, out_features=1024, bias=True)
          (q_proj): Linear(in_features=1024, out_features=1024, bias=True)
          (out_proj): Linear(in_features=1024, out_features=1024, bias=True)
        )
        (encoder_attn_layer_norm): LayerNorm((1024,), eps=1e-05, elementwise_affine=True)
        (fc1): Linear(in_features=1024, out_features=4096, bias=True)
        (fc2): Linear(in_features=4096, out_features=1024, bias=True)
        (final_layer_norm): LayerNorm((1024,), eps=1e-05, elementwise_affine=True)
      )
      (5): TransformerDecoderLayer(
        (dropout_module): FairseqDropout()
        (self_attn): MultiheadAttention(
          (dropout_module): FairseqDropout()
          (k_proj): Linear(in_features=1024, out_features=1024, bias=True)
          (v_proj): Linear(in_features=1024, out_features=1024, bias=True)
          (q_proj): Linear(in_features=1024, out_features=1024, bias=True)
          (out_proj): Linear(in_features=1024, out_features=1024, bias=True)
        )
        (activation_dropout_module): FairseqDropout()
        (self_attn_layer_norm): LayerNorm((1024,), eps=1e-05, elementwise_affine=True)
        (encoder_attn): MultiheadAttention(
          (dropout_module): FairseqDropout()
          (k_proj): Linear(in_features=1024, out_features=1024, bias=True)
          (v_proj): Linear(in_features=1024, out_features=1024, bias=True)
          (q_proj): Linear(in_features=1024, out_features=1024, bias=True)
          (out_proj): Linear(in_features=1024, out_features=1024, bias=True)
        )
        (encoder_attn_layer_norm): LayerNorm((1024,), eps=1e-05, elementwise_affine=True)
        (fc1): Linear(in_features=1024, out_features=4096, bias=True)
        (fc2): Linear(in_features=4096, out_features=1024, bias=True)
        (final_layer_norm): LayerNorm((1024,), eps=1e-05, elementwise_affine=True)
      )
      (6): TransformerDecoderLayer(
        (dropout_module): FairseqDropout()
        (self_attn): MultiheadAttention(
          (dropout_module): FairseqDropout()
          (k_proj): Linear(in_features=1024, out_features=1024, bias=True)
          (v_proj): Linear(in_features=1024, out_features=1024, bias=True)
          (q_proj): Linear(in_features=1024, out_features=1024, bias=True)
          (out_proj): Linear(in_features=1024, out_features=1024, bias=True)
        )
        (activation_dropout_module): FairseqDropout()
        (self_attn_layer_norm): LayerNorm((1024,), eps=1e-05, elementwise_affine=True)
        (encoder_attn): MultiheadAttention(
          (dropout_module): FairseqDropout()
          (k_proj): Linear(in_features=1024, out_features=1024, bias=True)
          (v_proj): Linear(in_features=1024, out_features=1024, bias=True)
          (q_proj): Linear(in_features=1024, out_features=1024, bias=True)
          (out_proj): Linear(in_features=1024, out_features=1024, bias=True)
        )
        (encoder_attn_layer_norm): LayerNorm((1024,), eps=1e-05, elementwise_affine=True)
        (fc1): Linear(in_features=1024, out_features=4096, bias=True)
        (fc2): Linear(in_features=4096, out_features=1024, bias=True)
        (final_layer_norm): LayerNorm((1024,), eps=1e-05, elementwise_affine=True)
      )
      (7): TransformerDecoderLayer(
        (dropout_module): FairseqDropout()
        (self_attn): MultiheadAttention(
          (dropout_module): FairseqDropout()
          (k_proj): Linear(in_features=1024, out_features=1024, bias=True)
          (v_proj): Linear(in_features=1024, out_features=1024, bias=True)
          (q_proj): Linear(in_features=1024, out_features=1024, bias=True)
          (out_proj): Linear(in_features=1024, out_features=1024, bias=True)
        )
        (activation_dropout_module): FairseqDropout()
        (self_attn_layer_norm): LayerNorm((1024,), eps=1e-05, elementwise_affine=True)
        (encoder_attn): MultiheadAttention(
          (dropout_module): FairseqDropout()
          (k_proj): Linear(in_features=1024, out_features=1024, bias=True)
          (v_proj): Linear(in_features=1024, out_features=1024, bias=True)
          (q_proj): Linear(in_features=1024, out_features=1024, bias=True)
          (out_proj): Linear(in_features=1024, out_features=1024, bias=True)
        )
        (encoder_attn_layer_norm): LayerNorm((1024,), eps=1e-05, elementwise_affine=True)
        (fc1): Linear(in_features=1024, out_features=4096, bias=True)
        (fc2): Linear(in_features=4096, out_features=1024, bias=True)
        (final_layer_norm): LayerNorm((1024,), eps=1e-05, elementwise_affine=True)
      )
      (8): TransformerDecoderLayer(
        (dropout_module): FairseqDropout()
        (self_attn): MultiheadAttention(
          (dropout_module): FairseqDropout()
          (k_proj): Linear(in_features=1024, out_features=1024, bias=True)
          (v_proj): Linear(in_features=1024, out_features=1024, bias=True)
          (q_proj): Linear(in_features=1024, out_features=1024, bias=True)
          (out_proj): Linear(in_features=1024, out_features=1024, bias=True)
        )
        (activation_dropout_module): FairseqDropout()
        (self_attn_layer_norm): LayerNorm((1024,), eps=1e-05, elementwise_affine=True)
        (encoder_attn): MultiheadAttention(
          (dropout_module): FairseqDropout()
          (k_proj): Linear(in_features=1024, out_features=1024, bias=True)
          (v_proj): Linear(in_features=1024, out_features=1024, bias=True)
          (q_proj): Linear(in_features=1024, out_features=1024, bias=True)
          (out_proj): Linear(in_features=1024, out_features=1024, bias=True)
        )
        (encoder_attn_layer_norm): LayerNorm((1024,), eps=1e-05, elementwise_affine=True)
        (fc1): Linear(in_features=1024, out_features=4096, bias=True)
        (fc2): Linear(in_features=4096, out_features=1024, bias=True)
        (final_layer_norm): LayerNorm((1024,), eps=1e-05, elementwise_affine=True)
      )
      (9): TransformerDecoderLayer(
        (dropout_module): FairseqDropout()
        (self_attn): MultiheadAttention(
          (dropout_module): FairseqDropout()
          (k_proj): Linear(in_features=1024, out_features=1024, bias=True)
          (v_proj): Linear(in_features=1024, out_features=1024, bias=True)
          (q_proj): Linear(in_features=1024, out_features=1024, bias=True)
          (out_proj): Linear(in_features=1024, out_features=1024, bias=True)
        )
        (activation_dropout_module): FairseqDropout()
        (self_attn_layer_norm): LayerNorm((1024,), eps=1e-05, elementwise_affine=True)
        (encoder_attn): MultiheadAttention(
          (dropout_module): FairseqDropout()
          (k_proj): Linear(in_features=1024, out_features=1024, bias=True)
          (v_proj): Linear(in_features=1024, out_features=1024, bias=True)
          (q_proj): Linear(in_features=1024, out_features=1024, bias=True)
          (out_proj): Linear(in_features=1024, out_features=1024, bias=True)
        )
        (encoder_attn_layer_norm): LayerNorm((1024,), eps=1e-05, elementwise_affine=True)
        (fc1): Linear(in_features=1024, out_features=4096, bias=True)
        (fc2): Linear(in_features=4096, out_features=1024, bias=True)
        (final_layer_norm): LayerNorm((1024,), eps=1e-05, elementwise_affine=True)
      )
      (10): TransformerDecoderLayer(
        (dropout_module): FairseqDropout()
        (self_attn): MultiheadAttention(
          (dropout_module): FairseqDropout()
          (k_proj): Linear(in_features=1024, out_features=1024, bias=True)
          (v_proj): Linear(in_features=1024, out_features=1024, bias=True)
          (q_proj): Linear(in_features=1024, out_features=1024, bias=True)
          (out_proj): Linear(in_features=1024, out_features=1024, bias=True)
        )
        (activation_dropout_module): FairseqDropout()
        (self_attn_layer_norm): LayerNorm((1024,), eps=1e-05, elementwise_affine=True)
        (encoder_attn): MultiheadAttention(
          (dropout_module): FairseqDropout()
          (k_proj): Linear(in_features=1024, out_features=1024, bias=True)
          (v_proj): Linear(in_features=1024, out_features=1024, bias=True)
          (q_proj): Linear(in_features=1024, out_features=1024, bias=True)
          (out_proj): Linear(in_features=1024, out_features=1024, bias=True)
        )
        (encoder_attn_layer_norm): LayerNorm((1024,), eps=1e-05, elementwise_affine=True)
        (fc1): Linear(in_features=1024, out_features=4096, bias=True)
        (fc2): Linear(in_features=4096, out_features=1024, bias=True)
        (final_layer_norm): LayerNorm((1024,), eps=1e-05, elementwise_affine=True)
      )
      (11): TransformerDecoderLayer(
        (dropout_module): FairseqDropout()
        (self_attn): MultiheadAttention(
          (dropout_module): FairseqDropout()
          (k_proj): Linear(in_features=1024, out_features=1024, bias=True)
          (v_proj): Linear(in_features=1024, out_features=1024, bias=True)
          (q_proj): Linear(in_features=1024, out_features=1024, bias=True)
          (out_proj): Linear(in_features=1024, out_features=1024, bias=True)
        )
        (activation_dropout_module): FairseqDropout()
        (self_attn_layer_norm): LayerNorm((1024,), eps=1e-05, elementwise_affine=True)
        (encoder_attn): MultiheadAttention(
          (dropout_module): FairseqDropout()
          (k_proj): Linear(in_features=1024, out_features=1024, bias=True)
          (v_proj): Linear(in_features=1024, out_features=1024, bias=True)
          (q_proj): Linear(in_features=1024, out_features=1024, bias=True)
          (out_proj): Linear(in_features=1024, out_features=1024, bias=True)
        )
        (encoder_attn_layer_norm): LayerNorm((1024,), eps=1e-05, elementwise_affine=True)
        (fc1): Linear(in_features=1024, out_features=4096, bias=True)
        (fc2): Linear(in_features=4096, out_features=1024, bias=True)
        (final_layer_norm): LayerNorm((1024,), eps=1e-05, elementwise_affine=True)
      )
    )
    (layer_norm): LayerNorm((1024,), eps=1e-05, elementwise_affine=True)
    (output_projection): Linear(in_features=1024, out_features=250027, bias=False)
  )
  (classification_heads): ModuleDict(
    (sentence_classification_head): BARTClassificationHead(
      (dense): Linear(in_features=1024, out_features=1024, bias=True)
      (dropout): Dropout(p=0.0, inplace=False)
      (out_proj): Linear(in_features=1024, out_features=18, bias=True)
    )
  )
)
2022-03-26 08:19:08 | INFO | fairseq_cli.train | task: mBARTSentencePredictionTask
2022-03-26 08:19:08 | INFO | fairseq_cli.train | model: BARTModel
2022-03-26 08:19:08 | INFO | fairseq_cli.train | criterion: SentencePredictionCriterion)
2022-03-26 08:19:08 | INFO | fairseq_cli.train | num. model params: 611919890 (num. trained: 611919890)
2022-03-26 08:19:17 | INFO | fairseq.trainer | detected shared parameter: encoder.embed_tokens.weight <- decoder.embed_tokens.weight
2022-03-26 08:19:17 | INFO | fairseq.trainer | detected shared parameter: encoder.embed_tokens.weight <- decoder.output_projection.weight
2022-03-26 08:19:17 | INFO | fairseq.utils | ***********************CUDA enviroments for all 1 workers***********************
2022-03-26 08:19:17 | INFO | fairseq.utils | rank   0: capabilities =  8.0  ; total memory = 39.587 GB ; name = A100-SXM4-40GB                          
2022-03-26 08:19:17 | INFO | fairseq.utils | ***********************CUDA enviroments for all 1 workers***********************
2022-03-26 08:19:17 | INFO | fairseq_cli.train | training on 1 devices (GPUs/TPUs)
2022-03-26 08:19:17 | INFO | fairseq_cli.train | max tokens per GPU = 4400 and batch size per GPU = 64
2022-03-26 08:19:20 | INFO | fairseq.trainer | loaded checkpoint /workspace/data/users/zanchangtong1/mbart.cc25/model.pt (epoch 142 @ 0 updates)
2022-03-26 08:19:21 | INFO | fairseq.trainer | loading train data for epoch 1
2022-03-26 08:19:21 | INFO | fairseq.data.data_utils | loaded 6653 examples from: /workspace/data/users/zanchangtong1/3_XIE/data_bin/ace05/mbart.prompt_2/En/input0/train
2022-03-26 08:19:21 | INFO | fairseq.data.data_utils | loaded 6653 examples from: /workspace/data/users/zanchangtong1/3_XIE/data_bin/ace05/mbart.prompt_2/En/label/train
2022-03-26 08:19:21 | INFO | fairseq.tasks.mbart_sentence_prediction | Loaded train with #samples: 6653
2022-03-26 08:19:21 | INFO | fairseq.trainer | begin training epoch 1
--- Logging error ---
Traceback (most recent call last):
  File "/opt/conda/envs/XIE/lib/python3.7/logging/__init__.py", line 1025, in emit
    msg = self.format(record)
  File "/opt/conda/envs/XIE/lib/python3.7/logging/__init__.py", line 869, in format
    return fmt.format(record)
  File "/opt/conda/envs/XIE/lib/python3.7/logging/__init__.py", line 608, in format
    record.message = record.getMessage()
  File "/opt/conda/envs/XIE/lib/python3.7/logging/__init__.py", line 369, in getMessage
    msg = msg % self.args
TypeError: not all arguments converted during string formatting
Call stack:
  File "/opt/conda/envs/XIE/bin/fairseq-train", line 33, in <module>
    sys.exit(load_entry_point('fairseq', 'console_scripts', 'fairseq-train')())
  File "/workspace/data/users/zanchangtong1/3_XIE/fairseq/fairseq_cli/train.py", line 394, in cli_main
    distributed_utils.call_main(cfg, main)
  File "/workspace/data/users/zanchangtong1/3_XIE/fairseq/fairseq/distributed_utils.py", line 334, in call_main
    main(cfg, **kwargs)
  File "/workspace/data/users/zanchangtong1/3_XIE/fairseq/fairseq_cli/train.py", line 121, in main
    disable_iterator_cache=task.has_sharded_data("train"),
  File "/workspace/data/users/zanchangtong1/3_XIE/fairseq/fairseq/checkpoint_utils.py", line 196, in load_checkpoint
    reset_meters=reset_meters,
  File "/workspace/data/users/zanchangtong1/3_XIE/fairseq/fairseq/trainer.py", line 341, in load_checkpoint
    state["model"], strict=False, model_cfg=self.cfg.model
  File "/workspace/data/users/zanchangtong1/3_XIE/fairseq/fairseq/models/fairseq_model.py", line 113, in load_state_dict
    self.upgrade_state_dict(state_dict)
  File "/workspace/data/users/zanchangtong1/3_XIE/fairseq/fairseq/models/fairseq_model.py", line 119, in upgrade_state_dict
    self.upgrade_state_dict_named(state_dict, "")
  File "/workspace/data/users/zanchangtong1/3_XIE/fairseq/fairseq/models/bart/model.py", line 283, in upgrade_state_dict_named
    logger.info("Overwriting", prefix + "classification_heads." + k)
Message: 'Overwriting'
Arguments: ('classification_heads.sentence_classification_head.dense.weight',)
--- Logging error ---
Traceback (most recent call last):
  File "/opt/conda/envs/XIE/lib/python3.7/logging/__init__.py", line 1025, in emit
    msg = self.format(record)
  File "/opt/conda/envs/XIE/lib/python3.7/logging/__init__.py", line 869, in format
    return fmt.format(record)
  File "/opt/conda/envs/XIE/lib/python3.7/logging/__init__.py", line 608, in format
    record.message = record.getMessage()
  File "/opt/conda/envs/XIE/lib/python3.7/logging/__init__.py", line 369, in getMessage
    msg = msg % self.args
TypeError: not all arguments converted during string formatting
Call stack:
  File "/opt/conda/envs/XIE/bin/fairseq-train", line 33, in <module>
    sys.exit(load_entry_point('fairseq', 'console_scripts', 'fairseq-train')())
  File "/workspace/data/users/zanchangtong1/3_XIE/fairseq/fairseq_cli/train.py", line 394, in cli_main
    distributed_utils.call_main(cfg, main)
  File "/workspace/data/users/zanchangtong1/3_XIE/fairseq/fairseq/distributed_utils.py", line 334, in call_main
    main(cfg, **kwargs)
  File "/workspace/data/users/zanchangtong1/3_XIE/fairseq/fairseq_cli/train.py", line 121, in main
    disable_iterator_cache=task.has_sharded_data("train"),
  File "/workspace/data/users/zanchangtong1/3_XIE/fairseq/fairseq/checkpoint_utils.py", line 196, in load_checkpoint
    reset_meters=reset_meters,
  File "/workspace/data/users/zanchangtong1/3_XIE/fairseq/fairseq/trainer.py", line 341, in load_checkpoint
    state["model"], strict=False, model_cfg=self.cfg.model
  File "/workspace/data/users/zanchangtong1/3_XIE/fairseq/fairseq/models/fairseq_model.py", line 113, in load_state_dict
    self.upgrade_state_dict(state_dict)
  File "/workspace/data/users/zanchangtong1/3_XIE/fairseq/fairseq/models/fairseq_model.py", line 119, in upgrade_state_dict
    self.upgrade_state_dict_named(state_dict, "")
  File "/workspace/data/users/zanchangtong1/3_XIE/fairseq/fairseq/models/bart/model.py", line 283, in upgrade_state_dict_named
    logger.info("Overwriting", prefix + "classification_heads." + k)
Message: 'Overwriting'
Arguments: ('classification_heads.sentence_classification_head.dense.bias',)
--- Logging error ---
Traceback (most recent call last):
  File "/opt/conda/envs/XIE/lib/python3.7/logging/__init__.py", line 1025, in emit
    msg = self.format(record)
  File "/opt/conda/envs/XIE/lib/python3.7/logging/__init__.py", line 869, in format
    return fmt.format(record)
  File "/opt/conda/envs/XIE/lib/python3.7/logging/__init__.py", line 608, in format
    record.message = record.getMessage()
  File "/opt/conda/envs/XIE/lib/python3.7/logging/__init__.py", line 369, in getMessage
    msg = msg % self.args
TypeError: not all arguments converted during string formatting
Call stack:
  File "/opt/conda/envs/XIE/bin/fairseq-train", line 33, in <module>
    sys.exit(load_entry_point('fairseq', 'console_scripts', 'fairseq-train')())
  File "/workspace/data/users/zanchangtong1/3_XIE/fairseq/fairseq_cli/train.py", line 394, in cli_main
    distributed_utils.call_main(cfg, main)
  File "/workspace/data/users/zanchangtong1/3_XIE/fairseq/fairseq/distributed_utils.py", line 334, in call_main
    main(cfg, **kwargs)
  File "/workspace/data/users/zanchangtong1/3_XIE/fairseq/fairseq_cli/train.py", line 121, in main
    disable_iterator_cache=task.has_sharded_data("train"),
  File "/workspace/data/users/zanchangtong1/3_XIE/fairseq/fairseq/checkpoint_utils.py", line 196, in load_checkpoint
    reset_meters=reset_meters,
  File "/workspace/data/users/zanchangtong1/3_XIE/fairseq/fairseq/trainer.py", line 341, in load_checkpoint
    state["model"], strict=False, model_cfg=self.cfg.model
  File "/workspace/data/users/zanchangtong1/3_XIE/fairseq/fairseq/models/fairseq_model.py", line 113, in load_state_dict
    self.upgrade_state_dict(state_dict)
  File "/workspace/data/users/zanchangtong1/3_XIE/fairseq/fairseq/models/fairseq_model.py", line 119, in upgrade_state_dict
    self.upgrade_state_dict_named(state_dict, "")
  File "/workspace/data/users/zanchangtong1/3_XIE/fairseq/fairseq/models/bart/model.py", line 283, in upgrade_state_dict_named
    logger.info("Overwriting", prefix + "classification_heads." + k)
Message: 'Overwriting'
Arguments: ('classification_heads.sentence_classification_head.out_proj.weight',)
--- Logging error ---
Traceback (most recent call last):
  File "/opt/conda/envs/XIE/lib/python3.7/logging/__init__.py", line 1025, in emit
    msg = self.format(record)
  File "/opt/conda/envs/XIE/lib/python3.7/logging/__init__.py", line 869, in format
    return fmt.format(record)
  File "/opt/conda/envs/XIE/lib/python3.7/logging/__init__.py", line 608, in format
    record.message = record.getMessage()
  File "/opt/conda/envs/XIE/lib/python3.7/logging/__init__.py", line 369, in getMessage
    msg = msg % self.args
TypeError: not all arguments converted during string formatting
Call stack:
  File "/opt/conda/envs/XIE/bin/fairseq-train", line 33, in <module>
    sys.exit(load_entry_point('fairseq', 'console_scripts', 'fairseq-train')())
  File "/workspace/data/users/zanchangtong1/3_XIE/fairseq/fairseq_cli/train.py", line 394, in cli_main
    distributed_utils.call_main(cfg, main)
  File "/workspace/data/users/zanchangtong1/3_XIE/fairseq/fairseq/distributed_utils.py", line 334, in call_main
    main(cfg, **kwargs)
  File "/workspace/data/users/zanchangtong1/3_XIE/fairseq/fairseq_cli/train.py", line 121, in main
    disable_iterator_cache=task.has_sharded_data("train"),
  File "/workspace/data/users/zanchangtong1/3_XIE/fairseq/fairseq/checkpoint_utils.py", line 196, in load_checkpoint
    reset_meters=reset_meters,
  File "/workspace/data/users/zanchangtong1/3_XIE/fairseq/fairseq/trainer.py", line 341, in load_checkpoint
    state["model"], strict=False, model_cfg=self.cfg.model
  File "/workspace/data/users/zanchangtong1/3_XIE/fairseq/fairseq/models/fairseq_model.py", line 113, in load_state_dict
    self.upgrade_state_dict(state_dict)
  File "/workspace/data/users/zanchangtong1/3_XIE/fairseq/fairseq/models/fairseq_model.py", line 119, in upgrade_state_dict
    self.upgrade_state_dict_named(state_dict, "")
  File "/workspace/data/users/zanchangtong1/3_XIE/fairseq/fairseq/models/bart/model.py", line 283, in upgrade_state_dict_named
    logger.info("Overwriting", prefix + "classification_heads." + k)
Message: 'Overwriting'
Arguments: ('classification_heads.sentence_classification_head.out_proj.bias',)
2022-03-26 08:19:44 | INFO | train_inner | epoch 001:    100 / 156 loss=3.07, nll_loss=0.066, accuracy=35.8, wps=9510.4, ups=4.77, wpb=1993.3, bsz=43, num_updates=100, lr=1.94945e-05, gnorm=29.135, loss_scale=4, train_wall=22, wall=27
2022-03-26 08:19:55 | INFO | fairseq_cli.train | begin validation on "valid" subset
2022-03-26 08:19:56 | INFO | valid | epoch 001 | valid on 'valid' subset | loss 1.36 | nll_loss 0.029 | accuracy 71.8 | wps 37141.8 | wpb 1864.6 | bsz 39.1 | num_updates 156
2022-03-26 08:19:56 | INFO | fairseq_cli.train | begin save checkpoint
2022-03-26 08:19:56 | INFO | fairseq.trainer | Preparing to save checkpoint to /workspace/data/users/zanchangtong1/3_XIE/checkpoints/ace05.mbart.prompt_2.en_XX/checkpoint1.pt after 156 updates
2022-03-26 08:20:12 | INFO | fairseq.trainer | Finished saving checkpoint to /workspace/data/users/zanchangtong1/3_XIE/checkpoints/ace05.mbart.prompt_2.en_XX/checkpoint1.pt
2022-03-26 08:20:26 | INFO | fairseq.checkpoint_utils | saved checkpoint /workspace/data/users/zanchangtong1/3_XIE/checkpoints/ace05.mbart.prompt_2.en_XX/checkpoint1.pt (epoch 1 @ 156 updates, score 71.8) (writing took 30.48485973663628 seconds)
2022-03-26 08:20:26 | INFO | fairseq_cli.train | end of epoch 1 (average epoch stats below)
2022-03-26 08:20:26 | INFO | train | epoch 001 | loss 2.485 | nll_loss 0.054 | accuracy 47.9 | wps 4821.3 | ups 2.44 | wpb 1975.3 | bsz 42.6 | num_updates 156 | lr 1.86098e-05 | gnorm 23.705 | loss_scale 8 | train_wall 33 | wall 69
2022-03-26 08:20:26 | INFO | fairseq.trainer | begin training epoch 2
2022-03-26 08:20:35 | INFO | train_inner | epoch 002:     44 / 156 loss=1.219, nll_loss=0.026, accuracy=74.2, wps=3818.6, ups=1.94, wpb=1972, bsz=42.7, num_updates=200, lr=1.79147e-05, gnorm=12.297, loss_scale=8, train_wall=19, wall=78
2022-03-26 08:20:55 | INFO | train_inner | epoch 002:    144 / 156 loss=0.915, nll_loss=0.02, accuracy=80.4, wps=9856.6, ups=5.01, wpb=1968.6, bsz=42.3, num_updates=300, lr=1.63349e-05, gnorm=10.234, loss_scale=16, train_wall=20, wall=98
2022-03-26 08:20:58 | INFO | fairseq_cli.train | begin validation on "valid" subset
2022-03-26 08:20:59 | INFO | valid | epoch 002 | valid on 'valid' subset | loss 0.906 | nll_loss 0.019 | accuracy 80.7 | wps 36763.6 | wpb 1864.6 | bsz 39.1 | num_updates 312 | best_accuracy 80.7
2022-03-26 08:20:59 | INFO | fairseq_cli.train | begin save checkpoint
2022-03-26 08:20:59 | INFO | fairseq.trainer | Preparing to save checkpoint to /workspace/data/users/zanchangtong1/3_XIE/checkpoints/ace05.mbart.prompt_2.en_XX/checkpoint2.pt after 312 updates
2022-03-26 08:21:16 | INFO | fairseq.trainer | Finished saving checkpoint to /workspace/data/users/zanchangtong1/3_XIE/checkpoints/ace05.mbart.prompt_2.en_XX/checkpoint2.pt
2022-03-26 08:21:37 | INFO | fairseq.checkpoint_utils | saved checkpoint /workspace/data/users/zanchangtong1/3_XIE/checkpoints/ace05.mbart.prompt_2.en_XX/checkpoint2.pt (epoch 2 @ 312 updates, score 80.7) (writing took 38.58614826761186 seconds)
2022-03-26 08:21:37 | INFO | fairseq_cli.train | end of epoch 2 (average epoch stats below)
2022-03-26 08:21:37 | INFO | train | epoch 002 | loss 0.918 | nll_loss 0.02 | accuracy 80.4 | wps 4337.5 | ups 2.2 | wpb 1975.3 | bsz 42.6 | num_updates 312 | lr 1.61453e-05 | gnorm 10.116 | loss_scale 16 | train_wall 31 | wall 140
2022-03-26 08:21:37 | INFO | fairseq.trainer | begin training epoch 3
2022-03-26 08:21:55 | INFO | train_inner | epoch 003:     88 / 156 loss=0.58, nll_loss=0.013, accuracy=87.6, wps=3304, ups=1.67, wpb=1979.7, bsz=42.7, num_updates=400, lr=1.47551e-05, gnorm=8.906, loss_scale=32, train_wall=20, wall=158
2022-03-26 08:22:09 | INFO | fairseq_cli.train | begin validation on "valid" subset
2022-03-26 08:22:10 | INFO | valid | epoch 003 | valid on 'valid' subset | loss 0.806 | nll_loss 0.017 | accuracy 82 | wps 36832.4 | wpb 1864.6 | bsz 39.1 | num_updates 468 | best_accuracy 82
2022-03-26 08:22:10 | INFO | fairseq_cli.train | begin save checkpoint
2022-03-26 08:22:10 | INFO | fairseq.trainer | Preparing to save checkpoint to /workspace/data/users/zanchangtong1/3_XIE/checkpoints/ace05.mbart.prompt_2.en_XX/checkpoint3.pt after 468 updates
2022-03-26 08:22:25 | INFO | fairseq.trainer | Finished saving checkpoint to /workspace/data/users/zanchangtong1/3_XIE/checkpoints/ace05.mbart.prompt_2.en_XX/checkpoint3.pt
2022-03-26 08:22:43 | INFO | fairseq.checkpoint_utils | saved checkpoint /workspace/data/users/zanchangtong1/3_XIE/checkpoints/ace05.mbart.prompt_2.en_XX/checkpoint3.pt (epoch 3 @ 468 updates, score 82.0) (writing took 33.00394135713577 seconds)
2022-03-26 08:22:43 | INFO | fairseq_cli.train | end of epoch 3 (average epoch stats below)
2022-03-26 08:22:43 | INFO | train | epoch 003 | loss 0.564 | nll_loss 0.012 | accuracy 87.5 | wps 4708.5 | ups 2.38 | wpb 1975.3 | bsz 42.6 | num_updates 468 | lr 1.36809e-05 | gnorm 9.071 | loss_scale 32 | train_wall 30 | wall 206
2022-03-26 08:22:43 | INFO | fairseq.trainer | begin training epoch 4
2022-03-26 08:22:49 | INFO | train_inner | epoch 004:     32 / 156 loss=0.492, nll_loss=0.011, accuracy=88.9, wps=3620.4, ups=1.84, wpb=1963.8, bsz=42.5, num_updates=500, lr=1.31754e-05, gnorm=8.46, loss_scale=32, train_wall=20, wall=212
2022-03-26 08:23:09 | INFO | train_inner | epoch 004:    132 / 156 loss=0.355, nll_loss=0.008, accuracy=92.3, wps=9735.6, ups=4.97, wpb=1958.2, bsz=42.3, num_updates=600, lr=1.15956e-05, gnorm=7.37, loss_scale=64, train_wall=20, wall=233
2022-03-26 08:23:14 | INFO | fairseq_cli.train | begin validation on "valid" subset
2022-03-26 08:23:15 | INFO | valid | epoch 004 | valid on 'valid' subset | loss 0.801 | nll_loss 0.017 | accuracy 82.4 | wps 37062.1 | wpb 1864.6 | bsz 39.1 | num_updates 624 | best_accuracy 82.4
2022-03-26 08:23:15 | INFO | fairseq_cli.train | begin save checkpoint
2022-03-26 08:23:15 | INFO | fairseq.trainer | Preparing to save checkpoint to /workspace/data/users/zanchangtong1/3_XIE/checkpoints/ace05.mbart.prompt_2.en_XX/checkpoint4.pt after 624 updates
2022-03-26 08:23:30 | INFO | fairseq.trainer | Finished saving checkpoint to /workspace/data/users/zanchangtong1/3_XIE/checkpoints/ace05.mbart.prompt_2.en_XX/checkpoint4.pt
2022-03-26 08:23:50 | INFO | fairseq.checkpoint_utils | saved checkpoint /workspace/data/users/zanchangtong1/3_XIE/checkpoints/ace05.mbart.prompt_2.en_XX/checkpoint4.pt (epoch 4 @ 624 updates, score 82.4) (writing took 34.51946475729346 seconds)
2022-03-26 08:23:50 | INFO | fairseq_cli.train | end of epoch 4 (average epoch stats below)
2022-03-26 08:23:50 | INFO | train | epoch 004 | loss 0.362 | nll_loss 0.008 | accuracy 92.1 | wps 4594.8 | ups 2.33 | wpb 1975.3 | bsz 42.6 | num_updates 624 | lr 1.12164e-05 | gnorm 7.239 | loss_scale 64 | train_wall 31 | wall 273
2022-03-26 08:23:50 | INFO | fairseq.trainer | begin training epoch 5
2022-03-26 08:24:05 | INFO | train_inner | epoch 005:     76 / 156 loss=0.294, nll_loss=0.006, accuracy=93.8, wps=3557.1, ups=1.79, wpb=1981.7, bsz=42.9, num_updates=700, lr=1.00158e-05, gnorm=6.484, loss_scale=128, train_wall=19, wall=288
2022-03-26 08:24:21 | INFO | fairseq_cli.train | begin validation on "valid" subset
2022-03-26 08:24:22 | INFO | valid | epoch 005 | valid on 'valid' subset | loss 0.847 | nll_loss 0.018 | accuracy 83.3 | wps 36892.9 | wpb 1864.6 | bsz 39.1 | num_updates 780 | best_accuracy 83.3
2022-03-26 08:24:22 | INFO | fairseq_cli.train | begin save checkpoint
2022-03-26 08:24:22 | INFO | fairseq.trainer | Preparing to save checkpoint to /workspace/data/users/zanchangtong1/3_XIE/checkpoints/ace05.mbart.prompt_2.en_XX/checkpoint5.pt after 780 updates
2022-03-26 08:24:38 | INFO | fairseq.trainer | Finished saving checkpoint to /workspace/data/users/zanchangtong1/3_XIE/checkpoints/ace05.mbart.prompt_2.en_XX/checkpoint5.pt
2022-03-26 08:24:56 | INFO | fairseq.checkpoint_utils | saved checkpoint /workspace/data/users/zanchangtong1/3_XIE/checkpoints/ace05.mbart.prompt_2.en_XX/checkpoint5.pt (epoch 5 @ 780 updates, score 83.3) (writing took 33.722913136705756 seconds)
2022-03-26 08:24:56 | INFO | fairseq_cli.train | end of epoch 5 (average epoch stats below)
2022-03-26 08:24:56 | INFO | train | epoch 005 | loss 0.251 | nll_loss 0.005 | accuracy 94.9 | wps 4655 | ups 2.36 | wpb 1975.3 | bsz 42.6 | num_updates 780 | lr 8.75197e-06 | gnorm 6.429 | loss_scale 256 | train_wall 31 | wall 339
2022-03-26 08:24:56 | INFO | fairseq.trainer | begin training epoch 6
2022-03-26 08:25:00 | INFO | train_inner | epoch 006:     20 / 156 loss=0.231, nll_loss=0.005, accuracy=95.4, wps=3610.2, ups=1.81, wpb=1989.5, bsz=42.6, num_updates=800, lr=8.43602e-06, gnorm=6.319, loss_scale=256, train_wall=20, wall=343
2022-03-26 08:25:04 | INFO | fairseq.trainer | NOTE: overflow detected, setting loss scale to: 128.0
2022-03-26 08:25:21 | INFO | train_inner | epoch 006:    121 / 156 loss=0.169, nll_loss=0.004, accuracy=96.5, wps=9694.7, ups=4.94, wpb=1962.5, bsz=42.4, num_updates=900, lr=6.85624e-06, gnorm=5.317, loss_scale=128, train_wall=20, wall=364
2022-03-26 08:25:28 | INFO | fairseq_cli.train | begin validation on "valid" subset
2022-03-26 08:25:29 | INFO | valid | epoch 006 | valid on 'valid' subset | loss 0.97 | nll_loss 0.02 | accuracy 82.4 | wps 37085.3 | wpb 1864.6 | bsz 39.1 | num_updates 935 | best_accuracy 83.3
2022-03-26 08:25:29 | INFO | fairseq_cli.train | begin save checkpoint
2022-03-26 08:25:29 | INFO | fairseq.trainer | Preparing to save checkpoint to /workspace/data/users/zanchangtong1/3_XIE/checkpoints/ace05.mbart.prompt_2.en_XX/checkpoint6.pt after 935 updates
2022-03-26 08:25:46 | INFO | fairseq.trainer | Finished saving checkpoint to /workspace/data/users/zanchangtong1/3_XIE/checkpoints/ace05.mbart.prompt_2.en_XX/checkpoint6.pt
2022-03-26 08:25:55 | INFO | fairseq.checkpoint_utils | saved checkpoint /workspace/data/users/zanchangtong1/3_XIE/checkpoints/ace05.mbart.prompt_2.en_XX/checkpoint6.pt (epoch 6 @ 935 updates, score 82.4) (writing took 26.699197011068463 seconds)
2022-03-26 08:25:55 | INFO | fairseq_cli.train | end of epoch 6 (average epoch stats below)
2022-03-26 08:25:55 | INFO | train | epoch 006 | loss 0.168 | nll_loss 0.004 | accuracy 96.6 | wps 5159.4 | ups 2.61 | wpb 1974.3 | bsz 42.6 | num_updates 935 | lr 6.30332e-06 | gnorm 5.328 | loss_scale 128 | train_wall 31 | wall 398
2022-03-26 08:25:55 | INFO | fairseq.trainer | begin training epoch 7
2022-03-26 08:26:07 | INFO | fairseq.trainer | NOTE: overflow detected, setting loss scale to: 128.0
2022-03-26 08:26:09 | INFO | train_inner | epoch 007:     66 / 156 loss=0.137, nll_loss=0.003, accuracy=97.1, wps=4100.7, ups=2.08, wpb=1970.1, bsz=42.6, num_updates=1000, lr=5.27646e-06, gnorm=5.183, loss_scale=128, train_wall=20, wall=412
2022-03-26 08:26:27 | INFO | fairseq_cli.train | begin validation on "valid" subset
2022-03-26 08:26:28 | INFO | valid | epoch 007 | valid on 'valid' subset | loss 0.943 | nll_loss 0.02 | accuracy 82.8 | wps 37104.6 | wpb 1864.6 | bsz 39.1 | num_updates 1090 | best_accuracy 83.3
2022-03-26 08:26:28 | INFO | fairseq_cli.train | begin save checkpoint
2022-03-26 08:26:28 | INFO | fairseq.trainer | Preparing to save checkpoint to /workspace/data/users/zanchangtong1/3_XIE/checkpoints/ace05.mbart.prompt_2.en_XX/checkpoint7.pt after 1090 updates
2022-03-26 08:26:45 | INFO | fairseq.trainer | Finished saving checkpoint to /workspace/data/users/zanchangtong1/3_XIE/checkpoints/ace05.mbart.prompt_2.en_XX/checkpoint7.pt
2022-03-26 08:26:55 | INFO | fairseq.checkpoint_utils | saved checkpoint /workspace/data/users/zanchangtong1/3_XIE/checkpoints/ace05.mbart.prompt_2.en_XX/checkpoint7.pt (epoch 7 @ 1090 updates, score 82.8) (writing took 26.708310639485717 seconds)
2022-03-26 08:26:55 | INFO | fairseq_cli.train | end of epoch 7 (average epoch stats below)
2022-03-26 08:26:55 | INFO | train | epoch 007 | loss 0.118 | nll_loss 0.003 | accuracy 97.5 | wps 5165.9 | ups 2.62 | wpb 1974 | bsz 42.6 | num_updates 1090 | lr 3.85466e-06 | gnorm 4.763 | loss_scale 128 | train_wall 31 | wall 458
2022-03-26 08:26:55 | INFO | fairseq.trainer | begin training epoch 8
2022-03-26 08:26:57 | INFO | train_inner | epoch 008:     10 / 156 loss=0.109, nll_loss=0.002, accuracy=97.8, wps=4095.6, ups=2.08, wpb=1972.7, bsz=42.7, num_updates=1100, lr=3.69668e-06, gnorm=4.401, loss_scale=128, train_wall=20, wall=460
2022-03-26 08:27:03 | INFO | fairseq.trainer | NOTE: overflow detected, setting loss scale to: 128.0
2022-03-26 08:27:13 | INFO | fairseq.trainer | NOTE: overflow detected, setting loss scale to: 64.0
2022-03-26 08:27:17 | INFO | train_inner | epoch 008:    112 / 156 loss=0.08, nll_loss=0.002, accuracy=98.6, wps=9855.5, ups=4.89, wpb=2013.5, bsz=43.4, num_updates=1200, lr=2.1169e-06, gnorm=3.749, loss_scale=64, train_wall=20, wall=480
2022-03-26 08:27:26 | INFO | fairseq_cli.train | begin validation on "valid" subset
2022-03-26 08:27:27 | INFO | valid | epoch 008 | valid on 'valid' subset | loss 0.972 | nll_loss 0.02 | accuracy 83.2 | wps 36912.2 | wpb 1864.6 | bsz 39.1 | num_updates 1244 | best_accuracy 83.3
2022-03-26 08:27:27 | INFO | fairseq_cli.train | begin save checkpoint
2022-03-26 08:27:27 | INFO | fairseq.trainer | Preparing to save checkpoint to /workspace/data/users/zanchangtong1/3_XIE/checkpoints/ace05.mbart.prompt_2.en_XX/checkpoint8.pt after 1244 updates
2022-03-26 08:27:42 | INFO | fairseq.trainer | Finished saving checkpoint to /workspace/data/users/zanchangtong1/3_XIE/checkpoints/ace05.mbart.prompt_2.en_XX/checkpoint8.pt
2022-03-26 08:27:51 | INFO | fairseq.checkpoint_utils | saved checkpoint /workspace/data/users/zanchangtong1/3_XIE/checkpoints/ace05.mbart.prompt_2.en_XX/checkpoint8.pt (epoch 8 @ 1244 updates, score 83.2) (writing took 23.972033441066742 seconds)
2022-03-26 08:27:51 | INFO | fairseq_cli.train | end of epoch 8 (average epoch stats below)
2022-03-26 08:27:51 | INFO | train | epoch 008 | loss 0.08 | nll_loss 0.002 | accuracy 98.5 | wps 5384.6 | ups 2.73 | wpb 1974.1 | bsz 42.6 | num_updates 1244 | lr 1.4218e-06 | gnorm 3.623 | loss_scale 64 | train_wall 31 | wall 514
2022-03-26 08:27:51 | INFO | fairseq.trainer | begin training epoch 9
2022-03-26 08:28:03 | INFO | train_inner | epoch 009:     56 / 156 loss=0.071, nll_loss=0.002, accuracy=98.6, wps=4322.9, ups=2.2, wpb=1963.8, bsz=42, num_updates=1300, lr=5.37125e-07, gnorm=3.423, loss_scale=64, train_wall=20, wall=526
2022-03-26 08:28:09 | INFO | fairseq_cli.train | begin validation on "valid" subset
2022-03-26 08:28:11 | INFO | valid | epoch 009 | valid on 'valid' subset | loss 0.976 | nll_loss 0.02 | accuracy 83.3 | wps 36948.2 | wpb 1864.6 | bsz 39.1 | num_updates 1334 | best_accuracy 83.3
2022-03-26 08:28:11 | INFO | fairseq_cli.train | begin save checkpoint
2022-03-26 08:28:11 | INFO | fairseq.trainer | Preparing to save checkpoint to /workspace/data/users/zanchangtong1/3_XIE/checkpoints/ace05.mbart.prompt_2.en_XX/checkpoint_best.pt after 1334 updates
2022-03-26 08:28:26 | INFO | fairseq.trainer | Finished saving checkpoint to /workspace/data/users/zanchangtong1/3_XIE/checkpoints/ace05.mbart.prompt_2.en_XX/checkpoint_best.pt
2022-03-26 08:28:35 | INFO | fairseq.checkpoint_utils | saved checkpoint /workspace/data/users/zanchangtong1/3_XIE/checkpoints/ace05.mbart.prompt_2.en_XX/checkpoint_best.pt (epoch 9 @ 1334 updates, score 83.3) (writing took 24.70366462506354 seconds)
2022-03-26 08:28:35 | INFO | fairseq_cli.train | end of epoch 9 (average epoch stats below)
2022-03-26 08:28:35 | INFO | train | epoch 009 | loss 0.061 | nll_loss 0.001 | accuracy 98.8 | wps 4102.9 | ups 2.03 | wpb 2017.3 | bsz 43.3 | num_updates 1334 | lr 0 | gnorm 3.087 | loss_scale 128 | train_wall 18 | wall 558
2022-03-26 08:28:35 | INFO | fairseq_cli.train | done training in 554.5 seconds
