2022-03-25 07:42:02 | INFO | fairseq_cli.train | {'_name': None, 'common': {'_name': None, 'no_progress_bar': False, 'log_interval': 100, 'log_format': None, 'tensorboard_logdir': '/workspace/data/users/zanchangtong1/3_XIE/checkpoints/lstm.prompt_1/tensorboard', 'wandb_project': None, 'seed': 222, 'cpu': False, 'tpu': False, 'bf16': False, 'memory_efficient_bf16': False, 'fp16': False, 'memory_efficient_fp16': False, 'fp16_no_flatten_grads': False, 'fp16_init_scale': 128, 'fp16_scale_window': None, 'fp16_scale_tolerance': 0.0, 'min_loss_scale': 0.0001, 'threshold_loss_scale': None, 'user_dir': None, 'empty_cache_freq': 0, 'all_gather_list_size': 16384, 'model_parallel_size': 1, 'quantization_config_path': None, 'profile': False, 'reset_logging': True}, 'common_eval': {'_name': None, 'path': None, 'post_process': None, 'quiet': False, 'model_overrides': '{}', 'results_path': None}, 'distributed_training': {'_name': None, 'distributed_world_size': 1, 'distributed_rank': 0, 'distributed_backend': 'nccl', 'distributed_init_method': None, 'distributed_port': -1, 'device_id': 0, 'distributed_no_spawn': False, 'ddp_backend': 'no_c10d', 'bucket_cap_mb': 25, 'fix_batches_to_gpus': False, 'find_unused_parameters': True, 'fast_stat_sync': False, 'broadcast_buffers': False, 'distributed_wrapper': 'DDP', 'slowmo_momentum': None, 'slowmo_algorithm': 'LocalSGD', 'localsgd_frequency': 3, 'nprocs_per_node': 1, 'pipeline_model_parallel': False, 'pipeline_balance': None, 'pipeline_devices': None, 'pipeline_chunks': 0, 'pipeline_encoder_balance': None, 'pipeline_encoder_devices': None, 'pipeline_decoder_balance': None, 'pipeline_decoder_devices': None, 'pipeline_checkpoint': 'never', 'zero_sharding': 'none', 'tpu': False, 'distributed_num_procs': 1}, 'dataset': {'_name': None, 'num_workers': 1, 'skip_invalid_size_inputs_valid_test': False, 'max_tokens': 4400, 'batch_size': 64, 'required_batch_size_multiple': 1, 'required_seq_len_multiple': 1, 'dataset_impl': None, 'data_buffer_size': 10, 'train_subset': 'train', 'valid_subset': 'valid', 'validate_interval': 1, 'validate_interval_updates': 0, 'validate_after_updates': 0, 'fixed_validation_seed': None, 'disable_validation': False, 'max_tokens_valid': 4400, 'batch_size_valid': 64, 'curriculum': 0, 'gen_subset': 'test', 'num_shards': 1, 'shard_id': 0}, 'optimization': {'_name': None, 'max_epoch': 10, 'max_update': 30968, 'stop_time_hours': 0.0, 'clip_norm': 5.0, 'sentence_avg': False, 'update_freq': [1], 'lr': [0.05], 'min_lr': -1.0, 'use_bmuf': False}, 'checkpoint': {'_name': None, 'save_dir': '/workspace/data/users/zanchangtong1/3_XIE/checkpoints/lstm.prompt_1', 'restore_file': 'checkpoint_last.pt', 'finetune_from_model': None, 'reset_dataloader': False, 'reset_lr_scheduler': False, 'reset_meters': False, 'reset_optimizer': False, 'optimizer_overrides': '{}', 'save_interval': 1, 'save_interval_updates': 0, 'keep_interval_updates': -1, 'keep_last_epochs': -1, 'keep_best_checkpoints': -1, 'no_save': False, 'no_epoch_checkpoints': False, 'no_last_checkpoints': False, 'no_save_optimizer_state': False, 'best_checkpoint_metric': 'accuracy', 'maximize_best_checkpoint_metric': True, 'patience': -1, 'checkpoint_suffix': '', 'checkpoint_shard_count': 1, 'model_parallel_size': 1, 'distributed_rank': 0}, 'bmuf': {'_name': None, 'block_lr': 1.0, 'block_momentum': 0.875, 'global_sync_iter': 50, 'warmup_iterations': 500, 'use_nbm': False, 'average_sync': False, 'distributed_world_size': 1}, 'generation': {'_name': None, 'beam': 5, 'nbest': 1, 'max_len_a': 0.0, 'max_len_b': 200, 'min_len': 1, 'match_source_len': False, 'unnormalized': False, 'no_early_stop': False, 'no_beamable_mm': False, 'lenpen': 1.0, 'unkpen': 0.0, 'replace_unk': None, 'sacrebleu': False, 'score_reference': False, 'prefix_size': 0, 'no_repeat_ngram_size': 0, 'sampling': False, 'sampling_topk': -1, 'sampling_topp': -1.0, 'constraints': None, 'temperature': 1.0, 'diverse_beam_groups': -1, 'diverse_beam_strength': 0.5, 'diversity_rate': -1.0, 'print_alignment': False, 'print_step': False, 'lm_path': None, 'lm_weight': 0.0, 'iter_decode_eos_penalty': 0.0, 'iter_decode_max_iter': 10, 'iter_decode_force_max_iter': False, 'iter_decode_with_beam': 1, 'iter_decode_with_external_reranker': False, 'retain_iter_history': False, 'retain_dropout': False, 'retain_dropout_modules': None, 'decoding_format': None, 'no_seed_provided': False}, 'eval_lm': {'_name': None, 'output_word_probs': False, 'output_word_stats': False, 'context_window': 0, 'softmax_batch': 9223372036854775807}, 'interactive': {'_name': None, 'buffer_size': 0, 'input': '-'}, 'model': Namespace(_name='lstm', adam_betas='(0.9, 0.98)', adam_eps=1e-08, adaptive_softmax_cutoff='10000,50000,200000', add_prev_output_tokens=True, all_gather_list_size=16384, arch='lstm', batch_size=64, batch_size_valid=64, best_checkpoint_metric='accuracy', bf16=False, bpe=None, broadcast_buffers=False, bucket_cap_mb=25, checkpoint_shard_count=1, checkpoint_suffix='', classification_head_name='sentence_classification_head', clip_norm=5.0, cpu=False, criterion='sentence_prediction', curriculum=0, data='/workspace/data/users/zanchangtong1/3_XIE/data_bin/prompt_1.lstm/', data_buffer_size=10, dataset_impl=None, ddp_backend='no_c10d', decoder_attention='1', decoder_dropout_in=0.1, decoder_dropout_out=0.1, decoder_embed_dim=512, decoder_embed_path=None, decoder_freeze_embed=False, decoder_hidden_size=512, decoder_layers=2, decoder_out_embed_dim=512, device_id=0, disable_validation=False, distributed_backend='nccl', distributed_init_method=None, distributed_no_spawn=False, distributed_port=-1, distributed_rank=0, distributed_world_size=1, distributed_wrapper='DDP', dropout=0.1, empty_cache_freq=0, encoder_bidirectional=True, encoder_dropout_in=0.1, encoder_dropout_out=0.1, encoder_embed_dim=512, encoder_embed_path=None, encoder_freeze_embed=False, encoder_hidden_size=512, encoder_layers=2, end_learning_rate=0.0, eos=2, fast_stat_sync=False, find_unused_parameters=True, finetune_from_model=None, fix_batches_to_gpus=False, fixed_validation_seed=None, force_anneal=None, fp16=False, fp16_init_scale=128, fp16_no_flatten_grads=False, fp16_scale_tolerance=0.0, fp16_scale_window=None, gen_subset='test', init_token=0, keep_best_checkpoints=-1, keep_interval_updates=-1, keep_last_epochs=-1, localsgd_frequency=3, log_format=None, log_interval=100, lr=[0.05], lr_scheduler='polynomial_decay', max_epoch=10, max_tokens=4400, max_tokens_valid=4400, max_update=30968, maximize_best_checkpoint_metric=True, memory_efficient_bf16=False, memory_efficient_fp16=False, min_loss_scale=0.0001, min_lr=-1.0, model_parallel_size=1, no_epoch_checkpoints=False, no_last_checkpoints=False, no_progress_bar=False, no_save=False, no_save_optimizer_state=False, no_seed_provided=False, no_shuffle=False, nprocs_per_node=1, num_classes=10, num_shards=1, num_workers=1, optimizer='adam', optimizer_overrides='{}', pad=1, patience=-1, pipeline_balance=None, pipeline_checkpoint='never', pipeline_chunks=0, pipeline_decoder_balance=None, pipeline_decoder_devices=None, pipeline_devices=None, pipeline_encoder_balance=None, pipeline_encoder_devices=None, pipeline_model_parallel=False, pooler_activation_fn='tanh', pooler_dropout=0.0, power=1.0, profile=False, quantization_config_path=None, regression_target=False, required_batch_size_multiple=1, required_seq_len_multiple=1, reset_dataloader=False, reset_logging=True, reset_lr_scheduler=False, reset_meters=False, reset_optimizer=False, restore_file='checkpoint_last.pt', save_dir='/workspace/data/users/zanchangtong1/3_XIE/checkpoints/lstm.prompt_1', save_interval=1, save_interval_updates=0, scoring='bleu', seed=222, sentence_avg=False, separator_token=None, shard_id=0, share_all_embeddings=False, share_decoder_input_output_embed=False, shorten_data_split_list='', shorten_method='none', skip_invalid_size_inputs_valid_test=False, slowmo_algorithm='LocalSGD', slowmo_momentum=None, stop_time_hours=0, task='sentence_prediction', tensorboard_logdir='/workspace/data/users/zanchangtong1/3_XIE/checkpoints/lstm.prompt_1/tensorboard', threshold_loss_scale=None, tokenizer=None, total_num_update='30968', tpu=False, train_subset='train', unk=3, update_freq=[1], use_bmuf=False, use_old_adam=False, user_dir=None, valid_subset='valid', validate_after_updates=0, validate_interval=1, validate_interval_updates=0, wandb_project=None, warmup_updates=0, weight_decay=0.01, zero_sharding='none'), 'task': Namespace(_name='sentence_prediction', adam_betas='(0.9, 0.98)', adam_eps=1e-08, adaptive_softmax_cutoff='10000,50000,200000', add_prev_output_tokens=True, all_gather_list_size=16384, arch='lstm', batch_size=64, batch_size_valid=64, best_checkpoint_metric='accuracy', bf16=False, bpe=None, broadcast_buffers=False, bucket_cap_mb=25, checkpoint_shard_count=1, checkpoint_suffix='', classification_head_name='sentence_classification_head', clip_norm=5.0, cpu=False, criterion='sentence_prediction', curriculum=0, data='/workspace/data/users/zanchangtong1/3_XIE/data_bin/prompt_1.lstm/', data_buffer_size=10, dataset_impl=None, ddp_backend='no_c10d', decoder_attention='1', decoder_dropout_in=0.1, decoder_dropout_out=0.1, decoder_embed_dim=512, decoder_embed_path=None, decoder_freeze_embed=False, decoder_hidden_size=512, decoder_layers=2, decoder_out_embed_dim=512, device_id=0, disable_validation=False, distributed_backend='nccl', distributed_init_method=None, distributed_no_spawn=False, distributed_port=-1, distributed_rank=0, distributed_world_size=1, distributed_wrapper='DDP', dropout=0.1, empty_cache_freq=0, encoder_bidirectional=True, encoder_dropout_in=0.1, encoder_dropout_out=0.1, encoder_embed_dim=512, encoder_embed_path=None, encoder_freeze_embed=False, encoder_hidden_size=512, encoder_layers=2, end_learning_rate=0.0, eos=2, fast_stat_sync=False, find_unused_parameters=True, finetune_from_model=None, fix_batches_to_gpus=False, fixed_validation_seed=None, force_anneal=None, fp16=False, fp16_init_scale=128, fp16_no_flatten_grads=False, fp16_scale_tolerance=0.0, fp16_scale_window=None, gen_subset='test', init_token=0, keep_best_checkpoints=-1, keep_interval_updates=-1, keep_last_epochs=-1, localsgd_frequency=3, log_format=None, log_interval=100, lr=[0.05], lr_scheduler='polynomial_decay', max_epoch=10, max_tokens=4400, max_tokens_valid=4400, max_update=30968, maximize_best_checkpoint_metric=True, memory_efficient_bf16=False, memory_efficient_fp16=False, min_loss_scale=0.0001, min_lr=-1.0, model_parallel_size=1, no_epoch_checkpoints=False, no_last_checkpoints=False, no_progress_bar=False, no_save=False, no_save_optimizer_state=False, no_seed_provided=False, no_shuffle=False, nprocs_per_node=1, num_classes=10, num_shards=1, num_workers=1, optimizer='adam', optimizer_overrides='{}', pad=1, patience=-1, pipeline_balance=None, pipeline_checkpoint='never', pipeline_chunks=0, pipeline_decoder_balance=None, pipeline_decoder_devices=None, pipeline_devices=None, pipeline_encoder_balance=None, pipeline_encoder_devices=None, pipeline_model_parallel=False, pooler_activation_fn='tanh', pooler_dropout=0.0, power=1.0, profile=False, quantization_config_path=None, regression_target=False, required_batch_size_multiple=1, required_seq_len_multiple=1, reset_dataloader=False, reset_logging=True, reset_lr_scheduler=False, reset_meters=False, reset_optimizer=False, restore_file='checkpoint_last.pt', save_dir='/workspace/data/users/zanchangtong1/3_XIE/checkpoints/lstm.prompt_1', save_interval=1, save_interval_updates=0, scoring='bleu', seed=222, sentence_avg=False, separator_token=None, shard_id=0, share_all_embeddings=False, share_decoder_input_output_embed=False, shorten_data_split_list='', shorten_method='none', skip_invalid_size_inputs_valid_test=False, slowmo_algorithm='LocalSGD', slowmo_momentum=None, stop_time_hours=0, task='sentence_prediction', tensorboard_logdir='/workspace/data/users/zanchangtong1/3_XIE/checkpoints/lstm.prompt_1/tensorboard', threshold_loss_scale=None, tokenizer=None, total_num_update='30968', tpu=False, train_subset='train', unk=3, update_freq=[1], use_bmuf=False, use_old_adam=False, user_dir=None, valid_subset='valid', validate_after_updates=0, validate_interval=1, validate_interval_updates=0, wandb_project=None, warmup_updates=0, weight_decay=0.01, zero_sharding='none'), 'criterion': Namespace(_name='sentence_prediction', adam_betas='(0.9, 0.98)', adam_eps=1e-08, adaptive_softmax_cutoff='10000,50000,200000', add_prev_output_tokens=True, all_gather_list_size=16384, arch='lstm', batch_size=64, batch_size_valid=64, best_checkpoint_metric='accuracy', bf16=False, bpe=None, broadcast_buffers=False, bucket_cap_mb=25, checkpoint_shard_count=1, checkpoint_suffix='', classification_head_name='sentence_classification_head', clip_norm=5.0, cpu=False, criterion='sentence_prediction', curriculum=0, data='/workspace/data/users/zanchangtong1/3_XIE/data_bin/prompt_1.lstm/', data_buffer_size=10, dataset_impl=None, ddp_backend='no_c10d', decoder_attention='1', decoder_dropout_in=0.1, decoder_dropout_out=0.1, decoder_embed_dim=512, decoder_embed_path=None, decoder_freeze_embed=False, decoder_hidden_size=512, decoder_layers=2, decoder_out_embed_dim=512, device_id=0, disable_validation=False, distributed_backend='nccl', distributed_init_method=None, distributed_no_spawn=False, distributed_port=-1, distributed_rank=0, distributed_world_size=1, distributed_wrapper='DDP', dropout=0.1, empty_cache_freq=0, encoder_bidirectional=True, encoder_dropout_in=0.1, encoder_dropout_out=0.1, encoder_embed_dim=512, encoder_embed_path=None, encoder_freeze_embed=False, encoder_hidden_size=512, encoder_layers=2, end_learning_rate=0.0, eos=2, fast_stat_sync=False, find_unused_parameters=True, finetune_from_model=None, fix_batches_to_gpus=False, fixed_validation_seed=None, force_anneal=None, fp16=False, fp16_init_scale=128, fp16_no_flatten_grads=False, fp16_scale_tolerance=0.0, fp16_scale_window=None, gen_subset='test', init_token=0, keep_best_checkpoints=-1, keep_interval_updates=-1, keep_last_epochs=-1, localsgd_frequency=3, log_format=None, log_interval=100, lr=[0.05], lr_scheduler='polynomial_decay', max_epoch=10, max_tokens=4400, max_tokens_valid=4400, max_update=30968, maximize_best_checkpoint_metric=True, memory_efficient_bf16=False, memory_efficient_fp16=False, min_loss_scale=0.0001, min_lr=-1.0, model_parallel_size=1, no_epoch_checkpoints=False, no_last_checkpoints=False, no_progress_bar=False, no_save=False, no_save_optimizer_state=False, no_seed_provided=False, no_shuffle=False, nprocs_per_node=1, num_classes=10, num_shards=1, num_workers=1, optimizer='adam', optimizer_overrides='{}', pad=1, patience=-1, pipeline_balance=None, pipeline_checkpoint='never', pipeline_chunks=0, pipeline_decoder_balance=None, pipeline_decoder_devices=None, pipeline_devices=None, pipeline_encoder_balance=None, pipeline_encoder_devices=None, pipeline_model_parallel=False, pooler_activation_fn='tanh', pooler_dropout=0.0, power=1.0, profile=False, quantization_config_path=None, regression_target=False, required_batch_size_multiple=1, required_seq_len_multiple=1, reset_dataloader=False, reset_logging=True, reset_lr_scheduler=False, reset_meters=False, reset_optimizer=False, restore_file='checkpoint_last.pt', save_dir='/workspace/data/users/zanchangtong1/3_XIE/checkpoints/lstm.prompt_1', save_interval=1, save_interval_updates=0, scoring='bleu', seed=222, sentence_avg=False, separator_token=None, shard_id=0, share_all_embeddings=False, share_decoder_input_output_embed=False, shorten_data_split_list='', shorten_method='none', skip_invalid_size_inputs_valid_test=False, slowmo_algorithm='LocalSGD', slowmo_momentum=None, stop_time_hours=0, task='sentence_prediction', tensorboard_logdir='/workspace/data/users/zanchangtong1/3_XIE/checkpoints/lstm.prompt_1/tensorboard', threshold_loss_scale=None, tokenizer=None, total_num_update='30968', tpu=False, train_subset='train', unk=3, update_freq=[1], use_bmuf=False, use_old_adam=False, user_dir=None, valid_subset='valid', validate_after_updates=0, validate_interval=1, validate_interval_updates=0, wandb_project=None, warmup_updates=0, weight_decay=0.01, zero_sharding='none'), 'optimizer': {'_name': 'adam', 'adam_betas': '(0.9, 0.98)', 'adam_eps': 1e-08, 'weight_decay': 0.01, 'use_old_adam': False, 'tpu': False, 'lr': [0.05]}, 'lr_scheduler': {'_name': 'polynomial_decay', 'warmup_updates': 0, 'force_anneal': None, 'end_learning_rate': 0.0, 'power': 1.0, 'total_num_update': 30968.0, 'lr': [0.05]}, 'scoring': {'_name': 'bleu', 'pad': 1, 'eos': 2, 'unk': 3}, 'bpe': None, 'tokenizer': None}
2022-03-25 07:42:02 | INFO | fairseq.tasks.sentence_prediction | [input] dictionary: 40002 types
2022-03-25 07:42:02 | INFO | fairseq.tasks.sentence_prediction | [label] dictionary: 17 types
2022-03-25 07:42:02 | INFO | fairseq.data.data_utils | loaded 15000 examples from: /workspace/data/users/zanchangtong1/3_XIE/data_bin/prompt_1.lstm/input0/valid
2022-03-25 07:42:02 | INFO | fairseq.data.data_utils | loaded 15000 examples from: /workspace/data/users/zanchangtong1/3_XIE/data_bin/prompt_1.lstm/label/valid
2022-03-25 07:42:02 | INFO | fairseq.tasks.sentence_prediction | Loaded valid with #samples: 15000
2022-03-25 07:42:03 | INFO | fairseq.models.lstm | Registering classification head: sentence_classification_head
2022-03-25 07:42:03 | INFO | fairseq_cli.train | LSTMModel(
  (encoder): LSTMEncoder(
    (dropout_in_module): FairseqDropout()
    (dropout_out_module): FairseqDropout()
    (embed_tokens): Embedding(40002, 512, padding_idx=1)
    (lstm): LSTM(512, 512, num_layers=2, dropout=0.1, bidirectional=True)
  )
  (decoder): LSTMDecoder(
    (dropout_in_module): FairseqDropout()
    (dropout_out_module): FairseqDropout()
    (embed_tokens): Embedding(40002, 512, padding_idx=1)
    (encoder_hidden_proj): Linear(in_features=1024, out_features=512, bias=True)
    (encoder_cell_proj): Linear(in_features=1024, out_features=512, bias=True)
    (layers): ModuleList(
      (0): LSTMCell(1024, 512)
      (1): LSTMCell(512, 512)
    )
    (attention): AttentionLayer(
      (input_proj): Linear(in_features=512, out_features=1024, bias=False)
      (output_proj): Linear(in_features=1536, out_features=512, bias=False)
    )
    (fc_out): Linear(in_features=512, out_features=40002, bias=True)
  )
  (classification_heads): ModuleDict(
    (sentence_classification_head): LSTMClassificationHead(
      (dense): Linear(in_features=512, out_features=512, bias=True)
      (dropout): Dropout(p=0.0, inplace=False)
      (out_proj): Linear(in_features=512, out_features=10, bias=True)
    )
  )
)
2022-03-25 07:42:03 | INFO | fairseq_cli.train | task: SentencePredictionTask
2022-03-25 07:42:03 | INFO | fairseq_cli.train | model: LSTMModel
2022-03-25 07:42:03 | INFO | fairseq_cli.train | criterion: SentencePredictionCriterion)
2022-03-25 07:42:03 | INFO | fairseq_cli.train | num. model params: 79864396 (num. trained: 79864396)
2022-03-25 07:42:17 | INFO | fairseq.trainer | detected shared parameter: decoder.attention.input_proj.bias <- decoder.attention.output_proj.bias
2022-03-25 07:42:17 | INFO | fairseq.utils | ***********************CUDA enviroments for all 1 workers***********************
2022-03-25 07:42:17 | INFO | fairseq.utils | rank   0: capabilities =  8.0  ; total memory = 39.587 GB ; name = A100-SXM4-40GB                          
2022-03-25 07:42:17 | INFO | fairseq.utils | ***********************CUDA enviroments for all 1 workers***********************
2022-03-25 07:42:17 | INFO | fairseq_cli.train | training on 1 devices (GPUs/TPUs)
2022-03-25 07:42:17 | INFO | fairseq_cli.train | max tokens per GPU = 4400 and batch size per GPU = 64
2022-03-25 07:42:17 | INFO | fairseq.trainer | no existing checkpoint found /workspace/data/users/zanchangtong1/3_XIE/checkpoints/lstm.prompt_1/checkpoint_last.pt
2022-03-25 07:42:17 | INFO | fairseq.trainer | loading train data for epoch 1
2022-03-25 07:42:17 | INFO | fairseq.data.data_utils | loaded 289301 examples from: /workspace/data/users/zanchangtong1/3_XIE/data_bin/prompt_1.lstm/input0/train
2022-03-25 07:42:17 | INFO | fairseq.data.data_utils | loaded 289301 examples from: /workspace/data/users/zanchangtong1/3_XIE/data_bin/prompt_1.lstm/label/train
2022-03-25 07:42:17 | INFO | fairseq.tasks.sentence_prediction | Loaded train with #samples: 289301
2022-03-25 07:42:19 | INFO | fairseq.trainer | NOTE: your device may support faster training with --fp16
2022-03-25 07:42:19 | INFO | fairseq.trainer | begin training epoch 1
2022-03-25 07:42:56 | INFO | train_inner | epoch 001:    100 / 6479 loss=20.867, nll_loss=0.434, accuracy=10.8, wps=6090.5, ups=2.87, wpb=2120.4, bsz=44.1, num_updates=100, lr=0.0498385, gnorm=17.878, clip=99, train_wall=36, wall=39
2022-03-25 07:43:27 | INFO | train_inner | epoch 001:    200 / 6479 loss=12.243, nll_loss=0.256, accuracy=10.4, wps=6811.4, ups=3.18, wpb=2144.2, bsz=44.8, num_updates=200, lr=0.0496771, gnorm=16.134, clip=100, train_wall=31, wall=71
2022-03-25 07:43:59 | INFO | train_inner | epoch 001:    300 / 6479 loss=11.922, nll_loss=0.251, accuracy=11.1, wps=6898.6, ups=3.2, wpb=2154.2, bsz=45.4, num_updates=300, lr=0.0495156, gnorm=15.867, clip=100, train_wall=31, wall=102
2022-03-25 07:44:30 | INFO | train_inner | epoch 001:    400 / 6479 loss=10.876, nll_loss=0.229, accuracy=10.2, wps=6865.4, ups=3.21, wpb=2139.4, bsz=45, num_updates=400, lr=0.0493542, gnorm=15.881, clip=100, train_wall=31, wall=133
2022-03-25 07:45:01 | INFO | train_inner | epoch 001:    500 / 6479 loss=13.367, nll_loss=0.281, accuracy=10.8, wps=6904.9, ups=3.22, wpb=2142.6, bsz=45.1, num_updates=500, lr=0.0491927, gnorm=16.723, clip=100, train_wall=31, wall=164
2022-03-25 07:45:30 | INFO | train_inner | epoch 001:    600 / 6479 loss=10.823, nll_loss=0.227, accuracy=10.8, wps=7186.8, ups=3.39, wpb=2118.6, bsz=44.4, num_updates=600, lr=0.0490313, gnorm=15.492, clip=100, train_wall=29, wall=194
2022-03-25 07:46:02 | INFO | train_inner | epoch 001:    700 / 6479 loss=11.322, nll_loss=0.238, accuracy=9.9, wps=6602.2, ups=3.16, wpb=2091.8, bsz=43.9, num_updates=700, lr=0.0488698, gnorm=15.527, clip=100, train_wall=32, wall=225
2022-03-25 07:46:33 | INFO | train_inner | epoch 001:    800 / 6479 loss=10.918, nll_loss=0.229, accuracy=10.6, wps=6815.7, ups=3.2, wpb=2126.9, bsz=44.6, num_updates=800, lr=0.0487083, gnorm=15.611, clip=100, train_wall=31, wall=256
2022-03-25 07:47:05 | INFO | train_inner | epoch 001:    900 / 6479 loss=10.872, nll_loss=0.227, accuracy=10.2, wps=6657, ups=3.15, wpb=2112.9, bsz=44.1, num_updates=900, lr=0.0485469, gnorm=15.523, clip=100, train_wall=32, wall=288
2022-03-25 07:47:36 | INFO | train_inner | epoch 001:   1000 / 6479 loss=13.88, nll_loss=0.293, accuracy=10.2, wps=6948.3, ups=3.24, wpb=2146.8, bsz=45.2, num_updates=1000, lr=0.0483854, gnorm=16.313, clip=100, train_wall=31, wall=319
2022-03-25 07:48:07 | INFO | train_inner | epoch 001:   1100 / 6479 loss=10.549, nll_loss=0.22, accuracy=10.9, wps=6897.1, ups=3.19, wpb=2164.5, bsz=45.2, num_updates=1100, lr=0.048224, gnorm=16.019, clip=100, train_wall=31, wall=351
2022-03-25 07:48:38 | INFO | train_inner | epoch 001:   1200 / 6479 loss=12.39, nll_loss=0.261, accuracy=10.6, wps=6890.4, ups=3.21, wpb=2144.7, bsz=45.3, num_updates=1200, lr=0.0480625, gnorm=16.707, clip=100, train_wall=31, wall=382
2022-03-25 07:49:10 | INFO | train_inner | epoch 001:   1300 / 6479 loss=11.38, nll_loss=0.238, accuracy=11, wps=6757.8, ups=3.18, wpb=2126.3, bsz=44.5, num_updates=1300, lr=0.0479011, gnorm=15.571, clip=100, train_wall=31, wall=413
2022-03-25 07:49:41 | INFO | train_inner | epoch 001:   1400 / 6479 loss=11.878, nll_loss=0.248, accuracy=10.6, wps=6805, ups=3.18, wpb=2137.8, bsz=44.5, num_updates=1400, lr=0.0477396, gnorm=16.782, clip=100, train_wall=31, wall=445
2022-03-25 07:50:13 | INFO | train_inner | epoch 001:   1500 / 6479 loss=11.325, nll_loss=0.236, accuracy=10, wps=6590, ups=3.15, wpb=2093.8, bsz=43.7, num_updates=1500, lr=0.0475781, gnorm=15.628, clip=100, train_wall=32, wall=476
2022-03-25 07:50:44 | INFO | train_inner | epoch 001:   1600 / 6479 loss=10.038, nll_loss=0.211, accuracy=10.9, wps=6864.4, ups=3.2, wpb=2143.4, bsz=45, num_updates=1600, lr=0.0474167, gnorm=15.645, clip=100, train_wall=31, wall=508
2022-03-25 07:51:16 | INFO | train_inner | epoch 001:   1700 / 6479 loss=10.927, nll_loss=0.229, accuracy=11.2, wps=6722.3, ups=3.17, wpb=2122.3, bsz=44.5, num_updates=1700, lr=0.0472552, gnorm=16.049, clip=100, train_wall=31, wall=539
2022-03-25 07:51:45 | INFO | train_inner | epoch 001:   1800 / 6479 loss=13.212, nll_loss=0.277, accuracy=11.4, wps=7165.3, ups=3.39, wpb=2111.5, bsz=44.2, num_updates=1800, lr=0.0470938, gnorm=17.08, clip=100, train_wall=29, wall=569
2022-03-25 07:52:16 | INFO | train_inner | epoch 001:   1900 / 6479 loss=12.661, nll_loss=0.268, accuracy=9.6, wps=6884.6, ups=3.23, wpb=2132, bsz=45.1, num_updates=1900, lr=0.0469323, gnorm=16.051, clip=100, train_wall=31, wall=600
2022-03-25 07:52:48 | INFO | train_inner | epoch 001:   2000 / 6479 loss=12.234, nll_loss=0.256, accuracy=10.9, wps=6776.6, ups=3.18, wpb=2131.1, bsz=44.5, num_updates=2000, lr=0.0467709, gnorm=16.444, clip=100, train_wall=31, wall=631
2022-03-25 07:53:19 | INFO | train_inner | epoch 001:   2100 / 6479 loss=11.741, nll_loss=0.246, accuracy=10.1, wps=6674.6, ups=3.16, wpb=2113, bsz=44.3, num_updates=2100, lr=0.0466094, gnorm=16.218, clip=100, train_wall=31, wall=663
2022-03-25 07:53:51 | INFO | train_inner | epoch 001:   2200 / 6479 loss=11.868, nll_loss=0.25, accuracy=10.7, wps=6882.5, ups=3.21, wpb=2146.1, bsz=45.3, num_updates=2200, lr=0.0464479, gnorm=16.462, clip=100, train_wall=31, wall=694
2022-03-25 07:54:23 | INFO | train_inner | epoch 001:   2300 / 6479 loss=10.869, nll_loss=0.229, accuracy=10.5, wps=6510.4, ups=3.13, wpb=2079.4, bsz=43.7, num_updates=2300, lr=0.0462865, gnorm=16.264, clip=100, train_wall=32, wall=726
2022-03-25 07:54:54 | INFO | train_inner | epoch 001:   2400 / 6479 loss=11.905, nll_loss=0.249, accuracy=10.5, wps=6768.9, ups=3.19, wpb=2122.8, bsz=44.4, num_updates=2400, lr=0.046125, gnorm=16.856, clip=100, train_wall=31, wall=757
2022-03-25 07:55:25 | INFO | train_inner | epoch 001:   2500 / 6479 loss=10.854, nll_loss=0.228, accuracy=11, wps=6771.3, ups=3.19, wpb=2121.8, bsz=44.5, num_updates=2500, lr=0.0459636, gnorm=15.597, clip=100, train_wall=31, wall=789
2022-03-25 07:55:56 | INFO | train_inner | epoch 001:   2600 / 6479 loss=9.496, nll_loss=0.2, accuracy=10.8, wps=6849.2, ups=3.21, wpb=2135.8, bsz=45, num_updates=2600, lr=0.0458021, gnorm=14.763, clip=100, train_wall=31, wall=820
2022-03-25 07:56:28 | INFO | train_inner | epoch 001:   2700 / 6479 loss=11.077, nll_loss=0.233, accuracy=10.6, wps=6742.9, ups=3.18, wpb=2122.9, bsz=44.6, num_updates=2700, lr=0.0456407, gnorm=15.281, clip=100, train_wall=31, wall=851
2022-03-25 07:56:59 | INFO | train_inner | epoch 001:   2800 / 6479 loss=12.407, nll_loss=0.262, accuracy=11.2, wps=6661.3, ups=3.17, wpb=2099.2, bsz=44.3, num_updates=2800, lr=0.0454792, gnorm=16.292, clip=100, train_wall=31, wall=883
2022-03-25 07:57:31 | INFO | train_inner | epoch 001:   2900 / 6479 loss=10.095, nll_loss=0.212, accuracy=10.4, wps=6589.2, ups=3.15, wpb=2090.8, bsz=44, num_updates=2900, lr=0.0453177, gnorm=15.461, clip=100, train_wall=32, wall=914
2022-03-25 07:58:03 | INFO | train_inner | epoch 001:   3000 / 6479 loss=10.719, nll_loss=0.227, accuracy=10.3, wps=6824.9, ups=3.19, wpb=2141.1, bsz=45.3, num_updates=3000, lr=0.0451563, gnorm=15.732, clip=100, train_wall=31, wall=946
2022-03-25 07:58:32 | INFO | train_inner | epoch 001:   3100 / 6479 loss=9.515, nll_loss=0.2, accuracy=10.7, wps=7307.8, ups=3.43, wpb=2127.7, bsz=44.7, num_updates=3100, lr=0.0449948, gnorm=15.121, clip=100, train_wall=29, wall=975
2022-03-25 07:59:03 | INFO | train_inner | epoch 001:   3200 / 6479 loss=9.83, nll_loss=0.206, accuracy=10.7, wps=6763.4, ups=3.19, wpb=2121.8, bsz=44.6, num_updates=3200, lr=0.0448334, gnorm=15.014, clip=100, train_wall=31, wall=1006
2022-03-25 07:59:34 | INFO | train_inner | epoch 001:   3300 / 6479 loss=10.776, nll_loss=0.228, accuracy=11.7, wps=6972.4, ups=3.27, wpb=2133.6, bsz=45.1, num_updates=3300, lr=0.0446719, gnorm=15.641, clip=100, train_wall=30, wall=1037
2022-03-25 08:00:05 | INFO | train_inner | epoch 001:   3400 / 6479 loss=9.745, nll_loss=0.204, accuracy=10.4, wps=6780.9, ups=3.2, wpb=2118.4, bsz=44.5, num_updates=3400, lr=0.0445105, gnorm=14.775, clip=100, train_wall=31, wall=1068
2022-03-25 08:00:36 | INFO | train_inner | epoch 001:   3500 / 6479 loss=9.706, nll_loss=0.204, accuracy=10.4, wps=6762.5, ups=3.2, wpb=2111.4, bsz=44.5, num_updates=3500, lr=0.044349, gnorm=14.951, clip=100, train_wall=31, wall=1099
2022-03-25 08:01:08 | INFO | train_inner | epoch 001:   3600 / 6479 loss=10.812, nll_loss=0.225, accuracy=10.1, wps=6797.6, ups=3.18, wpb=2138.2, bsz=44.5, num_updates=3600, lr=0.0441875, gnorm=15.27, clip=100, train_wall=31, wall=1131
2022-03-25 08:01:39 | INFO | train_inner | epoch 001:   3700 / 6479 loss=10.48, nll_loss=0.218, accuracy=9.6, wps=6857.4, ups=3.19, wpb=2151, bsz=44.8, num_updates=3700, lr=0.0440261, gnorm=15.343, clip=100, train_wall=31, wall=1162
2022-03-25 08:02:10 | INFO | train_inner | epoch 001:   3800 / 6479 loss=9.679, nll_loss=0.203, accuracy=10.8, wps=6733.2, ups=3.18, wpb=2115, bsz=44.4, num_updates=3800, lr=0.0438646, gnorm=15.463, clip=100, train_wall=31, wall=1194
2022-03-25 08:02:42 | INFO | train_inner | epoch 001:   3900 / 6479 loss=9.694, nll_loss=0.206, accuracy=10.8, wps=6889.4, ups=3.21, wpb=2144.8, bsz=45.5, num_updates=3900, lr=0.0437032, gnorm=15.231, clip=100, train_wall=31, wall=1225
2022-03-25 08:03:13 | INFO | train_inner | epoch 001:   4000 / 6479 loss=10.234, nll_loss=0.214, accuracy=10.4, wps=6815.3, ups=3.17, wpb=2151.3, bsz=44.9, num_updates=4000, lr=0.0435417, gnorm=15.064, clip=100, train_wall=31, wall=1256
2022-03-25 08:03:44 | INFO | train_inner | epoch 001:   4100 / 6479 loss=9.876, nll_loss=0.207, accuracy=10.8, wps=6739.1, ups=3.19, wpb=2112.8, bsz=44.3, num_updates=4100, lr=0.0433803, gnorm=15.4, clip=100, train_wall=31, wall=1288
2022-03-25 08:04:16 | INFO | train_inner | epoch 001:   4200 / 6479 loss=10.378, nll_loss=0.218, accuracy=9.9, wps=6866.7, ups=3.2, wpb=2144.9, bsz=45.1, num_updates=4200, lr=0.0432188, gnorm=15.828, clip=100, train_wall=31, wall=1319
2022-03-25 08:04:45 | INFO | train_inner | epoch 001:   4300 / 6479 loss=10.584, nll_loss=0.221, accuracy=10.8, wps=7187.6, ups=3.37, wpb=2133.3, bsz=44.5, num_updates=4300, lr=0.0430573, gnorm=14.994, clip=100, train_wall=29, wall=1349
2022-03-25 08:05:16 | INFO | train_inner | epoch 001:   4400 / 6479 loss=9.326, nll_loss=0.198, accuracy=10.2, wps=6987.7, ups=3.26, wpb=2145.6, bsz=45.5, num_updates=4400, lr=0.0428959, gnorm=14.968, clip=100, train_wall=31, wall=1379
2022-03-25 08:05:47 | INFO | train_inner | epoch 001:   4500 / 6479 loss=10.112, nll_loss=0.212, accuracy=9.7, wps=6846.9, ups=3.19, wpb=2146.4, bsz=44.9, num_updates=4500, lr=0.0427344, gnorm=15.592, clip=100, train_wall=31, wall=1411
2022-03-25 08:06:19 | INFO | train_inner | epoch 001:   4600 / 6479 loss=7.314, nll_loss=0.153, accuracy=10.5, wps=6644.6, ups=3.15, wpb=2107.8, bsz=44.1, num_updates=4600, lr=0.042573, gnorm=13.454, clip=100, train_wall=32, wall=1443
2022-03-25 08:06:50 | INFO | train_inner | epoch 001:   4700 / 6479 loss=9.66, nll_loss=0.202, accuracy=9.8, wps=6794.3, ups=3.2, wpb=2121.5, bsz=44.4, num_updates=4700, lr=0.0424115, gnorm=15.168, clip=99, train_wall=31, wall=1474
2022-03-25 08:07:21 | INFO | train_inner | epoch 001:   4800 / 6479 loss=9.132, nll_loss=0.192, accuracy=11.6, wps=6987.9, ups=3.24, wpb=2158.2, bsz=45.3, num_updates=4800, lr=0.0422501, gnorm=14.876, clip=100, train_wall=31, wall=1505
2022-03-25 08:07:53 | INFO | train_inner | epoch 001:   4900 / 6479 loss=9.696, nll_loss=0.205, accuracy=10.7, wps=6758.7, ups=3.2, wpb=2111.6, bsz=44.5, num_updates=4900, lr=0.0420886, gnorm=15.442, clip=100, train_wall=31, wall=1536
2022-03-25 08:08:24 | INFO | train_inner | epoch 001:   5000 / 6479 loss=8.792, nll_loss=0.184, accuracy=10.2, wps=6655.6, ups=3.17, wpb=2100, bsz=44, num_updates=5000, lr=0.0419272, gnorm=14.654, clip=99, train_wall=31, wall=1567
2022-03-25 08:08:56 | INFO | train_inner | epoch 001:   5100 / 6479 loss=9.629, nll_loss=0.199, accuracy=10.3, wps=6833.7, ups=3.18, wpb=2145.9, bsz=44.4, num_updates=5100, lr=0.0417657, gnorm=14.921, clip=100, train_wall=31, wall=1599
2022-03-25 08:09:27 | INFO | train_inner | epoch 001:   5200 / 6479 loss=10.362, nll_loss=0.218, accuracy=10.3, wps=6779, ups=3.19, wpb=2123.8, bsz=44.6, num_updates=5200, lr=0.0416042, gnorm=14.996, clip=100, train_wall=31, wall=1630
2022-03-25 08:09:58 | INFO | train_inner | epoch 001:   5300 / 6479 loss=8.902, nll_loss=0.188, accuracy=10.8, wps=6893.6, ups=3.21, wpb=2144.9, bsz=45.3, num_updates=5300, lr=0.0414428, gnorm=14.864, clip=100, train_wall=31, wall=1661
2022-03-25 08:10:29 | INFO | train_inner | epoch 001:   5400 / 6479 loss=8.052, nll_loss=0.17, accuracy=10.8, wps=6916, ups=3.24, wpb=2135, bsz=45.2, num_updates=5400, lr=0.0412813, gnorm=14.101, clip=99, train_wall=31, wall=1692
2022-03-25 08:11:00 | INFO | train_inner | epoch 001:   5500 / 6479 loss=9.487, nll_loss=0.199, accuracy=11, wps=6655.9, ups=3.17, wpb=2097.3, bsz=44.1, num_updates=5500, lr=0.0411199, gnorm=15.142, clip=100, train_wall=31, wall=1724
2022-03-25 08:11:32 | INFO | train_inner | epoch 001:   5600 / 6479 loss=9.185, nll_loss=0.193, accuracy=10.8, wps=6886.8, ups=3.19, wpb=2160.3, bsz=45.4, num_updates=5600, lr=0.0409584, gnorm=15.234, clip=100, train_wall=31, wall=1755
2022-03-25 08:12:04 | INFO | train_inner | epoch 001:   5700 / 6479 loss=9.833, nll_loss=0.207, accuracy=10.9, wps=6440.3, ups=3.09, wpb=2086.4, bsz=43.9, num_updates=5700, lr=0.040797, gnorm=15.32, clip=100, train_wall=32, wall=1787
2022-03-25 08:12:35 | INFO | train_inner | epoch 001:   5800 / 6479 loss=10.61, nll_loss=0.222, accuracy=10.8, wps=7169.6, ups=3.26, wpb=2199.3, bsz=46.1, num_updates=5800, lr=0.0406355, gnorm=15.503, clip=100, train_wall=31, wall=1818
2022-03-25 08:13:07 | INFO | train_inner | epoch 001:   5900 / 6479 loss=9.072, nll_loss=0.19, accuracy=10.5, wps=6541.7, ups=3.15, wpb=2079.5, bsz=43.6, num_updates=5900, lr=0.040474, gnorm=14.674, clip=100, train_wall=32, wall=1850
2022-03-25 08:13:38 | INFO | train_inner | epoch 001:   6000 / 6479 loss=8.547, nll_loss=0.18, accuracy=10.8, wps=6889.9, ups=3.21, wpb=2145.7, bsz=45.2, num_updates=6000, lr=0.0403126, gnorm=14.923, clip=100, train_wall=31, wall=1881
2022-03-25 08:14:09 | INFO | train_inner | epoch 001:   6100 / 6479 loss=6.98, nll_loss=0.146, accuracy=11.2, wps=6692.8, ups=3.17, wpb=2114.3, bsz=44.2, num_updates=6100, lr=0.0401511, gnorm=13.126, clip=100, train_wall=31, wall=1913
2022-03-25 08:14:41 | INFO | train_inner | epoch 001:   6200 / 6479 loss=9.225, nll_loss=0.192, accuracy=10.5, wps=6906.5, ups=3.19, wpb=2165.4, bsz=45.1, num_updates=6200, lr=0.0399897, gnorm=14.674, clip=100, train_wall=31, wall=1944
2022-03-25 08:15:12 | INFO | train_inner | epoch 001:   6300 / 6479 loss=8.117, nll_loss=0.17, accuracy=11.5, wps=6622, ups=3.18, wpb=2085.1, bsz=43.7, num_updates=6300, lr=0.0398282, gnorm=14.058, clip=99, train_wall=31, wall=1976
2022-03-25 08:15:44 | INFO | train_inner | epoch 001:   6400 / 6479 loss=8.639, nll_loss=0.183, accuracy=10.5, wps=6589.9, ups=3.17, wpb=2080.2, bsz=44.1, num_updates=6400, lr=0.0396668, gnorm=14.85, clip=100, train_wall=31, wall=2007
2022-03-25 08:16:09 | INFO | fairseq_cli.train | begin validation on "valid" subset
/workspace/data/users/zanchangtong1/3_XIE/fairseq/fairseq/utils.py:347: UserWarning: amp_C fused kernels unavailable, disabling multi_tensor_l2norm; you may get better performance by installing NVIDIA's apex library
  "amp_C fused kernels unavailable, disabling multi_tensor_l2norm; "
2022-03-25 08:16:40 | INFO | valid | epoch 001 | valid on 'valid' subset | loss 7.029 | nll_loss 0.147 | accuracy 8.7 | wps 22749.6 | wpb 2110.4 | bsz 44.1 | num_updates 6479
2022-03-25 08:16:40 | INFO | fairseq_cli.train | begin save checkpoint
2022-03-25 08:16:40 | INFO | fairseq.trainer | Preparing to save checkpoint to /workspace/data/users/zanchangtong1/3_XIE/checkpoints/lstm.prompt_1/checkpoint1.pt after 6479 updates
2022-03-25 08:16:42 | INFO | fairseq.trainer | Finished saving checkpoint to /workspace/data/users/zanchangtong1/3_XIE/checkpoints/lstm.prompt_1/checkpoint1.pt
2022-03-25 08:16:43 | INFO | fairseq.checkpoint_utils | saved checkpoint /workspace/data/users/zanchangtong1/3_XIE/checkpoints/lstm.prompt_1/checkpoint1.pt (epoch 1 @ 6479 updates, score 8.7) (writing took 2.522792501375079 seconds)
2022-03-25 08:16:43 | INFO | fairseq_cli.train | end of epoch 1 (average epoch stats below)
2022-03-25 08:16:43 | INFO | train | epoch 001 | loss 10.544 | nll_loss 0.221 | accuracy 10.6 | wps 6684.3 | ups 3.14 | wpb 2127.2 | bsz 44.7 | num_updates 6479 | lr 0.0395392 | gnorm 15.459 | clip 99.9 | train_wall 2018 | wall 2066
2022-03-25 08:16:45 | INFO | fairseq.trainer | begin training epoch 2
2022-03-25 08:16:52 | INFO | train_inner | epoch 002:     21 / 6479 loss=8.382, nll_loss=0.176, accuracy=10.5, wps=3153.2, ups=1.47, wpb=2141.3, bsz=44.9, num_updates=6500, lr=0.0395053, gnorm=14.261, clip=100, train_wall=31, wall=2075
2022-03-25 08:17:22 | INFO | train_inner | epoch 002:    121 / 6479 loss=9.217, nll_loss=0.197, accuracy=9.4, wps=7002.8, ups=3.25, wpb=2152.6, bsz=46.1, num_updates=6600, lr=0.0393438, gnorm=15.191, clip=100, train_wall=31, wall=2106
2022-03-25 08:17:51 | INFO | train_inner | epoch 002:    221 / 6479 loss=8.623, nll_loss=0.181, accuracy=11.2, wps=7386.5, ups=3.46, wpb=2136.7, bsz=44.9, num_updates=6700, lr=0.0391824, gnorm=14.006, clip=99, train_wall=29, wall=2135
2022-03-25 08:18:22 | INFO | train_inner | epoch 002:    321 / 6479 loss=7.781, nll_loss=0.165, accuracy=10.4, wps=6838.3, ups=3.22, wpb=2124.8, bsz=45, num_updates=6800, lr=0.0390209, gnorm=14.017, clip=100, train_wall=31, wall=2166
2022-03-25 08:18:54 | INFO | train_inner | epoch 002:    421 / 6479 loss=8.865, nll_loss=0.186, accuracy=10.7, wps=6611.6, ups=3.17, wpb=2088.6, bsz=43.9, num_updates=6900, lr=0.0388595, gnorm=14.625, clip=100, train_wall=31, wall=2197
2022-03-25 08:19:25 | INFO | train_inner | epoch 002:    521 / 6479 loss=7.788, nll_loss=0.163, accuracy=10.8, wps=6901.2, ups=3.2, wpb=2154.3, bsz=45.2, num_updates=7000, lr=0.038698, gnorm=13.228, clip=100, train_wall=31, wall=2229
2022-03-25 08:19:57 | INFO | train_inner | epoch 002:    621 / 6479 loss=8.146, nll_loss=0.171, accuracy=11.6, wps=6885.6, ups=3.2, wpb=2152.7, bsz=45.3, num_updates=7100, lr=0.0385366, gnorm=13.753, clip=100, train_wall=31, wall=2260
2022-03-25 08:20:28 | INFO | train_inner | epoch 002:    721 / 6479 loss=8.74, nll_loss=0.182, accuracy=10.5, wps=6612.8, ups=3.14, wpb=2105.7, bsz=43.9, num_updates=7200, lr=0.0383751, gnorm=14.604, clip=100, train_wall=32, wall=2292
2022-03-25 08:21:00 | INFO | train_inner | epoch 002:    821 / 6479 loss=8.564, nll_loss=0.18, accuracy=11.7, wps=6677.6, ups=3.17, wpb=2104.4, bsz=44.1, num_updates=7300, lr=0.0382136, gnorm=14.195, clip=100, train_wall=31, wall=2323
2022-03-25 08:21:31 | INFO | train_inner | epoch 002:    921 / 6479 loss=8.81, nll_loss=0.184, accuracy=10.3, wps=6786.7, ups=3.19, wpb=2127.9, bsz=44.3, num_updates=7400, lr=0.0380522, gnorm=14.574, clip=100, train_wall=31, wall=2355
2022-03-25 08:22:03 | INFO | train_inner | epoch 002:   1021 / 6479 loss=7.848, nll_loss=0.163, accuracy=10.4, wps=6801.9, ups=3.19, wpb=2133.9, bsz=44.4, num_updates=7500, lr=0.0378907, gnorm=13.86, clip=99, train_wall=31, wall=2386
2022-03-25 08:22:34 | INFO | train_inner | epoch 002:   1121 / 6479 loss=7.597, nll_loss=0.16, accuracy=10.6, wps=6750.9, ups=3.17, wpb=2130.2, bsz=44.9, num_updates=7600, lr=0.0377293, gnorm=13.293, clip=100, train_wall=31, wall=2418
2022-03-25 08:23:05 | INFO | train_inner | epoch 002:   1221 / 6479 loss=8.096, nll_loss=0.171, accuracy=9.9, wps=7060, ups=3.28, wpb=2151.2, bsz=45.5, num_updates=7700, lr=0.0375678, gnorm=14.491, clip=100, train_wall=30, wall=2448
2022-03-25 08:23:36 | INFO | train_inner | epoch 002:   1321 / 6479 loss=7.742, nll_loss=0.163, accuracy=10.9, wps=6842.4, ups=3.21, wpb=2133.1, bsz=45, num_updates=7800, lr=0.0374064, gnorm=13.483, clip=100, train_wall=31, wall=2479
2022-03-25 08:24:07 | INFO | train_inner | epoch 002:   1421 / 6479 loss=7.293, nll_loss=0.153, accuracy=10.1, wps=6744.9, ups=3.19, wpb=2113.5, bsz=44.3, num_updates=7900, lr=0.0372449, gnorm=13.397, clip=100, train_wall=31, wall=2511
2022-03-25 08:24:37 | INFO | train_inner | epoch 002:   1521 / 6479 loss=8.517, nll_loss=0.177, accuracy=10.9, wps=7168.1, ups=3.35, wpb=2141.4, bsz=44.6, num_updates=8000, lr=0.0370834, gnorm=13.919, clip=100, train_wall=30, wall=2540
2022-03-25 08:25:08 | INFO | train_inner | epoch 002:   1621 / 6479 loss=8.119, nll_loss=0.171, accuracy=10, wps=6837.7, ups=3.21, wpb=2133.2, bsz=44.9, num_updates=8100, lr=0.036922, gnorm=13.844, clip=100, train_wall=31, wall=2572
2022-03-25 08:25:39 | INFO | train_inner | epoch 002:   1721 / 6479 loss=6.431, nll_loss=0.135, accuracy=10.8, wps=6949, ups=3.24, wpb=2142.2, bsz=45, num_updates=8200, lr=0.0367605, gnorm=12.237, clip=100, train_wall=31, wall=2602
2022-03-25 08:26:10 | INFO | train_inner | epoch 002:   1821 / 6479 loss=6.807, nll_loss=0.142, accuracy=11.1, wps=6881.8, ups=3.23, wpb=2133.7, bsz=44.6, num_updates=8300, lr=0.0365991, gnorm=12.816, clip=100, train_wall=31, wall=2633
2022-03-25 08:26:41 | INFO | train_inner | epoch 002:   1921 / 6479 loss=7.988, nll_loss=0.167, accuracy=10.3, wps=6862.8, ups=3.2, wpb=2141.9, bsz=44.9, num_updates=8400, lr=0.0364376, gnorm=13.529, clip=100, train_wall=31, wall=2665
2022-03-25 08:27:13 | INFO | train_inner | epoch 002:   2021 / 6479 loss=7.908, nll_loss=0.165, accuracy=10.1, wps=6645.6, ups=3.15, wpb=2108.5, bsz=43.9, num_updates=8500, lr=0.0362762, gnorm=14.122, clip=100, train_wall=32, wall=2696
2022-03-25 08:27:45 | INFO | train_inner | epoch 002:   2121 / 6479 loss=7.381, nll_loss=0.154, accuracy=10.2, wps=6824.4, ups=3.18, wpb=2145.6, bsz=44.7, num_updates=8600, lr=0.0361147, gnorm=13.133, clip=100, train_wall=31, wall=2728
2022-03-25 08:28:16 | INFO | train_inner | epoch 002:   2221 / 6479 loss=7.539, nll_loss=0.158, accuracy=10.2, wps=6722.1, ups=3.18, wpb=2111.9, bsz=44.2, num_updates=8700, lr=0.0359532, gnorm=13.944, clip=100, train_wall=31, wall=2759
2022-03-25 08:28:47 | INFO | train_inner | epoch 002:   2321 / 6479 loss=7.02, nll_loss=0.148, accuracy=10.3, wps=6826.5, ups=3.19, wpb=2137, bsz=45, num_updates=8800, lr=0.0357918, gnorm=13.402, clip=99, train_wall=31, wall=2791
2022-03-25 08:29:19 | INFO | train_inner | epoch 002:   2421 / 6479 loss=7.261, nll_loss=0.152, accuracy=10.2, wps=6808.7, ups=3.2, wpb=2128.6, bsz=44.6, num_updates=8900, lr=0.0356303, gnorm=13.243, clip=100, train_wall=31, wall=2822
2022-03-25 08:29:50 | INFO | train_inner | epoch 002:   2521 / 6479 loss=6.93, nll_loss=0.146, accuracy=9.9, wps=6786.1, ups=3.18, wpb=2131.3, bsz=44.8, num_updates=9000, lr=0.0354689, gnorm=13.195, clip=100, train_wall=31, wall=2853
2022-03-25 08:30:21 | INFO | train_inner | epoch 002:   2621 / 6479 loss=7.052, nll_loss=0.148, accuracy=10.5, wps=6980.6, ups=3.23, wpb=2162.4, bsz=45.5, num_updates=9100, lr=0.0353074, gnorm=13.393, clip=100, train_wall=31, wall=2884
2022-03-25 08:30:51 | INFO | train_inner | epoch 002:   2721 / 6479 loss=7.67, nll_loss=0.161, accuracy=10.1, wps=7239.2, ups=3.35, wpb=2160.1, bsz=45.5, num_updates=9200, lr=0.035146, gnorm=13.997, clip=100, train_wall=30, wall=2914
2022-03-25 08:31:23 | INFO | train_inner | epoch 002:   2821 / 6479 loss=6.723, nll_loss=0.139, accuracy=10.9, wps=6520.8, ups=3.14, wpb=2075.5, bsz=43, num_updates=9300, lr=0.0349845, gnorm=12.468, clip=100, train_wall=32, wall=2946
2022-03-25 08:31:54 | INFO | train_inner | epoch 002:   2921 / 6479 loss=6.212, nll_loss=0.13, accuracy=11.4, wps=6745.7, ups=3.2, wpb=2108.5, bsz=44.2, num_updates=9400, lr=0.034823, gnorm=11.316, clip=99, train_wall=31, wall=2977
2022-03-25 08:32:26 | INFO | train_inner | epoch 002:   3021 / 6479 loss=7.125, nll_loss=0.149, accuracy=10.3, wps=6660.9, ups=3.15, wpb=2111.3, bsz=44.3, num_updates=9500, lr=0.0346616, gnorm=12.919, clip=100, train_wall=32, wall=3009
2022-03-25 08:32:57 | INFO | train_inner | epoch 002:   3121 / 6479 loss=6.707, nll_loss=0.141, accuracy=11, wps=6826.2, ups=3.2, wpb=2136.1, bsz=44.8, num_updates=9600, lr=0.0345001, gnorm=13.017, clip=100, train_wall=31, wall=3040
2022-03-25 08:33:28 | INFO | train_inner | epoch 002:   3221 / 6479 loss=6.863, nll_loss=0.144, accuracy=10.8, wps=6773.3, ups=3.21, wpb=2108, bsz=44.1, num_updates=9700, lr=0.0343387, gnorm=12.614, clip=100, train_wall=31, wall=3071
2022-03-25 08:33:59 | INFO | train_inner | epoch 002:   3321 / 6479 loss=6.549, nll_loss=0.139, accuracy=11.1, wps=6840, ups=3.21, wpb=2129.3, bsz=45.1, num_updates=9800, lr=0.0341772, gnorm=12.317, clip=100, train_wall=31, wall=3102
2022-03-25 08:34:31 | INFO | train_inner | epoch 002:   3421 / 6479 loss=8.181, nll_loss=0.172, accuracy=10.2, wps=6601.8, ups=3.16, wpb=2091.6, bsz=43.9, num_updates=9900, lr=0.0340158, gnorm=14.245, clip=100, train_wall=32, wall=3134
2022-03-25 08:35:02 | INFO | train_inner | epoch 002:   3521 / 6479 loss=6.913, nll_loss=0.145, accuracy=10.1, wps=6800.6, ups=3.19, wpb=2131.7, bsz=44.6, num_updates=10000, lr=0.0338543, gnorm=13.227, clip=100, train_wall=31, wall=3166
2022-03-25 08:35:34 | INFO | train_inner | epoch 002:   3621 / 6479 loss=7.508, nll_loss=0.158, accuracy=10.9, wps=6688.3, ups=3.18, wpb=2104.7, bsz=44.2, num_updates=10100, lr=0.0336928, gnorm=13.649, clip=100, train_wall=31, wall=3197
2022-03-25 08:36:05 | INFO | train_inner | epoch 002:   3721 / 6479 loss=7.226, nll_loss=0.151, accuracy=10.3, wps=6897, ups=3.21, wpb=2151.4, bsz=45.1, num_updates=10200, lr=0.0335314, gnorm=12.838, clip=99, train_wall=31, wall=3228
2022-03-25 08:36:36 | INFO | train_inner | epoch 002:   3821 / 6479 loss=7.571, nll_loss=0.159, accuracy=10.4, wps=6778.2, ups=3.21, wpb=2111.6, bsz=44.4, num_updates=10300, lr=0.0333699, gnorm=13.836, clip=100, train_wall=31, wall=3259
2022-03-25 08:37:07 | INFO | train_inner | epoch 002:   3921 / 6479 loss=6.523, nll_loss=0.138, accuracy=10.6, wps=6886.4, ups=3.21, wpb=2146.8, bsz=45.3, num_updates=10400, lr=0.0332085, gnorm=12.75, clip=100, train_wall=31, wall=3291
2022-03-25 08:37:37 | INFO | train_inner | epoch 002:   4021 / 6479 loss=6.399, nll_loss=0.136, accuracy=11, wps=7043, ups=3.34, wpb=2108.5, bsz=44.7, num_updates=10500, lr=0.033047, gnorm=12.268, clip=99, train_wall=30, wall=3320
2022-03-25 08:38:09 | INFO | train_inner | epoch 002:   4121 / 6479 loss=6.081, nll_loss=0.128, accuracy=11.4, wps=6680.2, ups=3.17, wpb=2110.4, bsz=44.4, num_updates=10600, lr=0.0328856, gnorm=11.821, clip=100, train_wall=31, wall=3352
2022-03-25 08:38:40 | INFO | train_inner | epoch 002:   4221 / 6479 loss=5.768, nll_loss=0.121, accuracy=11.9, wps=6809.6, ups=3.19, wpb=2136.4, bsz=44.7, num_updates=10700, lr=0.0327241, gnorm=11.503, clip=99, train_wall=31, wall=3383
2022-03-25 08:39:11 | INFO | train_inner | epoch 002:   4321 / 6479 loss=7.461, nll_loss=0.158, accuracy=10.7, wps=7054.4, ups=3.25, wpb=2173.7, bsz=45.9, num_updates=10800, lr=0.0325626, gnorm=13.143, clip=100, train_wall=31, wall=3414
2022-03-25 08:39:42 | INFO | train_inner | epoch 002:   4421 / 6479 loss=6.312, nll_loss=0.132, accuracy=11, wps=6805.3, ups=3.19, wpb=2131.4, bsz=44.4, num_updates=10900, lr=0.0324012, gnorm=12.387, clip=100, train_wall=31, wall=3446
2022-03-25 08:40:14 | INFO | train_inner | epoch 002:   4521 / 6479 loss=6.946, nll_loss=0.146, accuracy=10.4, wps=6858.6, ups=3.2, wpb=2141.5, bsz=45, num_updates=11000, lr=0.0322397, gnorm=12.981, clip=100, train_wall=31, wall=3477
2022-03-25 08:40:45 | INFO | train_inner | epoch 002:   4621 / 6479 loss=6.46, nll_loss=0.136, accuracy=10.4, wps=6551, ups=3.14, wpb=2086.9, bsz=43.8, num_updates=11100, lr=0.0320783, gnorm=12.353, clip=100, train_wall=32, wall=3509
2022-03-25 08:41:16 | INFO | train_inner | epoch 002:   4721 / 6479 loss=6.31, nll_loss=0.132, accuracy=10.3, wps=6919.4, ups=3.23, wpb=2143.4, bsz=44.9, num_updates=11200, lr=0.0319168, gnorm=12.386, clip=100, train_wall=31, wall=3540
2022-03-25 08:41:48 | INFO | train_inner | epoch 002:   4821 / 6479 loss=7.055, nll_loss=0.148, accuracy=10.4, wps=6836, ups=3.21, wpb=2132, bsz=44.9, num_updates=11300, lr=0.0317554, gnorm=12.6, clip=99, train_wall=31, wall=3571
2022-03-25 08:42:19 | INFO | train_inner | epoch 002:   4921 / 6479 loss=6.154, nll_loss=0.129, accuracy=10.5, wps=6672.5, ups=3.17, wpb=2107.2, bsz=44, num_updates=11400, lr=0.0315939, gnorm=12.068, clip=100, train_wall=31, wall=3602
2022-03-25 08:42:50 | INFO | train_inner | epoch 002:   5021 / 6479 loss=6.629, nll_loss=0.14, accuracy=11.1, wps=6882.1, ups=3.23, wpb=2133.2, bsz=45.2, num_updates=11500, lr=0.0314324, gnorm=12.754, clip=100, train_wall=31, wall=3633
2022-03-25 08:43:22 | INFO | train_inner | epoch 002:   5121 / 6479 loss=6.293, nll_loss=0.132, accuracy=10.3, wps=6799.7, ups=3.19, wpb=2133.6, bsz=44.7, num_updates=11600, lr=0.031271, gnorm=12.282, clip=99, train_wall=31, wall=3665
2022-03-25 08:43:52 | INFO | train_inner | epoch 002:   5221 / 6479 loss=6.492, nll_loss=0.136, accuracy=11.2, wps=6782.6, ups=3.25, wpb=2086.8, bsz=43.8, num_updates=11700, lr=0.0311095, gnorm=12.394, clip=99, train_wall=31, wall=3696
2022-03-25 08:44:23 | INFO | train_inner | epoch 002:   5321 / 6479 loss=6.646, nll_loss=0.14, accuracy=11, wps=7018.4, ups=3.3, wpb=2125.8, bsz=44.7, num_updates=11800, lr=0.0309481, gnorm=12.319, clip=99, train_wall=30, wall=3726
2022-03-25 08:44:54 | INFO | train_inner | epoch 002:   5421 / 6479 loss=7.246, nll_loss=0.152, accuracy=11.2, wps=6905.5, ups=3.21, wpb=2152.9, bsz=45.2, num_updates=11900, lr=0.0307866, gnorm=12.495, clip=100, train_wall=31, wall=3757
2022-03-25 08:45:25 | INFO | train_inner | epoch 002:   5521 / 6479 loss=5.46, nll_loss=0.114, accuracy=10.6, wps=6871.9, ups=3.2, wpb=2145.7, bsz=44.8, num_updates=12000, lr=0.0306252, gnorm=11.442, clip=99, train_wall=31, wall=3788
2022-03-25 08:45:56 | INFO | train_inner | epoch 002:   5621 / 6479 loss=6.141, nll_loss=0.129, accuracy=10.4, wps=6763.3, ups=3.18, wpb=2126.7, bsz=44.5, num_updates=12100, lr=0.0304637, gnorm=11.651, clip=98, train_wall=31, wall=3820
2022-03-25 08:46:27 | INFO | train_inner | epoch 002:   5721 / 6479 loss=5.61, nll_loss=0.118, accuracy=11.5, wps=6920.6, ups=3.23, wpb=2143.5, bsz=45, num_updates=12200, lr=0.0303022, gnorm=10.713, clip=100, train_wall=31, wall=3851
2022-03-25 08:46:59 | INFO | train_inner | epoch 002:   5821 / 6479 loss=6.811, nll_loss=0.143, accuracy=10.8, wps=6868.9, ups=3.22, wpb=2135.5, bsz=44.7, num_updates=12300, lr=0.0301408, gnorm=13.156, clip=100, train_wall=31, wall=3882
2022-03-25 08:47:30 | INFO | train_inner | epoch 002:   5921 / 6479 loss=6.537, nll_loss=0.138, accuracy=9.7, wps=6914.1, ups=3.22, wpb=2145.3, bsz=45.1, num_updates=12400, lr=0.0299793, gnorm=12.252, clip=100, train_wall=31, wall=3913
2022-03-25 08:48:02 | INFO | train_inner | epoch 002:   6021 / 6479 loss=5.626, nll_loss=0.117, accuracy=10.5, wps=6531, ups=3.12, wpb=2090.4, bsz=43.6, num_updates=12500, lr=0.0298179, gnorm=231.211, clip=100, train_wall=32, wall=3945
2022-03-25 08:48:33 | INFO | train_inner | epoch 002:   6121 / 6479 loss=6.112, nll_loss=0.128, accuracy=10.9, wps=6532, ups=3.14, wpb=2077.6, bsz=43.5, num_updates=12600, lr=0.0296564, gnorm=11.901, clip=99, train_wall=32, wall=3977
2022-03-25 08:49:05 | INFO | train_inner | epoch 002:   6221 / 6479 loss=5.866, nll_loss=0.123, accuracy=10.8, wps=6656.2, ups=3.14, wpb=2117.5, bsz=44.4, num_updates=12700, lr=0.029495, gnorm=11.232, clip=100, train_wall=32, wall=4009
2022-03-25 08:49:36 | INFO | train_inner | epoch 002:   6321 / 6479 loss=5.79, nll_loss=0.122, accuracy=11.1, wps=6908.8, ups=3.21, wpb=2153.7, bsz=45.3, num_updates=12800, lr=0.0293335, gnorm=11.519, clip=100, train_wall=31, wall=4040
2022-03-25 08:50:08 | INFO | train_inner | epoch 002:   6421 / 6479 loss=5.826, nll_loss=0.123, accuracy=9.5, wps=6804, ups=3.19, wpb=2136.1, bsz=44.9, num_updates=12900, lr=0.029172, gnorm=11.547, clip=100, train_wall=31, wall=4071
2022-03-25 08:50:26 | INFO | fairseq_cli.train | begin validation on "valid" subset
2022-03-25 08:50:57 | INFO | valid | epoch 002 | valid on 'valid' subset | loss 6.48 | nll_loss 0.135 | accuracy 9.2 | wps 23287.1 | wpb 2110.4 | bsz 44.1 | num_updates 12958 | best_accuracy 9.2
2022-03-25 08:50:57 | INFO | fairseq_cli.train | begin save checkpoint
2022-03-25 08:50:57 | INFO | fairseq.trainer | Preparing to save checkpoint to /workspace/data/users/zanchangtong1/3_XIE/checkpoints/lstm.prompt_1/checkpoint2.pt after 12958 updates
2022-03-25 08:50:58 | INFO | fairseq.trainer | Finished saving checkpoint to /workspace/data/users/zanchangtong1/3_XIE/checkpoints/lstm.prompt_1/checkpoint2.pt
2022-03-25 08:50:59 | INFO | fairseq.checkpoint_utils | saved checkpoint /workspace/data/users/zanchangtong1/3_XIE/checkpoints/lstm.prompt_1/checkpoint2.pt (epoch 2 @ 12958 updates, score 9.2) (writing took 2.5213013496249914 seconds)
2022-03-25 08:50:59 | INFO | fairseq_cli.train | end of epoch 2 (average epoch stats below)
2022-03-25 08:50:59 | INFO | train | epoch 002 | loss 7.083 | nll_loss 0.149 | accuracy 10.6 | wps 6702.4 | ups 3.15 | wpb 2127.2 | bsz 44.7 | num_updates 12958 | lr 0.0290784 | gnorm 16.332 | clip 99.8 | train_wall 2009 | wall 4123
2022-03-25 08:51:02 | INFO | fairseq.trainer | begin training epoch 3
2022-03-25 08:51:15 | INFO | train_inner | epoch 003:     42 / 6479 loss=5.267, nll_loss=0.111, accuracy=10.5, wps=3112.8, ups=1.49, wpb=2086.6, bsz=44.1, num_updates=13000, lr=0.0290106, gnorm=10.594, clip=100, train_wall=31, wall=4138
2022-03-25 08:51:46 | INFO | train_inner | epoch 003:    142 / 6479 loss=5.665, nll_loss=0.119, accuracy=10.8, wps=6735.4, ups=3.18, wpb=2116.7, bsz=44.6, num_updates=13100, lr=0.0288491, gnorm=11.71, clip=100, train_wall=31, wall=4170
2022-03-25 08:52:18 | INFO | train_inner | epoch 003:    242 / 6479 loss=5.867, nll_loss=0.124, accuracy=11.2, wps=6682.9, ups=3.18, wpb=2098.8, bsz=44.2, num_updates=13200, lr=0.0286877, gnorm=11.238, clip=99, train_wall=31, wall=4201
2022-03-25 08:52:49 | INFO | train_inner | epoch 003:    342 / 6479 loss=5.985, nll_loss=0.126, accuracy=10.1, wps=6907.7, ups=3.22, wpb=2145.3, bsz=45.3, num_updates=13300, lr=0.0285262, gnorm=12.006, clip=100, train_wall=31, wall=4232
2022-03-25 08:53:19 | INFO | train_inner | epoch 003:    442 / 6479 loss=6.27, nll_loss=0.133, accuracy=10.3, wps=7104.3, ups=3.27, wpb=2171.4, bsz=46, num_updates=13400, lr=0.0283648, gnorm=12.158, clip=100, train_wall=30, wall=4263
2022-03-25 08:53:50 | INFO | train_inner | epoch 003:    542 / 6479 loss=6.285, nll_loss=0.132, accuracy=11.1, wps=6931.4, ups=3.23, wpb=2146.2, bsz=44.9, num_updates=13500, lr=0.0282033, gnorm=11.803, clip=100, train_wall=31, wall=4294
2022-03-25 08:54:22 | INFO | train_inner | epoch 003:    642 / 6479 loss=6.081, nll_loss=0.127, accuracy=10.9, wps=6676.7, ups=3.16, wpb=2112.2, bsz=44.3, num_updates=13600, lr=0.0280418, gnorm=11.593, clip=100, train_wall=31, wall=4325
2022-03-25 08:54:53 | INFO | train_inner | epoch 003:    742 / 6479 loss=5.904, nll_loss=0.125, accuracy=9.6, wps=6707, ups=3.18, wpb=2107.9, bsz=44.6, num_updates=13700, lr=0.0278804, gnorm=12.048, clip=100, train_wall=31, wall=4357
2022-03-25 08:55:25 | INFO | train_inner | epoch 003:    842 / 6479 loss=6.32, nll_loss=0.132, accuracy=10.3, wps=6655.8, ups=3.15, wpb=2110, bsz=44.1, num_updates=13800, lr=0.0277189, gnorm=11.958, clip=100, train_wall=32, wall=4388
2022-03-25 08:55:56 | INFO | train_inner | epoch 003:    942 / 6479 loss=6.127, nll_loss=0.128, accuracy=10.7, wps=6896.7, ups=3.21, wpb=2146.8, bsz=45, num_updates=13900, lr=0.0275575, gnorm=12.098, clip=100, train_wall=31, wall=4419
2022-03-25 08:56:28 | INFO | train_inner | epoch 003:   1042 / 6479 loss=5.552, nll_loss=0.117, accuracy=11, wps=6830.7, ups=3.19, wpb=2142.7, bsz=45, num_updates=14000, lr=0.027396, gnorm=10.896, clip=100, train_wall=31, wall=4451
2022-03-25 08:56:57 | INFO | train_inner | epoch 003:   1142 / 6479 loss=5.706, nll_loss=0.12, accuracy=10.1, wps=7256.3, ups=3.44, wpb=2111.2, bsz=44.4, num_updates=14100, lr=0.0272346, gnorm=11.308, clip=98, train_wall=29, wall=4480
2022-03-25 08:57:28 | INFO | train_inner | epoch 003:   1242 / 6479 loss=6.044, nll_loss=0.127, accuracy=10, wps=6638.8, ups=3.16, wpb=2100.4, bsz=44, num_updates=14200, lr=0.0270731, gnorm=11.732, clip=99, train_wall=31, wall=4512
2022-03-25 08:57:59 | INFO | train_inner | epoch 003:   1342 / 6479 loss=5.403, nll_loss=0.115, accuracy=10.3, wps=6804.9, ups=3.22, wpb=2115, bsz=44.9, num_updates=14300, lr=0.0269117, gnorm=10.731, clip=100, train_wall=31, wall=4543
2022-03-25 08:58:31 | INFO | train_inner | epoch 003:   1442 / 6479 loss=4.84, nll_loss=0.101, accuracy=10.8, wps=6815.5, ups=3.19, wpb=2139.1, bsz=44.7, num_updates=14400, lr=0.0267502, gnorm=9.816, clip=99, train_wall=31, wall=4574
2022-03-25 08:59:02 | INFO | train_inner | epoch 003:   1542 / 6479 loss=5.187, nll_loss=0.108, accuracy=10.4, wps=6653.8, ups=3.16, wpb=2103, bsz=44, num_updates=14500, lr=0.0265887, gnorm=10.146, clip=99, train_wall=31, wall=4606
2022-03-25 08:59:34 | INFO | train_inner | epoch 003:   1642 / 6479 loss=4.817, nll_loss=0.101, accuracy=10.6, wps=6854.4, ups=3.2, wpb=2141.3, bsz=45, num_updates=14600, lr=0.0264273, gnorm=10.001, clip=99, train_wall=31, wall=4637
2022-03-25 09:00:05 | INFO | train_inner | epoch 003:   1742 / 6479 loss=4.998, nll_loss=0.105, accuracy=10.7, wps=6596.9, ups=3.15, wpb=2093.6, bsz=43.8, num_updates=14700, lr=0.0262658, gnorm=9.958, clip=98, train_wall=32, wall=4669
2022-03-25 09:00:37 | INFO | train_inner | epoch 003:   1842 / 6479 loss=5.101, nll_loss=0.107, accuracy=10.8, wps=6871.9, ups=3.2, wpb=2146.1, bsz=44.8, num_updates=14800, lr=0.0261044, gnorm=10.148, clip=100, train_wall=31, wall=4700
2022-03-25 09:01:08 | INFO | train_inner | epoch 003:   1942 / 6479 loss=4.98, nll_loss=0.105, accuracy=10.5, wps=6986.9, ups=3.24, wpb=2158.6, bsz=45.5, num_updates=14900, lr=0.0259429, gnorm=10.104, clip=99, train_wall=31, wall=4731
2022-03-25 09:01:39 | INFO | train_inner | epoch 003:   2042 / 6479 loss=5.085, nll_loss=0.107, accuracy=10.4, wps=6735.8, ups=3.2, wpb=2106.6, bsz=44.4, num_updates=15000, lr=0.0257815, gnorm=10.491, clip=98, train_wall=31, wall=4762
2022-03-25 09:02:10 | INFO | train_inner | epoch 003:   2142 / 6479 loss=5.147, nll_loss=0.107, accuracy=11, wps=6822, ups=3.17, wpb=2148.8, bsz=44.8, num_updates=15100, lr=0.02562, gnorm=10.034, clip=99, train_wall=31, wall=4794
2022-03-25 09:02:41 | INFO | train_inner | epoch 003:   2242 / 6479 loss=5.22, nll_loss=0.11, accuracy=10.4, wps=7021.3, ups=3.24, wpb=2163.9, bsz=45.8, num_updates=15200, lr=0.0254585, gnorm=10.454, clip=99, train_wall=31, wall=4824
2022-03-25 09:03:12 | INFO | train_inner | epoch 003:   2342 / 6479 loss=6.099, nll_loss=0.128, accuracy=10.8, wps=6818.6, ups=3.19, wpb=2135.4, bsz=44.9, num_updates=15300, lr=0.0252971, gnorm=1.10516e+10, clip=100, train_wall=31, wall=4856
2022-03-25 09:03:42 | INFO | train_inner | epoch 003:   2442 / 6479 loss=5.293, nll_loss=0.112, accuracy=10.6, wps=7276, ups=3.41, wpb=2131.4, bsz=44.9, num_updates=15400, lr=0.0251356, gnorm=10.705, clip=100, train_wall=29, wall=4885
2022-03-25 09:04:13 | INFO | train_inner | epoch 003:   2542 / 6479 loss=5.075, nll_loss=0.107, accuracy=11, wps=6949.1, ups=3.23, wpb=2148.2, bsz=45.5, num_updates=15500, lr=0.0249742, gnorm=10.322, clip=99, train_wall=31, wall=4916
2022-03-25 09:04:44 | INFO | train_inner | epoch 003:   2642 / 6479 loss=5.564, nll_loss=0.117, accuracy=11.4, wps=6880.7, ups=3.23, wpb=2131.9, bsz=44.8, num_updates=15600, lr=0.0248127, gnorm=11.063, clip=100, train_wall=31, wall=4947
2022-03-25 09:05:15 | INFO | train_inner | epoch 003:   2742 / 6479 loss=4.828, nll_loss=0.1, accuracy=9.9, wps=6653.7, ups=3.15, wpb=2110.2, bsz=43.9, num_updates=15700, lr=0.0246513, gnorm=9.502, clip=100, train_wall=32, wall=4979
2022-03-25 09:05:47 | INFO | train_inner | epoch 003:   2842 / 6479 loss=4.914, nll_loss=0.104, accuracy=10.4, wps=6853, ups=3.2, wpb=2138.3, bsz=45, num_updates=15800, lr=0.0244898, gnorm=10.042, clip=100, train_wall=31, wall=5010
2022-03-25 09:06:18 | INFO | train_inner | epoch 003:   2942 / 6479 loss=6.022, nll_loss=0.126, accuracy=10.1, wps=6795.3, ups=3.19, wpb=2130.6, bsz=44.5, num_updates=15900, lr=0.0243283, gnorm=11.469, clip=100, train_wall=31, wall=5041
2022-03-25 09:06:49 | INFO | train_inner | epoch 003:   3042 / 6479 loss=4.748, nll_loss=0.101, accuracy=10.5, wps=6820.4, ups=3.21, wpb=2123.4, bsz=45.1, num_updates=16000, lr=0.0241669, gnorm=9.291, clip=99, train_wall=31, wall=5072
2022-03-25 09:07:20 | INFO | train_inner | epoch 003:   3142 / 6479 loss=5.116, nll_loss=0.107, accuracy=10.5, wps=6766, ups=3.2, wpb=2115.3, bsz=44.4, num_updates=16100, lr=0.0240054, gnorm=10.402, clip=99, train_wall=31, wall=5104
2022-03-25 09:07:52 | INFO | train_inner | epoch 003:   3242 / 6479 loss=5.714, nll_loss=0.12, accuracy=10.2, wps=6789.4, ups=3.19, wpb=2127.8, bsz=44.6, num_updates=16200, lr=0.023844, gnorm=11.375, clip=99, train_wall=31, wall=5135
2022-03-25 09:08:23 | INFO | train_inner | epoch 003:   3342 / 6479 loss=4.908, nll_loss=0.103, accuracy=11.2, wps=6640.1, ups=3.16, wpb=2103.2, bsz=44.1, num_updates=16300, lr=0.0236825, gnorm=9.847, clip=99, train_wall=32, wall=5167
2022-03-25 09:08:54 | INFO | train_inner | epoch 003:   3442 / 6479 loss=5.413, nll_loss=0.113, accuracy=10.1, wps=6834.6, ups=3.22, wpb=2124.8, bsz=44.2, num_updates=16400, lr=0.0235211, gnorm=10.846, clip=99, train_wall=31, wall=5198
2022-03-25 09:09:26 | INFO | train_inner | epoch 003:   3542 / 6479 loss=4.99, nll_loss=0.104, accuracy=11, wps=6796.6, ups=3.19, wpb=2128.3, bsz=44.4, num_updates=16500, lr=0.0233596, gnorm=9.994, clip=99, train_wall=31, wall=5229
2022-03-25 09:09:57 | INFO | train_inner | epoch 003:   3642 / 6479 loss=4.539, nll_loss=0.094, accuracy=11.5, wps=6864.4, ups=3.24, wpb=2119.1, bsz=44.1, num_updates=16600, lr=0.0231981, gnorm=8.878, clip=99, train_wall=31, wall=5260
2022-03-25 09:10:27 | INFO | train_inner | epoch 003:   3742 / 6479 loss=4.635, nll_loss=0.097, accuracy=11, wps=6957.2, ups=3.32, wpb=2097.5, bsz=44, num_updates=16700, lr=0.0230367, gnorm=9.141, clip=97, train_wall=30, wall=5290
2022-03-25 09:10:58 | INFO | train_inner | epoch 003:   3842 / 6479 loss=4.704, nll_loss=0.099, accuracy=10.8, wps=6923.4, ups=3.23, wpb=2144.2, bsz=45.1, num_updates=16800, lr=0.0228752, gnorm=9.119, clip=99, train_wall=31, wall=5321
2022-03-25 09:11:29 | INFO | train_inner | epoch 003:   3942 / 6479 loss=4.707, nll_loss=0.099, accuracy=11.4, wps=6769.6, ups=3.2, wpb=2112.5, bsz=44.4, num_updates=16900, lr=0.0227138, gnorm=9.186, clip=98, train_wall=31, wall=5352
2022-03-25 09:12:00 | INFO | train_inner | epoch 003:   4042 / 6479 loss=4.801, nll_loss=0.101, accuracy=11, wps=6791.1, ups=3.18, wpb=2133, bsz=44.7, num_updates=17000, lr=0.0225523, gnorm=9.623, clip=99, train_wall=31, wall=5384
2022-03-25 09:12:32 | INFO | train_inner | epoch 003:   4142 / 6479 loss=4.876, nll_loss=0.102, accuracy=10.8, wps=6679.1, ups=3.17, wpb=2106.9, bsz=44.2, num_updates=17100, lr=0.0223909, gnorm=9.956, clip=100, train_wall=31, wall=5415
2022-03-25 09:13:03 | INFO | train_inner | epoch 003:   4242 / 6479 loss=5.069, nll_loss=0.106, accuracy=10.7, wps=6969.7, ups=3.23, wpb=2156.4, bsz=45.3, num_updates=17200, lr=0.0222294, gnorm=10.381, clip=100, train_wall=31, wall=5446
2022-03-25 09:13:34 | INFO | train_inner | epoch 003:   4342 / 6479 loss=4.759, nll_loss=0.101, accuracy=11, wps=7016.7, ups=3.25, wpb=2156.4, bsz=45.7, num_updates=17300, lr=0.0220679, gnorm=9.465, clip=97, train_wall=31, wall=5477
2022-03-25 09:14:05 | INFO | train_inner | epoch 003:   4442 / 6479 loss=4.709, nll_loss=0.099, accuracy=10.9, wps=6929.5, ups=3.22, wpb=2150.6, bsz=45.2, num_updates=17400, lr=0.0219065, gnorm=9.426, clip=99, train_wall=31, wall=5508
2022-03-25 09:14:36 | INFO | train_inner | epoch 003:   4542 / 6479 loss=4.705, nll_loss=0.099, accuracy=11, wps=6720, ups=3.18, wpb=2111.1, bsz=44.5, num_updates=17500, lr=0.021745, gnorm=9.621, clip=99, train_wall=31, wall=5539
2022-03-25 09:15:07 | INFO | train_inner | epoch 003:   4642 / 6479 loss=4.778, nll_loss=0.1, accuracy=10.8, wps=6877, ups=3.25, wpb=2117, bsz=44.4, num_updates=17600, lr=0.0215836, gnorm=9.822, clip=97, train_wall=31, wall=5570
2022-03-25 09:15:39 | INFO | train_inner | epoch 003:   4742 / 6479 loss=4.978, nll_loss=0.104, accuracy=10.7, wps=6675.2, ups=3.16, wpb=2109.9, bsz=44, num_updates=17700, lr=0.0214221, gnorm=9.849, clip=97, train_wall=31, wall=5602
2022-03-25 09:16:10 | INFO | train_inner | epoch 003:   4842 / 6479 loss=4.562, nll_loss=0.096, accuracy=10.5, wps=6816.3, ups=3.2, wpb=2128, bsz=45, num_updates=17800, lr=0.0212607, gnorm=8.902, clip=95, train_wall=31, wall=5633
2022-03-25 09:16:39 | INFO | train_inner | epoch 003:   4942 / 6479 loss=4.733, nll_loss=0.099, accuracy=11.2, wps=7344.8, ups=3.43, wpb=2141.3, bsz=44.8, num_updates=17900, lr=0.0210992, gnorm=9.156, clip=97, train_wall=29, wall=5662
2022-03-25 09:17:10 | INFO | train_inner | epoch 003:   5042 / 6479 loss=4.475, nll_loss=0.093, accuracy=10.9, wps=6822.1, ups=3.18, wpb=2147.2, bsz=44.9, num_updates=18000, lr=0.0209377, gnorm=8.859, clip=98, train_wall=31, wall=5694
2022-03-25 09:17:42 | INFO | train_inner | epoch 003:   5142 / 6479 loss=4.633, nll_loss=0.096, accuracy=10.5, wps=6793.1, ups=3.19, wpb=2131.1, bsz=44.3, num_updates=18100, lr=0.0207763, gnorm=8.948, clip=98, train_wall=31, wall=5725
2022-03-25 09:18:13 | INFO | train_inner | epoch 003:   5242 / 6479 loss=4.783, nll_loss=0.1, accuracy=10.9, wps=6843.7, ups=3.18, wpb=2150.9, bsz=44.8, num_updates=18200, lr=0.0206148, gnorm=9.374, clip=97, train_wall=31, wall=5756
2022-03-25 09:18:45 | INFO | train_inner | epoch 003:   5342 / 6479 loss=4.77, nll_loss=0.101, accuracy=10.4, wps=6747.6, ups=3.17, wpb=2125.2, bsz=44.9, num_updates=18300, lr=0.0204534, gnorm=9.527, clip=100, train_wall=31, wall=5788
2022-03-25 09:19:16 | INFO | train_inner | epoch 003:   5442 / 6479 loss=4.785, nll_loss=0.101, accuracy=10.5, wps=6765.2, ups=3.19, wpb=2121.5, bsz=44.8, num_updates=18400, lr=0.0202919, gnorm=9.431, clip=98, train_wall=31, wall=5819
2022-03-25 09:19:47 | INFO | train_inner | epoch 003:   5542 / 6479 loss=4.48, nll_loss=0.095, accuracy=11.1, wps=6910.1, ups=3.24, wpb=2133.9, bsz=45.1, num_updates=18500, lr=0.0201305, gnorm=8.715, clip=98, train_wall=31, wall=5850
2022-03-25 09:20:19 | INFO | train_inner | epoch 003:   5642 / 6479 loss=4.563, nll_loss=0.096, accuracy=11.4, wps=6556, ups=3.15, wpb=2079.9, bsz=43.6, num_updates=18600, lr=0.019969, gnorm=8.927, clip=95, train_wall=32, wall=5882
2022-03-25 09:20:50 | INFO | train_inner | epoch 003:   5742 / 6479 loss=4.663, nll_loss=0.097, accuracy=9.5, wps=6683.3, ups=3.16, wpb=2111.9, bsz=44, num_updates=18700, lr=0.0198075, gnorm=9.401, clip=100, train_wall=31, wall=5914
2022-03-25 09:21:22 | INFO | train_inner | epoch 003:   5842 / 6479 loss=4.4, nll_loss=0.093, accuracy=11.6, wps=6597.8, ups=3.16, wpb=2084.8, bsz=43.9, num_updates=18800, lr=0.0196461, gnorm=8.41, clip=94, train_wall=31, wall=5945
2022-03-25 09:21:53 | INFO | train_inner | epoch 003:   5942 / 6479 loss=4.664, nll_loss=0.099, accuracy=11, wps=6641.7, ups=3.18, wpb=2089, bsz=44.1, num_updates=18900, lr=0.0194846, gnorm=9.352, clip=99, train_wall=31, wall=5977
2022-03-25 09:22:24 | INFO | train_inner | epoch 003:   6042 / 6479 loss=4.759, nll_loss=0.1, accuracy=9.8, wps=6979, ups=3.22, wpb=2168.1, bsz=45.4, num_updates=19000, lr=0.0193232, gnorm=9.578, clip=99, train_wall=31, wall=6008
2022-03-25 09:22:56 | INFO | train_inner | epoch 003:   6142 / 6479 loss=4.74, nll_loss=0.099, accuracy=10.9, wps=6904.2, ups=3.21, wpb=2148.4, bsz=44.7, num_updates=19100, lr=0.0191617, gnorm=9.546, clip=98, train_wall=31, wall=6039
2022-03-25 09:23:25 | INFO | train_inner | epoch 003:   6242 / 6479 loss=4.343, nll_loss=0.092, accuracy=10.2, wps=7379.2, ups=3.44, wpb=2145.2, bsz=45.3, num_updates=19200, lr=0.0190003, gnorm=8.564, clip=93, train_wall=29, wall=6068
2022-03-25 09:23:56 | INFO | train_inner | epoch 003:   6342 / 6479 loss=4.38, nll_loss=0.091, accuracy=11, wps=6859.5, ups=3.22, wpb=2133.1, bsz=44.5, num_updates=19300, lr=0.0188388, gnorm=8.536, clip=100, train_wall=31, wall=6099
2022-03-25 09:24:27 | INFO | train_inner | epoch 003:   6442 / 6479 loss=4.554, nll_loss=0.095, accuracy=11.5, wps=6668, ups=3.16, wpb=2109, bsz=43.8, num_updates=19400, lr=0.0186773, gnorm=9.086, clip=98, train_wall=31, wall=6131
2022-03-25 09:24:39 | INFO | fairseq_cli.train | begin validation on "valid" subset
2022-03-25 09:25:11 | INFO | valid | epoch 003 | valid on 'valid' subset | loss 4.585 | nll_loss 0.096 | accuracy 7.5 | wps 22852.5 | wpb 2110.4 | bsz 44.1 | num_updates 19437 | best_accuracy 9.2
2022-03-25 09:25:11 | INFO | fairseq_cli.train | begin save checkpoint
2022-03-25 09:25:11 | INFO | fairseq.trainer | Preparing to save checkpoint to /workspace/data/users/zanchangtong1/3_XIE/checkpoints/lstm.prompt_1/checkpoint3.pt after 19437 updates
2022-03-25 09:25:12 | INFO | fairseq.trainer | Finished saving checkpoint to /workspace/data/users/zanchangtong1/3_XIE/checkpoints/lstm.prompt_1/checkpoint3.pt
2022-03-25 09:25:13 | INFO | fairseq.checkpoint_utils | saved checkpoint /workspace/data/users/zanchangtong1/3_XIE/checkpoints/lstm.prompt_1/checkpoint3.pt (epoch 3 @ 19437 updates, score 7.5) (writing took 2.129718568176031 seconds)
2022-03-25 09:25:13 | INFO | fairseq_cli.train | end of epoch 3 (average epoch stats below)
2022-03-25 09:25:13 | INFO | train | epoch 003 | loss 5.106 | nll_loss 0.107 | accuracy 10.7 | wps 6711.9 | ups 3.16 | wpb 2127.2 | bsz 44.7 | num_updates 19437 | lr 0.0186176 | gnorm 1.70575e+08 | clip 98.7 | train_wall 2006 | wall 6176
2022-03-25 09:25:15 | INFO | fairseq.trainer | begin training epoch 4
2022-03-25 09:25:35 | INFO | train_inner | epoch 004:     63 / 6479 loss=4.29, nll_loss=0.09, accuracy=10.3, wps=3242.2, ups=1.49, wpb=2177.3, bsz=45.7, num_updates=19500, lr=0.0185159, gnorm=8.093, clip=93, train_wall=31, wall=6198
2022-03-25 09:26:06 | INFO | train_inner | epoch 004:    163 / 6479 loss=4.54, nll_loss=0.096, accuracy=11, wps=6717, ups=3.19, wpb=2108.5, bsz=44.5, num_updates=19600, lr=0.0183544, gnorm=8.746, clip=98, train_wall=31, wall=6229
2022-03-25 09:26:37 | INFO | train_inner | epoch 004:    263 / 6479 loss=4.474, nll_loss=0.094, accuracy=10.4, wps=6731.1, ups=3.18, wpb=2114.4, bsz=44.6, num_updates=19700, lr=0.018193, gnorm=8.678, clip=96, train_wall=31, wall=6261
2022-03-25 09:27:09 | INFO | train_inner | epoch 004:    363 / 6479 loss=4.314, nll_loss=0.089, accuracy=10.8, wps=6623.1, ups=3.16, wpb=2099, bsz=43.2, num_updates=19800, lr=0.0180315, gnorm=8.334, clip=98, train_wall=32, wall=6292
2022-03-25 09:27:40 | INFO | train_inner | epoch 004:    463 / 6479 loss=4.421, nll_loss=0.093, accuracy=11.1, wps=6786, ups=3.19, wpb=2124.6, bsz=44.9, num_updates=19900, lr=0.0178701, gnorm=8.812, clip=100, train_wall=31, wall=6324
2022-03-25 09:28:11 | INFO | train_inner | epoch 004:    563 / 6479 loss=4.282, nll_loss=0.091, accuracy=10.5, wps=7050, ups=3.26, wpb=2160.7, bsz=46, num_updates=20000, lr=0.0177086, gnorm=7.833, clip=88, train_wall=30, wall=6354
2022-03-25 09:28:42 | INFO | train_inner | epoch 004:    663 / 6479 loss=4.295, nll_loss=0.091, accuracy=11.7, wps=6795.9, ups=3.2, wpb=2121.6, bsz=44.8, num_updates=20100, lr=0.0175471, gnorm=8.366, clip=97, train_wall=31, wall=6386
2022-03-25 09:29:13 | INFO | train_inner | epoch 004:    763 / 6479 loss=4.384, nll_loss=0.092, accuracy=11.3, wps=6861.1, ups=3.22, wpb=2132, bsz=45, num_updates=20200, lr=0.0173857, gnorm=8.406, clip=96, train_wall=31, wall=6417
2022-03-25 09:29:43 | INFO | train_inner | epoch 004:    863 / 6479 loss=4.318, nll_loss=0.091, accuracy=12.2, wps=7042.3, ups=3.39, wpb=2076.5, bsz=43.8, num_updates=20300, lr=0.0172242, gnorm=8.244, clip=97, train_wall=29, wall=6446
2022-03-25 09:30:14 | INFO | train_inner | epoch 004:    963 / 6479 loss=4.353, nll_loss=0.092, accuracy=10.4, wps=6896.1, ups=3.22, wpb=2140.2, bsz=45.1, num_updates=20400, lr=0.0170628, gnorm=8.141, clip=96, train_wall=31, wall=6477
2022-03-25 09:30:45 | INFO | train_inner | epoch 004:   1063 / 6479 loss=4.361, nll_loss=0.092, accuracy=11.1, wps=6936.7, ups=3.22, wpb=2156.5, bsz=45.4, num_updates=20500, lr=0.0169013, gnorm=8.51, clip=97, train_wall=31, wall=6508
2022-03-25 09:31:17 | INFO | train_inner | epoch 004:   1163 / 6479 loss=4.341, nll_loss=0.091, accuracy=10.8, wps=6665.3, ups=3.16, wpb=2106.2, bsz=44, num_updates=20600, lr=0.0167399, gnorm=8.343, clip=97, train_wall=31, wall=6540
2022-03-25 09:31:48 | INFO | train_inner | epoch 004:   1263 / 6479 loss=4.332, nll_loss=0.091, accuracy=11.3, wps=6753.4, ups=3.19, wpb=2116.3, bsz=44.4, num_updates=20700, lr=0.0165784, gnorm=8.227, clip=95, train_wall=31, wall=6571
2022-03-25 09:32:19 | INFO | train_inner | epoch 004:   1363 / 6479 loss=4.286, nll_loss=0.09, accuracy=10.7, wps=6559.2, ups=3.16, wpb=2074.7, bsz=43.7, num_updates=20800, lr=0.0164169, gnorm=8.126, clip=93, train_wall=31, wall=6603
2022-03-25 09:32:50 | INFO | train_inner | epoch 004:   1463 / 6479 loss=4.227, nll_loss=0.089, accuracy=11, wps=7043.4, ups=3.25, wpb=2164.1, bsz=45.8, num_updates=20900, lr=0.0162555, gnorm=7.766, clip=89, train_wall=31, wall=6634
2022-03-25 09:33:22 | INFO | train_inner | epoch 004:   1563 / 6479 loss=4.357, nll_loss=0.091, accuracy=10.8, wps=6605.4, ups=3.16, wpb=2090.9, bsz=43.9, num_updates=21000, lr=0.016094, gnorm=8.325, clip=97, train_wall=31, wall=6665
2022-03-25 09:33:53 | INFO | train_inner | epoch 004:   1663 / 6479 loss=4.101, nll_loss=0.088, accuracy=11.4, wps=6809.4, ups=3.23, wpb=2109.2, bsz=45, num_updates=21100, lr=0.0159326, gnorm=7.502, clip=89, train_wall=31, wall=6696
2022-03-25 09:34:24 | INFO | train_inner | epoch 004:   1763 / 6479 loss=4.243, nll_loss=0.089, accuracy=10.9, wps=6897, ups=3.24, wpb=2131.6, bsz=44.9, num_updates=21200, lr=0.0157711, gnorm=7.854, clip=95, train_wall=31, wall=6727
2022-03-25 09:34:56 | INFO | train_inner | epoch 004:   1863 / 6479 loss=4.291, nll_loss=0.089, accuracy=11.8, wps=6615.9, ups=3.14, wpb=2105.3, bsz=43.9, num_updates=21300, lr=0.0156097, gnorm=7.941, clip=91, train_wall=32, wall=6759
2022-03-25 09:35:27 | INFO | train_inner | epoch 004:   1963 / 6479 loss=4.115, nll_loss=0.086, accuracy=10.4, wps=6648.9, ups=3.17, wpb=2094.3, bsz=43.7, num_updates=21400, lr=0.0154482, gnorm=7.627, clip=92, train_wall=31, wall=6790
2022-03-25 09:35:59 | INFO | train_inner | epoch 004:   2063 / 6479 loss=4.15, nll_loss=0.087, accuracy=10.9, wps=6521.6, ups=3.14, wpb=2075.7, bsz=43.5, num_updates=21500, lr=0.0152867, gnorm=7.949, clip=97, train_wall=32, wall=6822
2022-03-25 09:36:29 | INFO | train_inner | epoch 004:   2163 / 6479 loss=4.142, nll_loss=0.086, accuracy=10.9, wps=6958, ups=3.33, wpb=2087.5, bsz=43.3, num_updates=21600, lr=0.0151253, gnorm=8.137, clip=97, train_wall=30, wall=6852
2022-03-25 09:37:01 | INFO | train_inner | epoch 004:   2263 / 6479 loss=4.125, nll_loss=0.087, accuracy=11.7, wps=6675, ups=3.17, wpb=2105.3, bsz=44.3, num_updates=21700, lr=0.0149638, gnorm=7.633, clip=91, train_wall=31, wall=6884
2022-03-25 09:37:32 | INFO | train_inner | epoch 004:   2363 / 6479 loss=4.099, nll_loss=0.085, accuracy=11, wps=6828.4, ups=3.19, wpb=2137.4, bsz=44.5, num_updates=21800, lr=0.0148024, gnorm=7.566, clip=87, train_wall=31, wall=6915
2022-03-25 09:38:03 | INFO | train_inner | epoch 004:   2463 / 6479 loss=4.399, nll_loss=0.093, accuracy=11.5, wps=6774.4, ups=3.2, wpb=2119.1, bsz=44.6, num_updates=21900, lr=0.0146409, gnorm=8.514, clip=97, train_wall=31, wall=6946
2022-03-25 09:38:34 | INFO | train_inner | epoch 004:   2563 / 6479 loss=4.239, nll_loss=0.089, accuracy=10.4, wps=6814.1, ups=3.2, wpb=2126.5, bsz=44.7, num_updates=22000, lr=0.0144795, gnorm=7.981, clip=97, train_wall=31, wall=6978
2022-03-25 09:39:06 | INFO | train_inner | epoch 004:   2663 / 6479 loss=4.018, nll_loss=0.084, accuracy=11.3, wps=6743.6, ups=3.18, wpb=2122.7, bsz=44.5, num_updates=22100, lr=0.014318, gnorm=7.381, clip=87, train_wall=31, wall=7009
2022-03-25 09:39:38 | INFO | train_inner | epoch 004:   2763 / 6479 loss=4.225, nll_loss=0.089, accuracy=11, wps=6580.2, ups=3.13, wpb=2099.3, bsz=44.3, num_updates=22200, lr=0.0141565, gnorm=7.857, clip=93, train_wall=32, wall=7041
2022-03-25 09:40:09 | INFO | train_inner | epoch 004:   2863 / 6479 loss=4.097, nll_loss=0.086, accuracy=11.7, wps=6728, ups=3.17, wpb=2120.2, bsz=44.7, num_updates=22300, lr=0.0139951, gnorm=7.539, clip=89, train_wall=31, wall=7073
2022-03-25 09:40:41 | INFO | train_inner | epoch 004:   2963 / 6479 loss=4.045, nll_loss=0.085, accuracy=10.6, wps=6843.8, ups=3.19, wpb=2143.8, bsz=44.8, num_updates=22400, lr=0.0138336, gnorm=7.362, clip=87, train_wall=31, wall=7104
2022-03-25 09:41:12 | INFO | train_inner | epoch 004:   3063 / 6479 loss=4.278, nll_loss=0.09, accuracy=10.8, wps=6868.5, ups=3.23, wpb=2129.1, bsz=44.5, num_updates=22500, lr=0.0136722, gnorm=8.302, clip=93, train_wall=31, wall=7135
2022-03-25 09:41:43 | INFO | train_inner | epoch 004:   3163 / 6479 loss=4.125, nll_loss=0.087, accuracy=11.2, wps=6813.4, ups=3.19, wpb=2133.2, bsz=44.9, num_updates=22600, lr=0.0135107, gnorm=7.638, clip=89, train_wall=31, wall=7166
2022-03-25 09:42:15 | INFO | train_inner | epoch 004:   3263 / 6479 loss=4.127, nll_loss=0.085, accuracy=10.7, wps=6720.9, ups=3.16, wpb=2129.2, bsz=44.1, num_updates=22700, lr=0.0133493, gnorm=7.545, clip=94, train_wall=32, wall=7198
2022-03-25 09:42:44 | INFO | train_inner | epoch 004:   3363 / 6479 loss=4.041, nll_loss=0.085, accuracy=11.5, wps=7509.3, ups=3.44, wpb=2182.7, bsz=46, num_updates=22800, lr=0.0131878, gnorm=7.464, clip=95, train_wall=29, wall=7227
2022-03-25 09:43:15 | INFO | train_inner | epoch 004:   3463 / 6479 loss=4.068, nll_loss=0.085, accuracy=10.9, wps=6663.2, ups=3.15, wpb=2112.9, bsz=44.3, num_updates=22900, lr=0.0130263, gnorm=7.463, clip=90, train_wall=32, wall=7259
2022-03-25 09:43:46 | INFO | train_inner | epoch 004:   3563 / 6479 loss=4.03, nll_loss=0.085, accuracy=10.4, wps=7077, ups=3.26, wpb=2173, bsz=45.8, num_updates=23000, lr=0.0128649, gnorm=7.266, clip=90, train_wall=31, wall=7289
2022-03-25 09:44:17 | INFO | train_inner | epoch 004:   3663 / 6479 loss=4.099, nll_loss=0.086, accuracy=10.7, wps=6847.2, ups=3.19, wpb=2145.5, bsz=45.1, num_updates=23100, lr=0.0127034, gnorm=7.591, clip=88, train_wall=31, wall=7321
2022-03-25 09:44:49 | INFO | train_inner | epoch 004:   3763 / 6479 loss=3.925, nll_loss=0.082, accuracy=12.1, wps=6642.1, ups=3.14, wpb=2114.7, bsz=44.1, num_updates=23200, lr=0.012542, gnorm=6.941, clip=85, train_wall=32, wall=7353
2022-03-25 09:45:20 | INFO | train_inner | epoch 004:   3863 / 6479 loss=4.029, nll_loss=0.084, accuracy=11.9, wps=6989.6, ups=3.23, wpb=2164.7, bsz=45.3, num_updates=23300, lr=0.0123805, gnorm=7.253, clip=83, train_wall=31, wall=7384
2022-03-25 09:45:51 | INFO | train_inner | epoch 004:   3963 / 6479 loss=4.05, nll_loss=0.085, accuracy=11, wps=6793.3, ups=3.21, wpb=2115.7, bsz=44.2, num_updates=23400, lr=0.0122191, gnorm=7.233, clip=88, train_wall=31, wall=7415
2022-03-25 09:46:23 | INFO | train_inner | epoch 004:   4063 / 6479 loss=4.019, nll_loss=0.084, accuracy=11.7, wps=6706.8, ups=3.16, wpb=2123, bsz=44.3, num_updates=23500, lr=0.0120576, gnorm=7.141, clip=85, train_wall=31, wall=7446
2022-03-25 09:46:54 | INFO | train_inner | epoch 004:   4163 / 6479 loss=3.875, nll_loss=0.081, accuracy=10.8, wps=6917.5, ups=3.2, wpb=2159.8, bsz=45.3, num_updates=23600, lr=0.0118962, gnorm=6.611, clip=87, train_wall=31, wall=7478
2022-03-25 09:47:26 | INFO | train_inner | epoch 004:   4263 / 6479 loss=4.055, nll_loss=0.085, accuracy=10.5, wps=6547.5, ups=3.15, wpb=2079.7, bsz=43.8, num_updates=23700, lr=0.0117347, gnorm=7.518, clip=92, train_wall=32, wall=7509
2022-03-25 09:47:57 | INFO | train_inner | epoch 004:   4363 / 6479 loss=3.971, nll_loss=0.083, accuracy=10.9, wps=6855.9, ups=3.21, wpb=2137.3, bsz=44.6, num_updates=23800, lr=0.0115732, gnorm=7.108, clip=87, train_wall=31, wall=7541
2022-03-25 09:48:28 | INFO | train_inner | epoch 004:   4463 / 6479 loss=3.952, nll_loss=0.083, accuracy=10.3, wps=7068.9, ups=3.24, wpb=2181.6, bsz=45.8, num_updates=23900, lr=0.0114118, gnorm=7.014, clip=86, train_wall=31, wall=7571
2022-03-25 09:49:00 | INFO | train_inner | epoch 004:   4563 / 6479 loss=4.043, nll_loss=0.084, accuracy=10.7, wps=6765.9, ups=3.18, wpb=2127.4, bsz=44.3, num_updates=24000, lr=0.0112503, gnorm=7.329, clip=85, train_wall=31, wall=7603
2022-03-25 09:49:29 | INFO | train_inner | epoch 004:   4663 / 6479 loss=3.808, nll_loss=0.08, accuracy=11.3, wps=7433.3, ups=3.45, wpb=2154.8, bsz=45.3, num_updates=24100, lr=0.0110889, gnorm=6.592, clip=82, train_wall=29, wall=7632
2022-03-25 09:50:00 | INFO | train_inner | epoch 004:   4763 / 6479 loss=3.816, nll_loss=0.08, accuracy=11.2, wps=6716, ups=3.17, wpb=2117.1, bsz=44.3, num_updates=24200, lr=0.0109274, gnorm=6.467, clip=82, train_wall=31, wall=7663
2022-03-25 09:50:32 | INFO | train_inner | epoch 004:   4863 / 6479 loss=4.063, nll_loss=0.085, accuracy=11.5, wps=6741.8, ups=3.18, wpb=2121.1, bsz=44.6, num_updates=24300, lr=0.010766, gnorm=7.119, clip=89, train_wall=31, wall=7695
2022-03-25 09:51:02 | INFO | train_inner | epoch 004:   4963 / 6479 loss=4.059, nll_loss=0.086, accuracy=10.8, wps=6989.9, ups=3.24, wpb=2158.6, bsz=45.6, num_updates=24400, lr=0.0106045, gnorm=7.118, clip=89, train_wall=31, wall=7726
2022-03-25 09:51:34 | INFO | train_inner | epoch 004:   5063 / 6479 loss=3.862, nll_loss=0.081, accuracy=11.3, wps=6659.7, ups=3.15, wpb=2112.7, bsz=44.5, num_updates=24500, lr=0.010443, gnorm=6.7, clip=83, train_wall=32, wall=7757
2022-03-25 09:52:06 | INFO | train_inner | epoch 004:   5163 / 6479 loss=3.899, nll_loss=0.082, accuracy=11.6, wps=6865.1, ups=3.18, wpb=2156, bsz=45.4, num_updates=24600, lr=0.0102816, gnorm=6.95, clip=88, train_wall=31, wall=7789
2022-03-25 09:52:36 | INFO | train_inner | epoch 004:   5263 / 6479 loss=3.835, nll_loss=0.08, accuracy=11.4, wps=7053.5, ups=3.23, wpb=2182.5, bsz=45.8, num_updates=24700, lr=0.0101201, gnorm=6.604, clip=80, train_wall=31, wall=7820
2022-03-25 09:53:08 | INFO | train_inner | epoch 004:   5363 / 6479 loss=3.804, nll_loss=0.08, accuracy=11.6, wps=6758, ups=3.2, wpb=2113.6, bsz=44.3, num_updates=24800, lr=0.00995867, gnorm=6.469, clip=81, train_wall=31, wall=7851
2022-03-25 09:53:39 | INFO | train_inner | epoch 004:   5463 / 6479 loss=3.858, nll_loss=0.081, accuracy=10.7, wps=6561.1, ups=3.17, wpb=2072.3, bsz=43.5, num_updates=24900, lr=0.00979721, gnorm=6.609, clip=80, train_wall=31, wall=7883
2022-03-25 09:54:11 | INFO | train_inner | epoch 004:   5563 / 6479 loss=4.054, nll_loss=0.085, accuracy=10.4, wps=6671, ups=3.17, wpb=2101.3, bsz=44.1, num_updates=25000, lr=0.00963575, gnorm=7.525, clip=89, train_wall=31, wall=7914
2022-03-25 09:54:42 | INFO | train_inner | epoch 004:   5663 / 6479 loss=3.85, nll_loss=0.081, accuracy=11.1, wps=6869.7, ups=3.2, wpb=2147.9, bsz=45, num_updates=25100, lr=0.0094743, gnorm=6.466, clip=83, train_wall=31, wall=7945
2022-03-25 09:55:13 | INFO | train_inner | epoch 004:   5763 / 6479 loss=3.897, nll_loss=0.081, accuracy=10.8, wps=7011.3, ups=3.23, wpb=2168.8, bsz=45.2, num_updates=25200, lr=0.00931284, gnorm=6.866, clip=83, train_wall=31, wall=7976
2022-03-25 09:55:42 | INFO | train_inner | epoch 004:   5863 / 6479 loss=3.847, nll_loss=0.081, accuracy=10.4, wps=7332.1, ups=3.4, wpb=2153.5, bsz=45.2, num_updates=25300, lr=0.00915138, gnorm=6.545, clip=87, train_wall=29, wall=8006
2022-03-25 09:56:13 | INFO | train_inner | epoch 004:   5963 / 6479 loss=3.784, nll_loss=0.08, accuracy=11.4, wps=6876.9, ups=3.23, wpb=2131.4, bsz=45, num_updates=25400, lr=0.00898993, gnorm=6.266, clip=75, train_wall=31, wall=8037
2022-03-25 09:56:45 | INFO | train_inner | epoch 004:   6063 / 6479 loss=3.767, nll_loss=0.078, accuracy=11.6, wps=6726.2, ups=3.18, wpb=2114.5, bsz=44.1, num_updates=25500, lr=0.00882847, gnorm=6.084, clip=74, train_wall=31, wall=8068
2022-03-25 09:57:17 | INFO | train_inner | epoch 004:   6163 / 6479 loss=3.924, nll_loss=0.082, accuracy=11, wps=6589.8, ups=3.15, wpb=2094.7, bsz=43.8, num_updates=25600, lr=0.00866701, gnorm=6.973, clip=90, train_wall=32, wall=8100
2022-03-25 09:57:48 | INFO | train_inner | epoch 004:   6263 / 6479 loss=3.727, nll_loss=0.078, accuracy=11.5, wps=6807.6, ups=3.18, wpb=2137.6, bsz=45, num_updates=25700, lr=0.00850555, gnorm=6.055, clip=72, train_wall=31, wall=8131
2022-03-25 09:58:20 | INFO | train_inner | epoch 004:   6363 / 6479 loss=3.742, nll_loss=0.078, accuracy=11.8, wps=6743.5, ups=3.17, wpb=2129.2, bsz=44.3, num_updates=25800, lr=0.0083441, gnorm=6.2, clip=74, train_wall=31, wall=8163
2022-03-25 09:58:51 | INFO | train_inner | epoch 004:   6463 / 6479 loss=3.873, nll_loss=0.081, accuracy=10.8, wps=6956.8, ups=3.23, wpb=2156.7, bsz=45.1, num_updates=25900, lr=0.00818264, gnorm=6.649, clip=80, train_wall=31, wall=8194
2022-03-25 09:58:56 | INFO | fairseq_cli.train | begin validation on "valid" subset
2022-03-25 09:59:27 | INFO | valid | epoch 004 | valid on 'valid' subset | loss 3.935 | nll_loss 0.082 | accuracy 7.5 | wps 22812.9 | wpb 2110.4 | bsz 44.1 | num_updates 25916 | best_accuracy 9.2
2022-03-25 09:59:27 | INFO | fairseq_cli.train | begin save checkpoint
2022-03-25 09:59:27 | INFO | fairseq.trainer | Preparing to save checkpoint to /workspace/data/users/zanchangtong1/3_XIE/checkpoints/lstm.prompt_1/checkpoint4.pt after 25916 updates
2022-03-25 09:59:29 | INFO | fairseq.trainer | Finished saving checkpoint to /workspace/data/users/zanchangtong1/3_XIE/checkpoints/lstm.prompt_1/checkpoint4.pt
2022-03-25 09:59:29 | INFO | fairseq.checkpoint_utils | saved checkpoint /workspace/data/users/zanchangtong1/3_XIE/checkpoints/lstm.prompt_1/checkpoint4.pt (epoch 4 @ 25916 updates, score 7.5) (writing took 1.893035652115941 seconds)
2022-03-25 09:59:29 | INFO | fairseq_cli.train | end of epoch 4 (average epoch stats below)
2022-03-25 09:59:29 | INFO | train | epoch 004 | loss 4.089 | nll_loss 0.086 | accuracy 11.1 | wps 6701.8 | ups 3.15 | wpb 2127.2 | bsz 44.7 | num_updates 25916 | lr 0.00815681 | gnorm 7.458 | clip 89 | train_wall 2009 | wall 8233
2022-03-25 09:59:32 | INFO | fairseq.trainer | begin training epoch 5
2022-03-25 09:59:58 | INFO | train_inner | epoch 005:     84 / 6479 loss=3.671, nll_loss=0.077, accuracy=12.2, wps=3147, ups=1.48, wpb=2129.9, bsz=44.5, num_updates=26000, lr=0.00802118, gnorm=5.769, clip=69, train_wall=31, wall=8262
2022-03-25 10:00:29 | INFO | train_inner | epoch 005:    184 / 6479 loss=3.69, nll_loss=0.077, accuracy=12, wps=6892.5, ups=3.22, wpb=2142.2, bsz=44.9, num_updates=26100, lr=0.00785973, gnorm=5.855, clip=72, train_wall=31, wall=8293
2022-03-25 10:01:01 | INFO | train_inner | epoch 005:    284 / 6479 loss=3.819, nll_loss=0.081, accuracy=11.2, wps=6832.2, ups=3.21, wpb=2129.4, bsz=44.9, num_updates=26200, lr=0.00769827, gnorm=6.546, clip=83, train_wall=31, wall=8324
2022-03-25 10:01:33 | INFO | train_inner | epoch 005:    384 / 6479 loss=3.742, nll_loss=0.078, accuracy=10.5, wps=6471.7, ups=3.11, wpb=2081.8, bsz=43.3, num_updates=26300, lr=0.00753681, gnorm=6.2, clip=74, train_wall=32, wall=8356
2022-03-25 10:02:04 | INFO | train_inner | epoch 005:    484 / 6479 loss=3.71, nll_loss=0.078, accuracy=10.5, wps=6779.1, ups=3.19, wpb=2126.1, bsz=44.6, num_updates=26400, lr=0.00737536, gnorm=6.132, clip=70, train_wall=31, wall=8387
2022-03-25 10:02:34 | INFO | train_inner | epoch 005:    584 / 6479 loss=3.687, nll_loss=0.077, accuracy=10.9, wps=7236, ups=3.35, wpb=2157.4, bsz=45.3, num_updates=26500, lr=0.0072139, gnorm=5.808, clip=74, train_wall=30, wall=8417
2022-03-25 10:03:05 | INFO | train_inner | epoch 005:    684 / 6479 loss=3.666, nll_loss=0.077, accuracy=11.3, wps=6785.7, ups=3.22, wpb=2108, bsz=44.1, num_updates=26600, lr=0.00705244, gnorm=5.89, clip=76, train_wall=31, wall=8448
2022-03-25 10:03:36 | INFO | train_inner | epoch 005:    784 / 6479 loss=3.715, nll_loss=0.078, accuracy=11.8, wps=6751.3, ups=3.19, wpb=2119.3, bsz=44.4, num_updates=26700, lr=0.00689098, gnorm=5.937, clip=70, train_wall=31, wall=8480
2022-03-25 10:04:08 | INFO | train_inner | epoch 005:    884 / 6479 loss=3.687, nll_loss=0.077, accuracy=12, wps=6699.2, ups=3.19, wpb=2101.1, bsz=44.1, num_updates=26800, lr=0.00672953, gnorm=5.98, clip=76, train_wall=31, wall=8511
2022-03-25 10:04:39 | INFO | train_inner | epoch 005:    984 / 6479 loss=3.644, nll_loss=0.077, accuracy=11.1, wps=6981.4, ups=3.24, wpb=2156.7, bsz=45.4, num_updates=26900, lr=0.00656807, gnorm=5.724, clip=72, train_wall=31, wall=8542
2022-03-25 10:05:10 | INFO | train_inner | epoch 005:   1084 / 6479 loss=3.718, nll_loss=0.078, accuracy=11.8, wps=6810.9, ups=3.22, wpb=2116.6, bsz=44.2, num_updates=27000, lr=0.00640661, gnorm=5.847, clip=68, train_wall=31, wall=8573
2022-03-25 10:05:42 | INFO | train_inner | epoch 005:   1184 / 6479 loss=3.576, nll_loss=0.074, accuracy=11.7, wps=6603.7, ups=3.14, wpb=2105.2, bsz=43.8, num_updates=27100, lr=0.00624516, gnorm=5.308, clip=56, train_wall=32, wall=8605
2022-03-25 10:06:13 | INFO | train_inner | epoch 005:   1284 / 6479 loss=3.66, nll_loss=0.077, accuracy=11.4, wps=7011.5, ups=3.24, wpb=2163, bsz=45.2, num_updates=27200, lr=0.0060837, gnorm=5.771, clip=72, train_wall=31, wall=8636
2022-03-25 10:06:44 | INFO | train_inner | epoch 005:   1384 / 6479 loss=3.681, nll_loss=0.077, accuracy=11.6, wps=6619.6, ups=3.16, wpb=2095.5, bsz=43.8, num_updates=27300, lr=0.00592224, gnorm=5.855, clip=69, train_wall=31, wall=8668
2022-03-25 10:07:15 | INFO | train_inner | epoch 005:   1484 / 6479 loss=3.623, nll_loss=0.076, accuracy=12.6, wps=6853.6, ups=3.2, wpb=2140.3, bsz=45.1, num_updates=27400, lr=0.00576079, gnorm=5.667, clip=70, train_wall=31, wall=8699
2022-03-25 10:07:47 | INFO | train_inner | epoch 005:   1584 / 6479 loss=3.596, nll_loss=0.075, accuracy=11.2, wps=6552.2, ups=3.13, wpb=2091.7, bsz=43.8, num_updates=27500, lr=0.00559933, gnorm=5.308, clip=52, train_wall=32, wall=8731
2022-03-25 10:08:19 | INFO | train_inner | epoch 005:   1684 / 6479 loss=3.67, nll_loss=0.077, accuracy=11.2, wps=6641.1, ups=3.16, wpb=2103, bsz=44.3, num_updates=27600, lr=0.00543787, gnorm=5.87, clip=72, train_wall=31, wall=8762
2022-03-25 10:08:48 | INFO | train_inner | epoch 005:   1784 / 6479 loss=3.612, nll_loss=0.076, accuracy=11.5, wps=7447.9, ups=3.46, wpb=2155.3, bsz=45.4, num_updates=27700, lr=0.00527641, gnorm=5.465, clip=60, train_wall=29, wall=8791
2022-03-25 10:09:20 | INFO | train_inner | epoch 005:   1884 / 6479 loss=3.592, nll_loss=0.075, accuracy=13, wps=6712.1, ups=3.15, wpb=2128.7, bsz=44.3, num_updates=27800, lr=0.00511496, gnorm=5.376, clip=53, train_wall=32, wall=8823
2022-03-25 10:09:52 | INFO | train_inner | epoch 005:   1984 / 6479 loss=3.596, nll_loss=0.075, accuracy=12.4, wps=6573.4, ups=3.14, wpb=2092.7, bsz=43.5, num_updates=27900, lr=0.0049535, gnorm=5.598, clip=65, train_wall=32, wall=8855
2022-03-25 10:10:23 | INFO | train_inner | epoch 005:   2084 / 6479 loss=3.54, nll_loss=0.075, accuracy=11.6, wps=6815.1, ups=3.2, wpb=2129.5, bsz=45, num_updates=28000, lr=0.00479204, gnorm=5.037, clip=50, train_wall=31, wall=8886
2022-03-25 10:10:54 | INFO | train_inner | epoch 005:   2184 / 6479 loss=3.508, nll_loss=0.073, accuracy=12.5, wps=6659.5, ups=3.16, wpb=2107.4, bsz=44.1, num_updates=28100, lr=0.00463059, gnorm=4.763, clip=33, train_wall=31, wall=8918
2022-03-25 10:11:25 | INFO | train_inner | epoch 005:   2284 / 6479 loss=3.635, nll_loss=0.076, accuracy=11.6, wps=6935, ups=3.23, wpb=2146.8, bsz=45.1, num_updates=28200, lr=0.00446913, gnorm=5.559, clip=58, train_wall=31, wall=8949
2022-03-25 10:11:57 | INFO | train_inner | epoch 005:   2384 / 6479 loss=3.505, nll_loss=0.074, accuracy=12.2, wps=6855.7, ups=3.18, wpb=2153, bsz=45.2, num_updates=28300, lr=0.00430767, gnorm=4.886, clip=50, train_wall=31, wall=8980
2022-03-25 10:12:28 | INFO | train_inner | epoch 005:   2484 / 6479 loss=3.482, nll_loss=0.073, accuracy=12.8, wps=6681.6, ups=3.17, wpb=2106.1, bsz=44.2, num_updates=28400, lr=0.00414622, gnorm=4.831, clip=40, train_wall=31, wall=9012
2022-03-25 10:13:00 | INFO | train_inner | epoch 005:   2584 / 6479 loss=3.52, nll_loss=0.074, accuracy=11.9, wps=6746.3, ups=3.16, wpb=2135.5, bsz=44.6, num_updates=28500, lr=0.00398476, gnorm=4.981, clip=49, train_wall=31, wall=9043
2022-03-25 10:13:32 | INFO | train_inner | epoch 005:   2684 / 6479 loss=3.513, nll_loss=0.073, accuracy=11.4, wps=6557.2, ups=3.12, wpb=2100.6, bsz=43.9, num_updates=28600, lr=0.0038233, gnorm=5.052, clip=54, train_wall=32, wall=9075
2022-03-25 10:14:03 | INFO | train_inner | epoch 005:   2784 / 6479 loss=3.483, nll_loss=0.073, accuracy=10.9, wps=6887.6, ups=3.22, wpb=2140, bsz=44.8, num_updates=28700, lr=0.00366184, gnorm=4.741, clip=40, train_wall=31, wall=9106
2022-03-25 10:14:35 | INFO | train_inner | epoch 005:   2884 / 6479 loss=3.505, nll_loss=0.074, accuracy=11.3, wps=6430.3, ups=3.12, wpb=2059.3, bsz=43.3, num_updates=28800, lr=0.00350039, gnorm=4.872, clip=48, train_wall=32, wall=9138
2022-03-25 10:15:06 | INFO | train_inner | epoch 005:   2984 / 6479 loss=3.502, nll_loss=0.074, accuracy=12.1, wps=6985, ups=3.22, wpb=2169.1, bsz=45.7, num_updates=28900, lr=0.00333893, gnorm=5.029, clip=45, train_wall=31, wall=9170
2022-03-25 10:15:35 | INFO | train_inner | epoch 005:   3084 / 6479 loss=3.489, nll_loss=0.074, accuracy=12.2, wps=7526.6, ups=3.49, wpb=2153.8, bsz=45.4, num_updates=29000, lr=0.00317747, gnorm=4.9, clip=46, train_wall=28, wall=9198
2022-03-25 10:16:06 | INFO | train_inner | epoch 005:   3184 / 6479 loss=3.48, nll_loss=0.073, accuracy=13.3, wps=6737.6, ups=3.18, wpb=2115.8, bsz=44.4, num_updates=29100, lr=0.00301602, gnorm=4.847, clip=45, train_wall=31, wall=9230
2022-03-25 10:16:38 | INFO | train_inner | epoch 005:   3284 / 6479 loss=3.492, nll_loss=0.074, accuracy=12.4, wps=6600, ups=3.18, wpb=2075.3, bsz=44, num_updates=29200, lr=0.00285456, gnorm=4.706, clip=40, train_wall=31, wall=9261
2022-03-25 10:17:09 | INFO | train_inner | epoch 005:   3384 / 6479 loss=3.485, nll_loss=0.073, accuracy=12, wps=6740, ups=3.16, wpb=2131.4, bsz=44.9, num_updates=29300, lr=0.0026931, gnorm=4.89, clip=47, train_wall=31, wall=9293
2022-03-25 10:17:40 | INFO | train_inner | epoch 005:   3484 / 6479 loss=3.461, nll_loss=0.073, accuracy=12.6, wps=7000.6, ups=3.23, wpb=2166.6, bsz=45.9, num_updates=29400, lr=0.00253165, gnorm=4.57, clip=34, train_wall=31, wall=9324
2022-03-25 10:18:11 | INFO | train_inner | epoch 005:   3584 / 6479 loss=3.471, nll_loss=0.073, accuracy=11.8, wps=6968.8, ups=3.22, wpb=2166.6, bsz=45.7, num_updates=29500, lr=0.00237019, gnorm=4.819, clip=40, train_wall=31, wall=9355
2022-03-25 10:18:43 | INFO | train_inner | epoch 005:   3684 / 6479 loss=3.423, nll_loss=0.072, accuracy=13.1, wps=6759.8, ups=3.18, wpb=2125.8, bsz=44.8, num_updates=29600, lr=0.00220873, gnorm=4.356, clip=20, train_wall=31, wall=9386
2022-03-25 10:19:14 | INFO | train_inner | epoch 005:   3784 / 6479 loss=3.45, nll_loss=0.072, accuracy=12.5, wps=7073.8, ups=3.26, wpb=2170.9, bsz=45.6, num_updates=29700, lr=0.00204727, gnorm=4.475, clip=28, train_wall=31, wall=9417
2022-03-25 10:19:46 | INFO | train_inner | epoch 005:   3884 / 6479 loss=3.389, nll_loss=0.071, accuracy=13.6, wps=6454.6, ups=3.11, wpb=2072.2, bsz=43.5, num_updates=29800, lr=0.00188582, gnorm=4.1, clip=22, train_wall=32, wall=9449
2022-03-25 10:20:17 | INFO | train_inner | epoch 005:   3984 / 6479 loss=3.421, nll_loss=0.072, accuracy=12.3, wps=6660.8, ups=3.16, wpb=2106.7, bsz=44.5, num_updates=29900, lr=0.00172436, gnorm=4.309, clip=30, train_wall=31, wall=9481
2022-03-25 10:20:49 | INFO | train_inner | epoch 005:   4084 / 6479 loss=3.406, nll_loss=0.072, accuracy=12.6, wps=6624.6, ups=3.16, wpb=2096.5, bsz=44, num_updates=30000, lr=0.0015629, gnorm=4.347, clip=24, train_wall=31, wall=9512
2022-03-25 10:21:20 | INFO | train_inner | epoch 005:   4184 / 6479 loss=3.384, nll_loss=0.071, accuracy=13.6, wps=6924.2, ups=3.21, wpb=2159.8, bsz=45, num_updates=30100, lr=0.00140145, gnorm=4.047, clip=17, train_wall=31, wall=9543
2022-03-25 10:21:50 | INFO | train_inner | epoch 005:   4284 / 6479 loss=3.368, nll_loss=0.07, accuracy=13, wps=7037.6, ups=3.35, wpb=2099.1, bsz=43.5, num_updates=30200, lr=0.00123999, gnorm=4.162, clip=24, train_wall=30, wall=9573
2022-03-25 10:22:21 | INFO | train_inner | epoch 005:   4384 / 6479 loss=3.346, nll_loss=0.07, accuracy=13.7, wps=6966.6, ups=3.22, wpb=2165.4, bsz=45.5, num_updates=30300, lr=0.00107853, gnorm=3.655, clip=5, train_wall=31, wall=9604
2022-03-25 10:22:52 | INFO | train_inner | epoch 005:   4484 / 6479 loss=3.361, nll_loss=0.071, accuracy=13.2, wps=6705.4, ups=3.18, wpb=2107.5, bsz=44.3, num_updates=30400, lr=0.000917076, gnorm=3.923, clip=14, train_wall=31, wall=9636
2022-03-25 10:23:24 | INFO | train_inner | epoch 005:   4584 / 6479 loss=3.355, nll_loss=0.071, accuracy=13.6, wps=6856.3, ups=3.21, wpb=2135.4, bsz=44.9, num_updates=30500, lr=0.000755619, gnorm=3.91, clip=10, train_wall=31, wall=9667
2022-03-25 10:23:54 | INFO | train_inner | epoch 005:   4684 / 6479 loss=3.35, nll_loss=0.071, accuracy=13.8, wps=7098.6, ups=3.26, wpb=2174.9, bsz=46, num_updates=30600, lr=0.000594162, gnorm=3.816, clip=13, train_wall=30, wall=9698
2022-03-25 10:24:25 | INFO | train_inner | epoch 005:   4784 / 6479 loss=3.317, nll_loss=0.07, accuracy=14.1, wps=6971.4, ups=3.25, wpb=2148.4, bsz=45.4, num_updates=30700, lr=0.000432705, gnorm=3.385, clip=1, train_wall=31, wall=9728
2022-03-25 10:24:57 | INFO | train_inner | epoch 005:   4884 / 6479 loss=3.32, nll_loss=0.069, accuracy=13.5, wps=6775.5, ups=3.18, wpb=2127.5, bsz=44.4, num_updates=30800, lr=0.000271248, gnorm=3.443, clip=6, train_wall=31, wall=9760
2022-03-25 10:25:28 | INFO | train_inner | epoch 005:   4984 / 6479 loss=3.301, nll_loss=0.069, accuracy=15.6, wps=6728.2, ups=3.17, wpb=2120.6, bsz=44.5, num_updates=30900, lr=0.000109791, gnorm=3.449, clip=1, train_wall=31, wall=9791
2022-03-25 10:25:49 | INFO | fairseq_cli.train | begin validation on "valid" subset
2022-03-25 10:26:21 | INFO | valid | epoch 005 | valid on 'valid' subset | loss 3.283 | nll_loss 0.069 | accuracy 15.5 | wps 22807.9 | wpb 2110.4 | bsz 44.1 | num_updates 30968 | best_accuracy 15.5
2022-03-25 10:26:21 | INFO | fairseq_cli.train | begin save checkpoint
2022-03-25 10:26:21 | INFO | fairseq.trainer | Preparing to save checkpoint to /workspace/data/users/zanchangtong1/3_XIE/checkpoints/lstm.prompt_1/checkpoint_best.pt after 30968 updates
2022-03-25 10:26:22 | INFO | fairseq.trainer | Finished saving checkpoint to /workspace/data/users/zanchangtong1/3_XIE/checkpoints/lstm.prompt_1/checkpoint_best.pt
2022-03-25 10:26:23 | INFO | fairseq.checkpoint_utils | saved checkpoint /workspace/data/users/zanchangtong1/3_XIE/checkpoints/lstm.prompt_1/checkpoint_best.pt (epoch 5 @ 30968 updates, score 15.5) (writing took 2.022254543378949 seconds)
2022-03-25 10:26:23 | INFO | fairseq_cli.train | end of epoch 5 (average epoch stats below)
2022-03-25 10:26:23 | INFO | train | epoch 005 | loss 3.528 | nll_loss 0.074 | accuracy 12.3 | wps 6658.9 | ups 3.13 | wpb 2126.6 | bsz 44.6 | num_updates 30968 | lr 0 | gnorm 4.97 | clip 45.5 | train_wall 1568 | wall 9846
2022-03-25 10:26:23 | INFO | fairseq_cli.train | done training in 9843.5 seconds
